2024-03-18 20:41:37,562 [INFO] Activator:176 - 


2024-03-18 20:41:37,567 [INFO] Activator:177 - !SESSION log4j initialized
2024-03-18 20:41:44,126 [INFO] LogOutputStream:77 - [STDOUT_REDIRECT] 
2024-03-18 20:41:54,264 [INFO] ApplicationProperties:184 - Using Application install path: C:\ST\STM32CubeIDE_1.7.0\STM32CubeIDE\plugins\com.st.stm32cube.common.mx_6.10.0.202311202037
2024-03-18 20:41:54,301 [INFO] DbMcusXml:78 - Set database path to: C:\ST\STM32CubeIDE_1.7.0\STM32CubeIDE\plugins\com.st.stm32cube.common.mx_6.10.0.202311202037\\db\/mcu/
2024-03-18 20:41:54,302 [INFO] ApiDb:274 - Set plugin database path to: C:\ST\STM32CubeIDE_1.7.0\STM32CubeIDE\plugins\com.st.stm32cube.common.mx_6.10.0.202311202037\\db\/plugins/boardmanager/
2024-03-18 20:41:54,303 [WARN] ApiDb:259 - Overriding images path with different value:  => C:\ST\STM32CubeIDE_1.7.0\STM32CubeIDE\plugins\com.st.stm32cube.common.mx_6.10.0.202311202037\\db\/plugins/mcufinder/images/
2024-03-18 20:41:54,334 [INFO] ApiDb:250 - Set database path to: C:\Users\porsc\.stmcufinder\plugins\mcufinder//mcu/
2024-03-18 20:41:54,336 [INFO] DbMcusAds:125 - Set database path to: C:\Users\porsc\.stmcufinder\plugins\mcufinder//mcu/
2024-03-18 20:41:54,341 [INFO] CrossReferenceDbSqlite:203 - Set database path to: C:\Users\porsc\.stmcufinder\plugins\mcufinder//mcu/cs/
2024-03-18 20:41:54,618 [INFO] RulesReader:64 - Compatibility file has been processed (297 Rules)
2024-03-18 20:41:54,992 [INFO] DbMcusXml:78 - Set database path to: C:\ST\STM32CubeIDE_1.7.0\STM32CubeIDE\plugins\com.st.stm32cube.common.mx_6.10.0.202311202037\\db\/mcu/
2024-03-18 20:41:54,993 [INFO] ApiDb:274 - Set plugin database path to: C:\ST\STM32CubeIDE_1.7.0\STM32CubeIDE\plugins\com.st.stm32cube.common.mx_6.10.0.202311202037\\db\/plugins/boardmanager/
2024-03-18 20:41:54,993 [INFO] ApiDb:261 - Set plugin images path to: C:\ST\STM32CubeIDE_1.7.0\STM32CubeIDE\plugins\com.st.stm32cube.common.mx_6.10.0.202311202037\\db\/plugins/mcufinder/images/
2024-03-18 20:41:54,994 [WARN] DbFile:41 - Overriding database path with different value: C:\Users\porsc\.stmcufinder\plugins\mcufinder/ => C:\Users\porsc\.stmcufinder\plugins\mcufinder
2024-03-18 20:41:54,994 [INFO] ApiDb:250 - Set database path to: C:\Users\porsc\.stmcufinder\plugins\mcufinder//mcu/
2024-03-18 20:41:54,995 [WARN] DbFile:41 - Overriding database path with different value: C:\Users\porsc\.stmcufinder\plugins\mcufinder/ => C:\Users\porsc\.stmcufinder\plugins\mcufinder
2024-03-18 20:41:54,995 [INFO] DbMcusAds:125 - Set database path to: C:\Users\porsc\.stmcufinder\plugins\mcufinder//mcu/
2024-03-18 20:41:54,995 [WARN] DbFile:41 - Overriding database path with different value: C:\Users\porsc\.stmcufinder\plugins\mcufinder/ => C:\Users\porsc\.stmcufinder\plugins\mcufinder
2024-03-18 20:41:54,995 [WARN] DbFile:41 - Overriding database path with different value: C:\Users\porsc\.stmcufinder\plugins\mcufinder/ => C:\Users\porsc\.stmcufinder\plugins\mcufinder
2024-03-18 20:41:55,003 [INFO] CrossReferenceDbSqlite:203 - Set database path to: C:\Users\porsc\.stmcufinder\plugins\mcufinder//mcu/cs/
2024-03-18 20:41:55,213 [INFO] MainPanel:264 - HeapMemory: 268435456
2024-03-18 20:41:55,457 [INFO] DbMcusXml:78 - Set database path to: C:\ST\STM32CubeIDE_1.7.0\STM32CubeIDE\plugins\com.st.stm32cube.common.mx_6.10.0.202311202037\\db\/mcu/
2024-03-18 20:41:55,458 [INFO] ApiDb:274 - Set plugin database path to: C:\ST\STM32CubeIDE_1.7.0\STM32CubeIDE\plugins\com.st.stm32cube.common.mx_6.10.0.202311202037\\db\/plugins/boardmanager/
2024-03-18 20:41:55,459 [INFO] ApiDb:261 - Set plugin images path to: C:\ST\STM32CubeIDE_1.7.0\STM32CubeIDE\plugins\com.st.stm32cube.common.mx_6.10.0.202311202037\\db\/plugins/mcufinder/images/
2024-03-18 20:41:55,460 [WARN] DbFile:41 - Overriding database path with different value: C:\Users\porsc\.stmcufinder\plugins\mcufinder/ => C:\Users\porsc\.stmcufinder\plugins\mcufinder
2024-03-18 20:41:55,460 [INFO] ApiDb:250 - Set database path to: C:\Users\porsc\.stmcufinder\plugins\mcufinder//mcu/
2024-03-18 20:41:55,460 [WARN] DbFile:41 - Overriding database path with different value: C:\Users\porsc\.stmcufinder\plugins\mcufinder/ => C:\Users\porsc\.stmcufinder\plugins\mcufinder
2024-03-18 20:41:55,461 [INFO] DbMcusAds:125 - Set database path to: C:\Users\porsc\.stmcufinder\plugins\mcufinder//mcu/
2024-03-18 20:41:55,461 [WARN] DbFile:41 - Overriding database path with different value: C:\Users\porsc\.stmcufinder\plugins\mcufinder/ => C:\Users\porsc\.stmcufinder\plugins\mcufinder
2024-03-18 20:41:55,461 [WARN] DbFile:41 - Overriding database path with different value: C:\Users\porsc\.stmcufinder\plugins\mcufinder/ => C:\Users\porsc\.stmcufinder\plugins\mcufinder
2024-03-18 20:41:55,461 [INFO] CrossReferenceDbSqlite:203 - Set database path to: C:\Users\porsc\.stmcufinder\plugins\mcufinder//mcu/cs/
2024-03-18 20:41:55,510 [INFO] ApplicationProperties:184 - Using Application install path: C:\ST\STM32CubeIDE_1.7.0\STM32CubeIDE\plugins\com.st.stm32cube.common.mx_6.10.0.202311202037
2024-03-18 20:41:55,515 [INFO] PluginManage:196 - Search for loadable plugins [exclusion list=, ]
2024-03-18 20:41:55,519 [INFO] PluginManage:310 - Check plugin analytics
2024-03-18 20:42:00,915 [INFO] AnalyticsPlugin:253 - Accepted Software Licenses: STM32CubeMX.6.10.0
2024-03-18 20:42:00,918 [INFO] AnalyticsPlugin:255 - Accepted CMSIS Pack Licenses: 
2024-03-18 20:42:00,919 [INFO] AnalyticsPlugin:257 - Accepted Firmware Licenses: FW.F4.1.28.0
2024-03-18 20:42:00,925 [INFO] PluginManage:359 - Loaded plugin analytics (category:tool,tabindex:-1)
2024-03-18 20:42:00,925 [INFO] PluginManage:310 - Check plugin cadmodel
2024-03-18 20:42:00,948 [INFO] CADModel:105 - Init CAD model plugin
2024-03-18 20:42:00,949 [INFO] PluginManage:359 - Loaded plugin cadmodel (category:power,tabindex:5)
2024-03-18 20:42:00,950 [INFO] PluginManage:310 - Check plugin clock
2024-03-18 20:42:00,985 [INFO] PluginManage:359 - Loaded plugin clock (category:base,tabindex:2)
2024-03-18 20:42:00,986 [INFO] PluginManage:310 - Check plugin ddr
2024-03-18 20:42:00,992 [INFO] PluginManage:359 - Loaded plugin ddr (category:tool,tabindex:6)
2024-03-18 20:42:00,993 [INFO] PluginManage:310 - Check plugin filemanager
2024-03-18 20:42:01,361 [INFO] PluginManage:359 - Loaded plugin filemanager (category:base,tabindex:10)
2024-03-18 20:42:01,362 [INFO] PluginManage:310 - Check plugin ipmanager
2024-03-18 20:42:01,386 [INFO] PluginManage:359 - Loaded plugin ipmanager (category:base,tabindex:5)
2024-03-18 20:42:01,387 [INFO] PluginManage:310 - Check plugin lpbam
2024-03-18 20:42:01,439 [INFO] PluginManage:359 - Loaded plugin lpbam (category:base,tabindex:0)
2024-03-18 20:42:01,439 [INFO] PluginManage:310 - Check plugin memorymap
2024-03-18 20:42:01,528 [INFO] PluginManage:359 - Loaded plugin memorymap (category:base,tabindex:4)
2024-03-18 20:42:01,528 [INFO] PluginManage:310 - Check plugin pinoutandconfiguration
2024-03-18 20:42:01,565 [INFO] PluginManage:359 - Loaded plugin pinoutandconfiguration (category:base,tabindex:1)
2024-03-18 20:42:01,569 [INFO] PluginManage:310 - Check plugin pinoutconfig
2024-03-18 20:42:01,826 [WARN] SupportedApi:132 - Cannot load RTOS API schema: s4s-elt-must-match.1: The content of 'definitions' must match (annotation?, (simpleType | complexType)?, (unique | key | keyref)*)). A problem was found starting at: attribute.
2024-03-18 20:42:02,174 [INFO] PluginManage:359 - Loaded plugin pinoutconfig (category:base,tabindex:0)
2024-03-18 20:42:02,174 [INFO] PluginManage:310 - Check plugin power
2024-03-18 20:42:02,216 [INFO] PluginManage:359 - Loaded plugin power (category:power,tabindex:4)
2024-03-18 20:42:02,217 [INFO] PluginManage:310 - Check plugin projectmanager
2024-03-18 20:42:02,256 [INFO] PluginManage:359 - Loaded plugin projectmanager (category:projectmanager,tabindex:3)
2024-03-18 20:42:02,257 [INFO] PluginManage:310 - Check plugin thirdparty
2024-03-18 20:42:02,919 [INFO] PluginManage:359 - Loaded plugin thirdparty (category:base,tabindex:-1)
2024-03-18 20:42:02,920 [INFO] PluginManage:310 - Check plugin tools
2024-03-18 20:42:02,919 [WARN] IntegrityCheckThread:84 - waiting for thirdparty lock release [integrity check]
2024-03-18 20:42:02,921 [INFO] IntegrityCheckThread:86 - entering critical section [integrity check]
2024-03-18 20:42:02,922 [INFO] ThirdPartyUpdaterWithRetryManager:70 - Updater plugin not ready yet. [1/15]
2024-03-18 20:42:02,997 [INFO] PluginManage:359 - Loaded plugin tools (category:base,tabindex:7)
2024-03-18 20:42:02,998 [INFO] PluginManage:310 - Check plugin tutovideos
2024-03-18 20:42:03,517 [INFO] PluginManage:359 - Loaded plugin tutovideos (category:base,tabindex:-1)
2024-03-18 20:42:03,518 [INFO] PluginManage:310 - Check plugin updater
2024-03-18 20:42:03,543 [INFO] PluginManage:359 - Loaded plugin updater (category:base,tabindex:12)
2024-03-18 20:42:03,543 [INFO] PluginManage:310 - Check plugin userauth
2024-03-18 20:42:03,553 [INFO] UserAuth:114 - Init User Auth plugin
2024-03-18 20:42:03,554 [INFO] PluginManage:359 - Loaded plugin userauth (category:base,tabindex:14)
2024-03-18 20:42:03,555 [INFO] PluginManage:283 - PluginManage : Loaded plugins [17]
2024-03-18 20:42:04,152 [INFO] PinOutPanel:1499 - setPackage(No Configuration,No Configuration)
2024-03-18 20:42:04,369 [INFO] CADModel:165 - CPN selected for project level
2024-03-18 20:42:04,369 [INFO] CADModel:114 - Register for checkConnection events
2024-03-18 20:42:04,432 [INFO] IPUIPlugin:80 - create IPUIPlugin
2024-03-18 20:42:04,433 [INFO] PluginManager:220 - loadIPPluginJar : add adc
2024-03-18 20:42:04,530 [INFO] IPUIPlugin:80 - create IPUIPlugin
2024-03-18 20:42:04,530 [INFO] PluginManager:220 - loadIPPluginJar : add aes
2024-03-18 20:42:04,645 [INFO] IPUIPlugin:80 - create IPUIPlugin
2024-03-18 20:42:04,645 [INFO] PluginManager:220 - loadIPPluginJar : add can
2024-03-18 20:42:04,704 [INFO] IPUIPlugin:80 - create IPUIPlugin
2024-03-18 20:42:04,705 [INFO] PluginManager:220 - loadIPPluginJar : add comp
2024-03-18 20:42:04,805 [INFO] IPUIPlugin:80 - create IPUIPlugin
2024-03-18 20:42:04,805 [INFO] PluginManager:220 - loadIPPluginJar : add cryp
2024-03-18 20:42:04,890 [INFO] IPUIPlugin:80 - create IPUIPlugin
2024-03-18 20:42:04,890 [INFO] PluginManager:220 - loadIPPluginJar : add dfsdm
2024-03-18 20:42:04,927 [INFO] IPUIPlugin:80 - create IPUIPlugin
2024-03-18 20:42:04,928 [INFO] PluginManager:220 - loadIPPluginJar : add dma
2024-03-18 20:42:05,046 [INFO] IPUIPlugin:80 - create IPUIPlugin
2024-03-18 20:42:05,046 [INFO] PluginManager:220 - loadIPPluginJar : add dma3
2024-03-18 20:42:05,097 [INFO] IPUIPlugin:80 - create IPUIPlugin
2024-03-18 20:42:05,097 [INFO] PluginManager:220 - loadIPPluginJar : add fatfs
2024-03-18 20:42:05,222 [INFO] IPUIPlugin:80 - create IPUIPlugin
2024-03-18 20:42:05,223 [INFO] PluginManager:220 - loadIPPluginJar : add fmc
2024-03-18 20:42:05,248 [INFO] IPUIPlugin:80 - create IPUIPlugin
2024-03-18 20:42:05,248 [INFO] PluginManager:220 - loadIPPluginJar : add freertos
2024-03-18 20:42:05,298 [INFO] IPUIPlugin:80 - create IPUIPlugin
2024-03-18 20:42:05,298 [INFO] PluginManager:220 - loadIPPluginJar : add genericplugin
2024-03-18 20:42:05,497 [INFO] IPUIPlugin:80 - create IPUIPlugin
2024-03-18 20:42:05,498 [INFO] PluginManager:220 - loadIPPluginJar : add gfxmmu
2024-03-18 20:42:05,773 [INFO] IPUIPlugin:80 - create IPUIPlugin
2024-03-18 20:42:05,774 [INFO] PluginManager:220 - loadIPPluginJar : add gic
2024-03-18 20:42:05,798 [INFO] IPUIPlugin:80 - create IPUIPlugin
2024-03-18 20:42:05,799 [INFO] PluginManager:220 - loadIPPluginJar : add gpio
2024-03-18 20:42:05,924 [INFO] ThirdPartyUpdaterWithRetryManager:70 - Updater plugin not ready yet. [2/15]
2024-03-18 20:42:06,020 [INFO] IPUIPlugin:80 - create IPUIPlugin
2024-03-18 20:42:06,021 [INFO] PluginManager:220 - loadIPPluginJar : add gtzc
2024-03-18 20:42:06,117 [INFO] IPUIPlugin:80 - create IPUIPlugin
2024-03-18 20:42:06,118 [INFO] PluginManager:220 - loadIPPluginJar : add hash
2024-03-18 20:42:06,259 [INFO] IPUIPlugin:80 - create IPUIPlugin
2024-03-18 20:42:06,259 [INFO] PluginManager:220 - loadIPPluginJar : add i2c
2024-03-18 20:42:06,364 [INFO] IPUIPlugin:80 - create IPUIPlugin
2024-03-18 20:42:06,364 [INFO] PluginManager:220 - loadIPPluginJar : add i2s
2024-03-18 20:42:06,470 [INFO] IPUIPlugin:80 - create IPUIPlugin
2024-03-18 20:42:06,470 [INFO] PluginManager:220 - loadIPPluginJar : add i3c
2024-03-18 20:42:06,731 [INFO] IPUIPlugin:80 - create IPUIPlugin
2024-03-18 20:42:06,732 [INFO] PluginManager:220 - loadIPPluginJar : add ipddr
2024-03-18 20:42:06,934 [INFO] IPUIPlugin:80 - create IPUIPlugin
2024-03-18 20:42:06,934 [INFO] PluginManager:220 - loadIPPluginJar : add linkedlist
2024-03-18 20:42:07,045 [INFO] IPUIPlugin:80 - create IPUIPlugin
2024-03-18 20:42:07,045 [INFO] PluginManager:220 - loadIPPluginJar : add lorawan
2024-03-18 20:42:07,153 [INFO] IPUIPlugin:80 - create IPUIPlugin
2024-03-18 20:42:07,154 [INFO] PluginManager:220 - loadIPPluginJar : add ltdc
2024-03-18 20:42:07,190 [INFO] IPUIPlugin:80 - create IPUIPlugin
2024-03-18 20:42:07,191 [INFO] PluginManager:220 - loadIPPluginJar : add mdma
2024-03-18 20:42:07,222 [INFO] IPUIPlugin:80 - create IPUIPlugin
2024-03-18 20:42:07,223 [INFO] PluginManager:220 - loadIPPluginJar : add nvic
2024-03-18 20:42:07,307 [INFO] IPUIPlugin:80 - create IPUIPlugin
2024-03-18 20:42:07,307 [INFO] PluginManager:220 - loadIPPluginJar : add opamp
2024-03-18 20:42:07,458 [INFO] IPUIPlugin:80 - create IPUIPlugin
2024-03-18 20:42:07,458 [INFO] PluginManager:220 - loadIPPluginJar : add openamp
2024-03-18 20:42:07,541 [INFO] IPUIPlugin:80 - create IPUIPlugin
2024-03-18 20:42:07,542 [INFO] PluginManager:220 - loadIPPluginJar : add pdm2pcm
2024-03-18 20:42:07,574 [INFO] IPUIPlugin:80 - create IPUIPlugin
2024-03-18 20:42:07,580 [INFO] PluginManager:220 - loadIPPluginJar : add plateformsettings
2024-03-18 20:42:07,637 [INFO] IPUIPlugin:80 - create IPUIPlugin
2024-03-18 20:42:07,638 [INFO] PluginManager:220 - loadIPPluginJar : add quadspi
2024-03-18 20:42:07,664 [INFO] IPUIPlugin:80 - create IPUIPlugin
2024-03-18 20:42:07,664 [INFO] PluginManager:220 - loadIPPluginJar : add resmgrutility
2024-03-18 20:42:07,792 [INFO] IPUIPlugin:80 - create IPUIPlugin
2024-03-18 20:42:07,792 [INFO] PluginManager:220 - loadIPPluginJar : add sai
2024-03-18 20:42:07,887 [INFO] IPUIPlugin:80 - create IPUIPlugin
2024-03-18 20:42:07,888 [INFO] PluginManager:220 - loadIPPluginJar : add spi
2024-03-18 20:42:08,105 [INFO] IPUIPlugin:80 - create IPUIPlugin
2024-03-18 20:42:08,106 [INFO] PluginManager:220 - loadIPPluginJar : add stm32_wpan
2024-03-18 20:42:08,157 [INFO] IPUIPlugin:80 - create IPUIPlugin
2024-03-18 20:42:08,157 [INFO] PluginManager:220 - loadIPPluginJar : add tim
2024-03-18 20:42:08,286 [INFO] IPUIPlugin:80 - create IPUIPlugin
2024-03-18 20:42:08,286 [INFO] PluginManager:220 - loadIPPluginJar : add touchsensing
2024-03-18 20:42:08,352 [INFO] IPUIPlugin:80 - create IPUIPlugin
2024-03-18 20:42:08,353 [INFO] PluginManager:220 - loadIPPluginJar : add tracer_emb
2024-03-18 20:42:08,415 [INFO] IPUIPlugin:80 - create IPUIPlugin
2024-03-18 20:42:08,416 [INFO] PluginManager:220 - loadIPPluginJar : add ts
2024-03-18 20:42:08,475 [INFO] IPUIPlugin:80 - create IPUIPlugin
2024-03-18 20:42:08,476 [INFO] PluginManager:220 - loadIPPluginJar : add tsc
2024-03-18 20:42:08,537 [INFO] IPUIPlugin:80 - create IPUIPlugin
2024-03-18 20:42:08,537 [INFO] PluginManager:220 - loadIPPluginJar : add ucpd
2024-03-18 20:42:08,644 [INFO] IPUIPlugin:80 - create IPUIPlugin
2024-03-18 20:42:08,644 [INFO] PluginManager:220 - loadIPPluginJar : add usart
2024-03-18 20:42:08,769 [INFO] IPUIPlugin:80 - create IPUIPlugin
2024-03-18 20:42:08,769 [INFO] PluginManager:220 - loadIPPluginJar : add usbx
2024-03-18 20:42:08,926 [INFO] ThirdPartyUpdaterWithRetryManager:70 - Updater plugin not ready yet. [3/15]
2024-03-18 20:42:09,020 [INFO] CADModel:165 - CPN selected for project level
2024-03-18 20:42:09,020 [INFO] CADModel:114 - Register for checkConnection events
2024-03-18 20:42:09,021 [FATAL] Updater:308 - Updater called before beeing initialized
2024-03-18 20:42:09,021 [ERROR] CADModel:125 - Updater not yet initialized, retry later 
2024-03-18 20:42:09,482 [INFO] CADModel:165 - CPN selected for project level
2024-03-18 20:42:09,482 [INFO] CADModel:114 - Register for checkConnection events
2024-03-18 20:42:09,483 [FATAL] Updater:308 - Updater called before beeing initialized
2024-03-18 20:42:09,483 [ERROR] CADModel:125 - Updater not yet initialized, retry later 
2024-03-18 20:42:09,492 [FATAL] Updater:308 - Updater called before beeing initialized
2024-03-18 20:42:09,791 [FATAL] Updater:308 - Updater called before beeing initialized
2024-03-18 20:42:09,808 [INFO] DbMcusAds:53 - JSON generation date=Wed Nov 29 05:52:27 EST 2023 (1701255147349)
2024-03-18 20:42:09,808 [FATAL] Updater:308 - Updater called before beeing initialized
2024-03-18 20:42:10,015 [WARN] DetailPanel:346 - Failed to get advertising image, set to default
2024-03-18 20:42:10,266 [FATAL] Updater:308 - Updater called before beeing initialized
2024-03-18 20:42:10,270 [FATAL] Updater:308 - Updater called before beeing initialized
2024-03-18 20:42:10,270 [FATAL] Updater:308 - Updater called before beeing initialized
2024-03-18 20:42:10,270 [WARN] DetailPanel:346 - Failed to get advertising image, set to default
2024-03-18 20:42:10,271 [FATAL] Updater:308 - Updater called before beeing initialized
2024-03-18 20:42:10,423 [ERROR] Updater:1120 - MainUpdater not yet initialized. External WinMGr cannot be set.
2024-03-18 20:42:10,451 [INFO] Updater:1056 - Updater Version found : 6.10.0
2024-03-18 20:42:10,500 [INFO] ApplicationProperties:184 - Using Application install path: C:\ST\STM32CubeIDE_1.7.0\STM32CubeIDE\plugins\com.st.stm32cube.common.mx_6.10.0.202311202037
2024-03-18 20:42:11,174 [INFO] MainUpdater:2873 - connection check result : 10
2024-03-18 20:42:11,175 [INFO] MainUpdater:3567 - Updater definition file requires update
2024-03-18 20:42:11,179 [INFO] MainUpdater:290 - Updater Check For Update Now.
2024-03-18 20:42:11,180 [INFO] MicroXplorer:498 - Change Database Version : DB.6.0.100
2024-03-18 20:42:11,218 [INFO] McuFinderGlobals:63 - Set McuFinder mode to 2 (CubeIDE integrated)
2024-03-18 20:42:11,219 [INFO] UserAuth:180 - activating auth plugin
2024-03-18 20:42:11,227 [INFO] UserAuth:404 - Internet connection configuration mode: 1
2024-03-18 20:42:11,239 [INFO] ServerAccessManage:473 - Download File updaters.zip
2024-03-18 20:42:11,301 [INFO] JxBrowserEngine:152 - Initiate JxBrowser Engine with user profile folder
2024-03-18 20:42:11,395 [INFO] FileExtend:240 - Unzip File : updaters.zip
2024-03-18 20:42:11,396 [INFO] FileExtend:255 - Standard Zip Deflate
2024-03-18 20:42:11,929 [WARN] MainUpdater:1194 - Updater busy. Cannot search thirdparties
2024-03-18 20:42:11,930 [INFO] ThirdPartyUpdaterWithRetryManager:96 - Updater plugin is busy. [1/15]
2024-03-18 20:42:12,379 [INFO] ServerAccessManage:473 - Download File PacksControlFlags.xml
2024-03-18 20:42:12,705 [INFO] ServerAccessManage:473 - Download File cubemx.pidx
2024-03-18 20:42:13,057 [INFO] LoadServerUpdatesThread:375 - End of LoadServerUpdate Thread
2024-03-18 20:42:13,504 [INFO] CheckServerUpdateThread:120 - End of CheckServer Thread
2024-03-18 20:42:13,569 [ERROR] LogOutputStream:75 - [STDERR_REDIRECT] 
