2024-03-13 13:36:00,519 [INFO] Activator:176 - 


2024-03-13 13:36:00,535 [INFO] Activator:177 - !SESSION log4j initialized
2024-03-13 13:36:15,996 [INFO] LogOutputStream:77 - [STDOUT_REDIRECT] 
2024-03-13 13:36:26,844 [INFO] ApplicationProperties:184 - Using Application install path: C:\ST\STM32CubeIDE_1.7.0\STM32CubeIDE\plugins\com.st.stm32cube.common.mx_6.10.0.202311202037
2024-03-13 13:36:26,884 [INFO] DbMcusXml:78 - Set database path to: C:\ST\STM32CubeIDE_1.7.0\STM32CubeIDE\plugins\com.st.stm32cube.common.mx_6.10.0.202311202037\\db\/mcu/
2024-03-13 13:36:26,885 [INFO] ApiDb:274 - Set plugin database path to: C:\ST\STM32CubeIDE_1.7.0\STM32CubeIDE\plugins\com.st.stm32cube.common.mx_6.10.0.202311202037\\db\/plugins/boardmanager/
2024-03-13 13:36:26,886 [WARN] ApiDb:259 - Overriding images path with different value:  => C:\ST\STM32CubeIDE_1.7.0\STM32CubeIDE\plugins\com.st.stm32cube.common.mx_6.10.0.202311202037\\db\/plugins/mcufinder/images/
2024-03-13 13:36:26,921 [INFO] ApiDb:250 - Set database path to: C:\Users\porsc\.stmcufinder\plugins\mcufinder//mcu/
2024-03-13 13:36:26,924 [INFO] DbMcusAds:125 - Set database path to: C:\Users\porsc\.stmcufinder\plugins\mcufinder//mcu/
2024-03-13 13:36:26,942 [INFO] CrossReferenceDbSqlite:203 - Set database path to: C:\Users\porsc\.stmcufinder\plugins\mcufinder//mcu/cs/
2024-03-13 13:36:27,216 [INFO] RulesReader:64 - Compatibility file has been processed (297 Rules)
2024-03-13 13:36:27,439 [INFO] DbMcusXml:78 - Set database path to: C:\ST\STM32CubeIDE_1.7.0\STM32CubeIDE\plugins\com.st.stm32cube.common.mx_6.10.0.202311202037\\db\/mcu/
2024-03-13 13:36:27,439 [INFO] ApiDb:274 - Set plugin database path to: C:\ST\STM32CubeIDE_1.7.0\STM32CubeIDE\plugins\com.st.stm32cube.common.mx_6.10.0.202311202037\\db\/plugins/boardmanager/
2024-03-13 13:36:27,439 [INFO] ApiDb:261 - Set plugin images path to: C:\ST\STM32CubeIDE_1.7.0\STM32CubeIDE\plugins\com.st.stm32cube.common.mx_6.10.0.202311202037\\db\/plugins/mcufinder/images/
2024-03-13 13:36:27,440 [WARN] DbFile:41 - Overriding database path with different value: C:\Users\porsc\.stmcufinder\plugins\mcufinder/ => C:\Users\porsc\.stmcufinder\plugins\mcufinder
2024-03-13 13:36:27,440 [INFO] ApiDb:250 - Set database path to: C:\Users\porsc\.stmcufinder\plugins\mcufinder//mcu/
2024-03-13 13:36:27,441 [WARN] DbFile:41 - Overriding database path with different value: C:\Users\porsc\.stmcufinder\plugins\mcufinder/ => C:\Users\porsc\.stmcufinder\plugins\mcufinder
2024-03-13 13:36:27,441 [INFO] DbMcusAds:125 - Set database path to: C:\Users\porsc\.stmcufinder\plugins\mcufinder//mcu/
2024-03-13 13:36:27,441 [WARN] DbFile:41 - Overriding database path with different value: C:\Users\porsc\.stmcufinder\plugins\mcufinder/ => C:\Users\porsc\.stmcufinder\plugins\mcufinder
2024-03-13 13:36:27,441 [WARN] DbFile:41 - Overriding database path with different value: C:\Users\porsc\.stmcufinder\plugins\mcufinder/ => C:\Users\porsc\.stmcufinder\plugins\mcufinder
2024-03-13 13:36:27,442 [INFO] CrossReferenceDbSqlite:203 - Set database path to: C:\Users\porsc\.stmcufinder\plugins\mcufinder//mcu/cs/
2024-03-13 13:36:27,633 [INFO] MainPanel:264 - HeapMemory: 268435456
2024-03-13 13:36:27,849 [INFO] DbMcusXml:78 - Set database path to: C:\ST\STM32CubeIDE_1.7.0\STM32CubeIDE\plugins\com.st.stm32cube.common.mx_6.10.0.202311202037\\db\/mcu/
2024-03-13 13:36:27,850 [INFO] ApiDb:274 - Set plugin database path to: C:\ST\STM32CubeIDE_1.7.0\STM32CubeIDE\plugins\com.st.stm32cube.common.mx_6.10.0.202311202037\\db\/plugins/boardmanager/
2024-03-13 13:36:27,850 [INFO] ApiDb:261 - Set plugin images path to: C:\ST\STM32CubeIDE_1.7.0\STM32CubeIDE\plugins\com.st.stm32cube.common.mx_6.10.0.202311202037\\db\/plugins/mcufinder/images/
2024-03-13 13:36:27,851 [WARN] DbFile:41 - Overriding database path with different value: C:\Users\porsc\.stmcufinder\plugins\mcufinder/ => C:\Users\porsc\.stmcufinder\plugins\mcufinder
2024-03-13 13:36:27,851 [INFO] ApiDb:250 - Set database path to: C:\Users\porsc\.stmcufinder\plugins\mcufinder//mcu/
2024-03-13 13:36:27,851 [WARN] DbFile:41 - Overriding database path with different value: C:\Users\porsc\.stmcufinder\plugins\mcufinder/ => C:\Users\porsc\.stmcufinder\plugins\mcufinder
2024-03-13 13:36:27,852 [INFO] DbMcusAds:125 - Set database path to: C:\Users\porsc\.stmcufinder\plugins\mcufinder//mcu/
2024-03-13 13:36:27,852 [WARN] DbFile:41 - Overriding database path with different value: C:\Users\porsc\.stmcufinder\plugins\mcufinder/ => C:\Users\porsc\.stmcufinder\plugins\mcufinder
2024-03-13 13:36:27,852 [WARN] DbFile:41 - Overriding database path with different value: C:\Users\porsc\.stmcufinder\plugins\mcufinder/ => C:\Users\porsc\.stmcufinder\plugins\mcufinder
2024-03-13 13:36:27,852 [INFO] CrossReferenceDbSqlite:203 - Set database path to: C:\Users\porsc\.stmcufinder\plugins\mcufinder//mcu/cs/
2024-03-13 13:36:27,901 [INFO] ApplicationProperties:184 - Using Application install path: C:\ST\STM32CubeIDE_1.7.0\STM32CubeIDE\plugins\com.st.stm32cube.common.mx_6.10.0.202311202037
2024-03-13 13:36:27,904 [INFO] PluginManage:196 - Search for loadable plugins [exclusion list=, ]
2024-03-13 13:36:27,908 [INFO] PluginManage:310 - Check plugin analytics
2024-03-13 13:36:33,430 [INFO] AnalyticsPlugin:253 - Accepted Software Licenses: STM32CubeMX.6.10.0
2024-03-13 13:36:33,431 [INFO] AnalyticsPlugin:255 - Accepted CMSIS Pack Licenses: 
2024-03-13 13:36:33,432 [INFO] AnalyticsPlugin:257 - Accepted Firmware Licenses: FW.F4.1.28.0
2024-03-13 13:36:33,438 [INFO] PluginManage:359 - Loaded plugin analytics (category:tool,tabindex:-1)
2024-03-13 13:36:33,439 [INFO] PluginManage:310 - Check plugin cadmodel
2024-03-13 13:36:33,565 [INFO] CADModel:105 - Init CAD model plugin
2024-03-13 13:36:33,566 [INFO] PluginManage:359 - Loaded plugin cadmodel (category:power,tabindex:5)
2024-03-13 13:36:33,566 [INFO] PluginManage:310 - Check plugin clock
2024-03-13 13:36:33,788 [INFO] PluginManage:359 - Loaded plugin clock (category:base,tabindex:2)
2024-03-13 13:36:33,789 [INFO] PluginManage:310 - Check plugin ddr
2024-03-13 13:36:33,842 [INFO] PluginManage:359 - Loaded plugin ddr (category:tool,tabindex:6)
2024-03-13 13:36:33,842 [INFO] PluginManage:310 - Check plugin filemanager
2024-03-13 13:36:39,142 [INFO] PluginManage:359 - Loaded plugin filemanager (category:base,tabindex:10)
2024-03-13 13:36:39,142 [INFO] PluginManage:310 - Check plugin ipmanager
2024-03-13 13:36:39,443 [INFO] PluginManage:359 - Loaded plugin ipmanager (category:base,tabindex:5)
2024-03-13 13:36:39,443 [INFO] PluginManage:310 - Check plugin lpbam
2024-03-13 13:36:39,664 [INFO] PluginManage:359 - Loaded plugin lpbam (category:base,tabindex:0)
2024-03-13 13:36:39,664 [INFO] PluginManage:310 - Check plugin memorymap
2024-03-13 13:36:39,722 [INFO] PluginManage:359 - Loaded plugin memorymap (category:base,tabindex:4)
2024-03-13 13:36:39,722 [INFO] PluginManage:310 - Check plugin pinoutandconfiguration
2024-03-13 13:36:39,771 [INFO] PluginManage:359 - Loaded plugin pinoutandconfiguration (category:base,tabindex:1)
2024-03-13 13:36:39,772 [INFO] PluginManage:310 - Check plugin pinoutconfig
2024-03-13 13:36:40,018 [WARN] SupportedApi:132 - Cannot load RTOS API schema: s4s-elt-must-match.1: The content of 'definitions' must match (annotation?, (simpleType | complexType)?, (unique | key | keyref)*)). A problem was found starting at: attribute.
2024-03-13 13:36:40,389 [INFO] PluginManage:359 - Loaded plugin pinoutconfig (category:base,tabindex:0)
2024-03-13 13:36:40,390 [INFO] PluginManage:310 - Check plugin power
2024-03-13 13:36:40,443 [INFO] PluginManage:359 - Loaded plugin power (category:power,tabindex:4)
2024-03-13 13:36:40,443 [INFO] PluginManage:310 - Check plugin projectmanager
2024-03-13 13:36:40,488 [INFO] PluginManage:359 - Loaded plugin projectmanager (category:projectmanager,tabindex:3)
2024-03-13 13:36:40,488 [INFO] PluginManage:310 - Check plugin thirdparty
2024-03-13 13:36:41,061 [INFO] PluginManage:359 - Loaded plugin thirdparty (category:base,tabindex:-1)
2024-03-13 13:36:41,061 [WARN] IntegrityCheckThread:84 - waiting for thirdparty lock release [integrity check]
2024-03-13 13:36:41,062 [INFO] PluginManage:310 - Check plugin tools
2024-03-13 13:36:41,062 [INFO] IntegrityCheckThread:86 - entering critical section [integrity check]
2024-03-13 13:36:41,063 [INFO] ThirdPartyUpdaterWithRetryManager:70 - Updater plugin not ready yet. [1/15]
2024-03-13 13:36:41,188 [INFO] PluginManage:359 - Loaded plugin tools (category:base,tabindex:7)
2024-03-13 13:36:41,188 [INFO] PluginManage:310 - Check plugin tutovideos
2024-03-13 13:36:41,663 [INFO] PluginManage:359 - Loaded plugin tutovideos (category:base,tabindex:-1)
2024-03-13 13:36:41,664 [INFO] PluginManage:310 - Check plugin updater
2024-03-13 13:36:41,685 [INFO] PluginManage:359 - Loaded plugin updater (category:base,tabindex:12)
2024-03-13 13:36:41,686 [INFO] PluginManage:310 - Check plugin userauth
2024-03-13 13:36:41,697 [INFO] UserAuth:114 - Init User Auth plugin
2024-03-13 13:36:41,697 [INFO] PluginManage:359 - Loaded plugin userauth (category:base,tabindex:14)
2024-03-13 13:36:41,698 [INFO] PluginManage:283 - PluginManage : Loaded plugins [17]
2024-03-13 13:36:42,236 [INFO] PinOutPanel:1499 - setPackage(No Configuration,No Configuration)
2024-03-13 13:36:42,429 [INFO] CADModel:165 - CPN selected for project level
2024-03-13 13:36:42,429 [INFO] CADModel:114 - Register for checkConnection events
2024-03-13 13:36:42,492 [INFO] IPUIPlugin:80 - create IPUIPlugin
2024-03-13 13:36:42,492 [INFO] PluginManager:220 - loadIPPluginJar : add adc
2024-03-13 13:36:42,559 [INFO] IPUIPlugin:80 - create IPUIPlugin
2024-03-13 13:36:42,559 [INFO] PluginManager:220 - loadIPPluginJar : add aes
2024-03-13 13:36:42,677 [INFO] IPUIPlugin:80 - create IPUIPlugin
2024-03-13 13:36:42,677 [INFO] PluginManager:220 - loadIPPluginJar : add can
2024-03-13 13:36:42,721 [INFO] IPUIPlugin:80 - create IPUIPlugin
2024-03-13 13:36:42,721 [INFO] PluginManager:220 - loadIPPluginJar : add comp
2024-03-13 13:36:42,810 [INFO] IPUIPlugin:80 - create IPUIPlugin
2024-03-13 13:36:42,810 [INFO] PluginManager:220 - loadIPPluginJar : add cryp
2024-03-13 13:36:42,887 [INFO] IPUIPlugin:80 - create IPUIPlugin
2024-03-13 13:36:42,887 [INFO] PluginManager:220 - loadIPPluginJar : add dfsdm
2024-03-13 13:36:42,932 [INFO] IPUIPlugin:80 - create IPUIPlugin
2024-03-13 13:36:42,933 [INFO] PluginManager:220 - loadIPPluginJar : add dma
2024-03-13 13:36:43,027 [INFO] IPUIPlugin:80 - create IPUIPlugin
2024-03-13 13:36:43,027 [INFO] PluginManager:220 - loadIPPluginJar : add dma3
2024-03-13 13:36:43,077 [INFO] IPUIPlugin:80 - create IPUIPlugin
2024-03-13 13:36:43,078 [INFO] PluginManager:220 - loadIPPluginJar : add fatfs
2024-03-13 13:36:43,228 [INFO] IPUIPlugin:80 - create IPUIPlugin
2024-03-13 13:36:43,229 [INFO] PluginManager:220 - loadIPPluginJar : add fmc
2024-03-13 13:36:43,273 [INFO] IPUIPlugin:80 - create IPUIPlugin
2024-03-13 13:36:43,273 [INFO] PluginManager:220 - loadIPPluginJar : add freertos
2024-03-13 13:36:43,339 [INFO] IPUIPlugin:80 - create IPUIPlugin
2024-03-13 13:36:43,339 [INFO] PluginManager:220 - loadIPPluginJar : add genericplugin
2024-03-13 13:36:43,581 [INFO] IPUIPlugin:80 - create IPUIPlugin
2024-03-13 13:36:43,581 [INFO] PluginManager:220 - loadIPPluginJar : add gfxmmu
2024-03-13 13:36:43,913 [INFO] IPUIPlugin:80 - create IPUIPlugin
2024-03-13 13:36:43,914 [INFO] PluginManager:220 - loadIPPluginJar : add gic
2024-03-13 13:36:43,946 [INFO] IPUIPlugin:80 - create IPUIPlugin
2024-03-13 13:36:43,947 [INFO] PluginManager:220 - loadIPPluginJar : add gpio
2024-03-13 13:36:44,064 [INFO] ThirdPartyUpdaterWithRetryManager:70 - Updater plugin not ready yet. [2/15]
2024-03-13 13:36:44,189 [INFO] IPUIPlugin:80 - create IPUIPlugin
2024-03-13 13:36:44,189 [INFO] PluginManager:220 - loadIPPluginJar : add gtzc
2024-03-13 13:36:44,259 [INFO] IPUIPlugin:80 - create IPUIPlugin
2024-03-13 13:36:44,259 [INFO] PluginManager:220 - loadIPPluginJar : add hash
2024-03-13 13:36:44,377 [INFO] IPUIPlugin:80 - create IPUIPlugin
2024-03-13 13:36:44,377 [INFO] PluginManager:220 - loadIPPluginJar : add i2c
2024-03-13 13:36:44,458 [INFO] IPUIPlugin:80 - create IPUIPlugin
2024-03-13 13:36:44,458 [INFO] PluginManager:220 - loadIPPluginJar : add i2s
2024-03-13 13:36:44,533 [INFO] IPUIPlugin:80 - create IPUIPlugin
2024-03-13 13:36:44,533 [INFO] PluginManager:220 - loadIPPluginJar : add i3c
2024-03-13 13:36:44,873 [INFO] IPUIPlugin:80 - create IPUIPlugin
2024-03-13 13:36:44,873 [INFO] PluginManager:220 - loadIPPluginJar : add ipddr
2024-03-13 13:36:45,091 [INFO] IPUIPlugin:80 - create IPUIPlugin
2024-03-13 13:36:45,092 [INFO] PluginManager:220 - loadIPPluginJar : add linkedlist
2024-03-13 13:36:45,169 [INFO] IPUIPlugin:80 - create IPUIPlugin
2024-03-13 13:36:45,169 [INFO] PluginManager:220 - loadIPPluginJar : add lorawan
2024-03-13 13:36:45,255 [INFO] IPUIPlugin:80 - create IPUIPlugin
2024-03-13 13:36:45,255 [INFO] PluginManager:220 - loadIPPluginJar : add ltdc
2024-03-13 13:36:45,286 [INFO] IPUIPlugin:80 - create IPUIPlugin
2024-03-13 13:36:45,286 [INFO] PluginManager:220 - loadIPPluginJar : add mdma
2024-03-13 13:36:45,308 [INFO] IPUIPlugin:80 - create IPUIPlugin
2024-03-13 13:36:45,309 [INFO] PluginManager:220 - loadIPPluginJar : add nvic
2024-03-13 13:36:45,381 [INFO] IPUIPlugin:80 - create IPUIPlugin
2024-03-13 13:36:45,381 [INFO] PluginManager:220 - loadIPPluginJar : add opamp
2024-03-13 13:36:45,520 [INFO] IPUIPlugin:80 - create IPUIPlugin
2024-03-13 13:36:45,520 [INFO] PluginManager:220 - loadIPPluginJar : add openamp
2024-03-13 13:36:45,621 [INFO] IPUIPlugin:80 - create IPUIPlugin
2024-03-13 13:36:45,621 [INFO] PluginManager:220 - loadIPPluginJar : add pdm2pcm
2024-03-13 13:36:45,661 [INFO] IPUIPlugin:80 - create IPUIPlugin
2024-03-13 13:36:45,668 [INFO] PluginManager:220 - loadIPPluginJar : add plateformsettings
2024-03-13 13:36:45,717 [INFO] IPUIPlugin:80 - create IPUIPlugin
2024-03-13 13:36:45,718 [INFO] PluginManager:220 - loadIPPluginJar : add quadspi
2024-03-13 13:36:45,743 [INFO] IPUIPlugin:80 - create IPUIPlugin
2024-03-13 13:36:45,743 [INFO] PluginManager:220 - loadIPPluginJar : add resmgrutility
2024-03-13 13:36:45,843 [INFO] IPUIPlugin:80 - create IPUIPlugin
2024-03-13 13:36:45,843 [INFO] PluginManager:220 - loadIPPluginJar : add sai
2024-03-13 13:36:45,930 [INFO] IPUIPlugin:80 - create IPUIPlugin
2024-03-13 13:36:45,931 [INFO] PluginManager:220 - loadIPPluginJar : add spi
2024-03-13 13:36:46,103 [INFO] IPUIPlugin:80 - create IPUIPlugin
2024-03-13 13:36:46,103 [INFO] PluginManager:220 - loadIPPluginJar : add stm32_wpan
2024-03-13 13:36:46,157 [INFO] IPUIPlugin:80 - create IPUIPlugin
2024-03-13 13:36:46,157 [INFO] PluginManager:220 - loadIPPluginJar : add tim
2024-03-13 13:36:46,281 [INFO] IPUIPlugin:80 - create IPUIPlugin
2024-03-13 13:36:46,282 [INFO] PluginManager:220 - loadIPPluginJar : add touchsensing
2024-03-13 13:36:46,328 [INFO] IPUIPlugin:80 - create IPUIPlugin
2024-03-13 13:36:46,328 [INFO] PluginManager:220 - loadIPPluginJar : add tracer_emb
2024-03-13 13:36:46,368 [INFO] IPUIPlugin:80 - create IPUIPlugin
2024-03-13 13:36:46,368 [INFO] PluginManager:220 - loadIPPluginJar : add ts
2024-03-13 13:36:46,412 [INFO] IPUIPlugin:80 - create IPUIPlugin
2024-03-13 13:36:46,413 [INFO] PluginManager:220 - loadIPPluginJar : add tsc
2024-03-13 13:36:46,463 [INFO] IPUIPlugin:80 - create IPUIPlugin
2024-03-13 13:36:46,463 [INFO] PluginManager:220 - loadIPPluginJar : add ucpd
2024-03-13 13:36:46,577 [INFO] IPUIPlugin:80 - create IPUIPlugin
2024-03-13 13:36:46,577 [INFO] PluginManager:220 - loadIPPluginJar : add usart
2024-03-13 13:36:46,704 [INFO] IPUIPlugin:80 - create IPUIPlugin
2024-03-13 13:36:46,704 [INFO] PluginManager:220 - loadIPPluginJar : add usbx
2024-03-13 13:36:46,938 [INFO] CADModel:165 - CPN selected for project level
2024-03-13 13:36:46,938 [INFO] CADModel:114 - Register for checkConnection events
2024-03-13 13:36:46,939 [FATAL] Updater:308 - Updater called before beeing initialized
2024-03-13 13:36:46,939 [ERROR] CADModel:125 - Updater not yet initialized, retry later 
2024-03-13 13:36:47,065 [INFO] ThirdPartyUpdaterWithRetryManager:70 - Updater plugin not ready yet. [3/15]
2024-03-13 13:36:47,439 [INFO] CADModel:165 - CPN selected for project level
2024-03-13 13:36:47,439 [INFO] CADModel:114 - Register for checkConnection events
2024-03-13 13:36:47,439 [FATAL] Updater:308 - Updater called before beeing initialized
2024-03-13 13:36:47,440 [ERROR] CADModel:125 - Updater not yet initialized, retry later 
2024-03-13 13:36:47,445 [FATAL] Updater:308 - Updater called before beeing initialized
2024-03-13 13:36:47,685 [FATAL] Updater:308 - Updater called before beeing initialized
2024-03-13 13:36:47,702 [INFO] DbMcusAds:53 - JSON generation date=Wed Nov 29 05:52:27 EST 2023 (1701255147349)
2024-03-13 13:36:47,702 [FATAL] Updater:308 - Updater called before beeing initialized
2024-03-13 13:36:47,920 [WARN] DetailPanel:346 - Failed to get advertising image, set to default
2024-03-13 13:36:48,162 [FATAL] Updater:308 - Updater called before beeing initialized
2024-03-13 13:36:48,165 [FATAL] Updater:308 - Updater called before beeing initialized
2024-03-13 13:36:48,165 [FATAL] Updater:308 - Updater called before beeing initialized
2024-03-13 13:36:48,165 [WARN] DetailPanel:346 - Failed to get advertising image, set to default
2024-03-13 13:36:48,166 [FATAL] Updater:308 - Updater called before beeing initialized
2024-03-13 13:36:48,311 [ERROR] Updater:1120 - MainUpdater not yet initialized. External WinMGr cannot be set.
2024-03-13 13:36:48,329 [INFO] Updater:1056 - Updater Version found : 6.10.0
2024-03-13 13:36:48,367 [INFO] ApplicationProperties:184 - Using Application install path: C:\ST\STM32CubeIDE_1.7.0\STM32CubeIDE\plugins\com.st.stm32cube.common.mx_6.10.0.202311202037
2024-03-13 13:36:49,043 [INFO] MainUpdater:2873 - connection check result : 10
2024-03-13 13:36:49,044 [INFO] MainUpdater:3567 - Updater definition file requires update
2024-03-13 13:36:49,046 [INFO] MainUpdater:290 - Updater Check For Update Now.
2024-03-13 13:36:49,046 [INFO] MicroXplorer:498 - Change Database Version : DB.6.0.100
2024-03-13 13:36:49,089 [INFO] McuFinderGlobals:63 - Set McuFinder mode to 2 (CubeIDE integrated)
2024-03-13 13:36:49,090 [INFO] UserAuth:180 - activating auth plugin
2024-03-13 13:36:49,098 [INFO] UserAuth:404 - Internet connection configuration mode: 1
2024-03-13 13:36:49,141 [INFO] ServerAccessManage:473 - Download File updaters.zip
2024-03-13 13:36:49,147 [INFO] JxBrowserEngine:152 - Initiate JxBrowser Engine with user profile folder
2024-03-13 13:36:49,421 [INFO] FileExtend:240 - Unzip File : updaters.zip
2024-03-13 13:36:49,421 [INFO] FileExtend:255 - Standard Zip Deflate
2024-03-13 13:36:50,065 [WARN] MainUpdater:1194 - Updater busy. Cannot search thirdparties
2024-03-13 13:36:50,066 [INFO] ThirdPartyUpdaterWithRetryManager:96 - Updater plugin is busy. [1/15]
2024-03-13 13:36:50,300 [INFO] ServerAccessManage:473 - Download File PacksControlFlags.xml
2024-03-13 13:36:50,451 [INFO] ServerAccessManage:473 - Download File cubemx.pidx
2024-03-13 13:36:50,752 [INFO] LoadServerUpdatesThread:375 - End of LoadServerUpdate Thread
2024-03-13 13:36:51,025 [INFO] CheckServerUpdateThread:120 - End of CheckServer Thread
2024-03-13 13:36:53,738 [WARN] PackLoader:240 - Cannot read IP mode file for STMicroelectronics.X-CUBE-SMBUS.2.1.0
2024-03-13 13:36:53,777 [WARN] PackLoader:240 - Cannot read IP mode file for STMicroelectronics.X-CUBE-TOUCHGFX.4.23.0
2024-03-13 13:36:53,896 [WARN] PackLoader:240 - Cannot read IP mode file for STMicroelectronics.X-CUBE-AZRTOS-H7.1.1.0
2024-03-13 13:36:54,005 [WARN] PackLoader:240 - Cannot read IP mode file for STMicroelectronics.X-CUBE-AZRTOS-F7.1.1.0
2024-03-13 13:36:54,046 [WARN] PackLoader:240 - Cannot read IP mode file for STMicroelectronics.X-CUBE-AI.7.1.0
2024-03-13 13:36:54,080 [WARN] PackLoader:240 - Cannot read IP mode file for STMicroelectronics.FP-SNS-MOTENV1.4.3.2
2024-03-13 13:36:54,109 [ERROR] RealEvaluatedCondition:428 - Found unsupported composite condition: GROUP='STM32_MetaDataManager' CLASS='Data Exchange'
2024-03-13 13:36:54,109 [ERROR] RealEvaluatedCondition:428 - Found unsupported composite condition: CLASS='Data Exchange' GROUP='STM32_MetaDataManager'
2024-03-13 13:36:54,113 [WARN] PackLoader:240 - Cannot read IP mode file for STMicroelectronics.FP-SNS-MOTENV1.4.3.1
2024-03-13 13:36:54,139 [WARN] PackLoader:240 - Cannot read IP mode file for STMicroelectronics.FP-SNS-FLIGHT1.5.0.1
2024-03-13 13:36:54,169 [WARN] PackLoader:240 - Cannot read IP mode file for STMicroelectronics.X-CUBE-BLE1.6.2.3
2024-03-13 13:36:54,196 [WARN] PackLoader:240 - Cannot read IP mode file for STMicroelectronics.X-CUBE-BLE1.6.2.4
2024-03-13 13:36:54,223 [WARN] PackLoader:240 - Cannot read IP mode file for STMicroelectronics.X-CUBE-BLE1.6.2.1
2024-03-13 13:36:54,253 [WARN] PackLoader:240 - Cannot read IP mode file for STMicroelectronics.X-CUBE-BLE2.3.2.1
2024-03-13 13:36:54,282 [WARN] PackLoader:240 - Cannot read IP mode file for STMicroelectronics.FP-SNS-FLIGHT1.5.0.2
2024-03-13 13:36:54,309 [WARN] PackLoader:240 - Cannot read IP mode file for STMicroelectronics.X-CUBE-BLE2.3.2.2
2024-03-13 13:36:54,352 [WARN] PackLoader:240 - Cannot read IP mode file for STMicroelectronics.X-CUBE-DISPLAY.3.0.0
2024-03-13 13:36:54,388 [WARN] PackLoader:240 - Cannot read IP mode file for STMicroelectronics.X-CUBE-BLE1.7.0.0
2024-03-13 13:36:54,446 [WARN] PackLoader:240 - Cannot read IP mode file for STMicroelectronics.X-CUBE-SUBG2.4.2.0
2024-03-13 13:36:54,499 [WARN] PackLoader:240 - Cannot read IP mode file for STMicroelectronics.X-CUBE-BLEMGR.3.1.0
2024-03-13 13:36:54,536 [WARN] PackLoader:240 - Cannot read IP mode file for STMicroelectronics.FP-SNS-SMARTAG2.1.2.0
2024-03-13 13:36:54,575 [INFO] LogOutputStream:77 - [STDOUT_REDIRECT] 1 : Invalid condition id : UX_CORESTACK_Condition cause : null
2024-03-13 13:36:54,576 [INFO] LogOutputStream:77 - [STDOUT_REDIRECT] 1 : Invalid condition id : UX_CORESTACK_Condition cause : null
2024-03-13 13:36:54,578 [INFO] LogOutputStream:77 - [STDOUT_REDIRECT] 1 : Invalid condition id : UX_CORESTACK_Condition cause : null
2024-03-13 13:36:54,581 [INFO] LogOutputStream:77 - [STDOUT_REDIRECT] 1 : Invalid condition id : UX_CORESTACK_Condition cause : null
2024-03-13 13:36:54,583 [INFO] LogOutputStream:77 - [STDOUT_REDIRECT] 1 : Invalid condition id : UX_CORESTACK_Condition cause : null
2024-03-13 13:36:54,590 [WARN] PackLoader:240 - Cannot read IP mode file for STMicroelectronics.X-CUBE-AZRTOS-WL.2.0.0
2024-03-13 13:36:54,625 [WARN] PackLoader:240 - Cannot read IP mode file for STMicroelectronics.X-CUBE-ALGOBUILD.1.2.1
2024-03-13 13:36:54,662 [WARN] PackLoader:240 - Cannot read IP mode file for WES.I-CUBE-Cesium.1.3.0
2024-03-13 13:36:54,686 [WARN] PackLoader:240 - Cannot read IP mode file for STMicroelectronics.X-CUBE-BLE2.3.3.0
2024-03-13 13:36:54,727 [WARN] PackLoader:240 - Cannot read IP mode file for STMicroelectronics.X-CUBE-TOF1.3.2.0
2024-03-13 13:36:54,763 [WARN] PackLoader:240 - Cannot read IP mode file for STMicroelectronics.X-CUBE-TOUCHGFX.4.18.1
2024-03-13 13:36:54,784 [WARN] PackLoader:240 - Cannot read IP mode file for STMicroelectronics.X-CUBE-TOUCHGFX.4.21.1
2024-03-13 13:36:54,805 [WARN] PackLoader:240 - Cannot read IP mode file for STMicroelectronics.X-CUBE-TOUCHGFX.4.21.4
2024-03-13 13:36:54,830 [WARN] PackLoader:240 - Cannot read IP mode file for STMicroelectronics.X-CUBE-ALGOBUILD.1.3.0
2024-03-13 13:36:54,891 [WARN] PackLoader:240 - Cannot read IP mode file for STMicroelectronics.X-CUBE-AZRTOS-G0.1.1.0
2024-03-13 13:36:54,925 [WARN] PackLoader:240 - Cannot read IP mode file for STMicroelectronics.X-CUBE-NFC4.3.0.0
2024-03-13 13:36:55,013 [WARN] PackLoader:240 - Cannot read IP mode file for SEGGER.I-CUBE-embOS.1.2.0
2024-03-13 13:36:55,107 [WARN] PackLoader:240 - Cannot read IP mode file for STMicroelectronics.X-CUBE-TOUCHGFX.4.17.0
2024-03-13 13:36:55,266 [WARN] PackLoader:240 - Cannot read IP mode file for STMicroelectronics.X-CUBE-AZRTOS-H7.2.0.0
2024-03-13 13:36:55,297 [WARN] PackLoader:240 - Cannot read IP mode file for STMicroelectronics.FP-ATR-SIGFOX1.3.2.0
2024-03-13 13:36:55,324 [WARN] PackLoader:240 - Cannot read IP mode file for STMicroelectronics.X-CUBE-EEPRMA1.5.1.0
2024-03-13 13:36:55,357 [WARN] PackLoader:240 - Cannot read IP mode file for emotas.I-CUBE-CANOPEN.1.1.2
2024-03-13 13:36:55,463 [WARN] PackLoader:240 - Cannot read IP mode file for STMicroelectronics.X-CUBE-MEMS1.9.5.0
2024-03-13 13:36:55,765 [WARN] PackLoader:240 - Cannot read IP mode file for SEGGER.I-CUBE-embOS.1.3.1
2024-03-13 13:36:55,901 [WARN] PackLoader:240 - Cannot read IP mode file for STMicroelectronics.X-CUBE-DISPLAY.2.0.1
2024-03-13 13:36:55,946 [WARN] PackLoader:240 - Cannot read IP mode file for STMicroelectronics.X-CUBE-TOF1.3.0.0
2024-03-13 13:36:55,981 [WARN] PackLoader:240 - Cannot read IP mode file for STMicroelectronics.X-CUBE-GNSS1.6.0.0
2024-03-13 13:36:55,986 [INFO] WebApp:161 - Instantiating new browser for Auth
2024-03-13 13:36:56,041 [WARN] PackLoader:240 - Cannot read IP mode file for STMicroelectronics.X-CUBE-AZRTOS-F4.1.1.0
2024-03-13 13:36:56,114 [WARN] PackLoader:240 - Cannot read IP mode file for STMicroelectronics.X-CUBE-AZRTOS-L5.2.0.0
2024-03-13 13:36:56,218 [WARN] PackLoader:240 - Cannot read IP mode file for STMicroelectronics.X-CUBE-MEMS1.9.6.0
2024-03-13 13:36:56,533 [WARN] PackLoader:240 - Cannot read IP mode file for ITTIA_DB.I-CUBE-ITTIADB.8.8.0
2024-03-13 13:36:56,569 [WARN] PackLoader:240 - Cannot read IP mode file for STMicroelectronics.X-CUBE-BLEMGR.2.0.0
2024-03-13 13:36:56,612 [WARN] PackLoader:240 - Cannot read IP mode file for STMicroelectronics.X-CUBE-NFC4.2.0.3
2024-03-13 13:36:56,643 [WARN] PackLoader:240 - Cannot read IP mode file for wolfSSL.I-CUBE-wolfSSL.4.8.0
2024-03-13 13:36:56,700 [WARN] ConditionMgr:438 - getConditionDescription Invalid condition id : UX DEVICE CLASS RTOS Condition cause : null
2024-03-13 13:36:56,702 [WARN] ConditionMgr:438 - getConditionDescription Invalid condition id : UX DEVICE CLASS RTOS Condition cause : null
2024-03-13 13:36:56,707 [WARN] PackLoader:240 - Cannot read IP mode file for STMicroelectronics.X-CUBE-AZRTOS-H7.3.1.0
2024-03-13 13:36:56,709 [WARN] ConditionMgr:1039 - genDependencies : Invalid condition id : UX DEVICE CLASS RTOS Condition cause : null
2024-03-13 13:36:56,710 [WARN] ConditionMgr:1039 - genDependencies : Invalid condition id : UX DEVICE CLASS RTOS Condition cause : null
2024-03-13 13:36:56,711 [WARN] ConditionMgr:1039 - genDependencies : Invalid condition id : UX DEVICE CLASS RTOS Condition cause : null
2024-03-13 13:36:56,712 [WARN] ConditionMgr:1039 - genDependencies : Invalid condition id : UX DEVICE CLASS RTOS Condition cause : null
2024-03-13 13:36:56,712 [WARN] ConditionMgr:1039 - genDependencies : Invalid condition id : UX DEVICE CLASS RTOS Condition cause : null
2024-03-13 13:36:56,740 [WARN] PackLoader:240 - Cannot read IP mode file for STMicroelectronics.X-CUBE-SFXS2LP1.3.1.0
2024-03-13 13:36:56,791 [WARN] PackLoader:240 - Cannot read IP mode file for STMicroelectronics.X-CUBE-AZRTOS-F4.1.0.0
2024-03-13 13:36:56,819 [WARN] PackLoader:240 - Cannot read IP mode file for STMicroelectronics.X-CUBE-TOF1.2.0.0
2024-03-13 13:36:56,846 [WARN] PackLoader:240 - Cannot read IP mode file for STMicroelectronics.X-CUBE-NFC7.1.0.1
2024-03-13 13:36:56,869 [WARN] PackLoader:240 - Cannot read IP mode file for STMicroelectronics.X-CUBE-NFC7.1.0.0
2024-03-13 13:36:56,897 [WARN] PackLoader:240 - Cannot read IP mode file for STMicroelectronics.X-CUBE-NFC6.3.0.0
2024-03-13 13:36:56,920 [WARN] PackLoader:240 - Cannot read IP mode file for STMicroelectronics.X-CUBE-EEPRMA1.4.1.0
2024-03-13 13:36:56,940 [WARN] PackLoader:240 - Cannot read IP mode file for STMicroelectronics.X-CUBE-DISPLAY.1.0.0
2024-03-13 13:36:56,980 [WARN] PackLoader:240 - Cannot read IP mode file for STMicroelectronics.X-CUBE-AI.8.1.0
2024-03-13 13:36:57,045 [WARN] PackLoader:240 - Cannot read IP mode file for STMicroelectronics.X-CUBE-AZRTOS-G0.1.0.0
2024-03-13 13:36:57,117 [WARN] ConditionMgr:438 - getConditionDescription Invalid condition id : LAN8742 Phy interface Condition cause : null
2024-03-13 13:36:57,118 [WARN] PackLoader:240 - Cannot read IP mode file for STMicroelectronics.X-CUBE-AZRTOS-L4.2.0.0
2024-03-13 13:36:57,121 [WARN] ConditionMgr:1039 - genDependencies : Invalid condition id : LAN8742 Phy interface Condition cause : null
2024-03-13 13:36:57,121 [WARN] ConditionMgr:1039 - genDependencies : Invalid condition id : LAN8742 Phy interface Condition cause : null
2024-03-13 13:36:57,123 [WARN] ConditionMgr:1039 - genDependencies : Invalid condition id : LAN8742 Phy interface Condition cause : null
2024-03-13 13:36:57,150 [WARN] PackLoader:240 - Cannot read IP mode file for STMicroelectronics.X-CUBE-SFXS2LP1.4.0.0
2024-03-13 13:36:57,206 [WARN] PackLoader:240 - Cannot read IP mode file for STMicroelectronics.X-CUBE-AZRTOS-H7.3.0.0
2024-03-13 13:36:57,240 [WARN] PackLoader:240 - Cannot read IP mode file for STMicroelectronics.X-CUBE-ISPU.1.1.0
2024-03-13 13:36:57,282 [WARN] PackLoader:240 - Cannot read IP mode file for RoweBots.I-CUBE-UNISONRTOS.5.5.0-4
2024-03-13 13:36:57,313 [WARN] PackLoader:240 - Cannot read IP mode file for STMicroelectronics.X-CUBE-AI.8.0.0
2024-03-13 13:36:57,369 [WARN] ConditionMgr:438 - getConditionDescription Invalid condition id : UX DEVICE CLASS RTOS Condition cause : null
2024-03-13 13:36:57,370 [WARN] ConditionMgr:438 - getConditionDescription Invalid condition id : UX DEVICE CLASS RTOS Condition cause : null
2024-03-13 13:36:57,374 [WARN] PackLoader:240 - Cannot read IP mode file for STMicroelectronics.X-CUBE-AZRTOS-WB.2.0.0
2024-03-13 13:36:57,376 [WARN] ConditionMgr:1039 - genDependencies : Invalid condition id : UX DEVICE CLASS RTOS Condition cause : null
2024-03-13 13:36:57,376 [WARN] ConditionMgr:1039 - genDependencies : Invalid condition id : UX DEVICE CLASS RTOS Condition cause : null
2024-03-13 13:36:57,380 [WARN] ConditionMgr:1039 - genDependencies : Invalid condition id : UX DEVICE CLASS RTOS Condition cause : null
2024-03-13 13:36:57,380 [WARN] ConditionMgr:1039 - genDependencies : Invalid condition id : UX DEVICE CLASS RTOS Condition cause : null
2024-03-13 13:36:57,381 [WARN] ConditionMgr:1039 - genDependencies : Invalid condition id : UX DEVICE CLASS RTOS Condition cause : null
2024-03-13 13:36:57,416 [WARN] PackLoader:240 - Cannot read IP mode file for STMicroelectronics.X-CUBE-FREERTOS.1.0.0
2024-03-13 13:36:57,447 [WARN] PackLoader:240 - Cannot read IP mode file for STMicroelectronics.X-CUBE-FREERTOS.1.0.1
2024-03-13 13:36:57,530 [WARN] PackLoader:240 - Cannot read IP mode file for STMicroelectronics.X-CUBE-MEMS1.9.0.0
2024-03-13 13:36:57,545 [INFO] WebApp:780 - Register for checkConnection events
2024-03-13 13:36:57,545 [INFO] WebApp:414 - Apply proxy settings
2024-03-13 13:36:57,546 [INFO] WebApp:499 - Chromium requires no authentication
2024-03-13 13:36:57,564 [INFO] WebApp:442 - Direct internet connection detected
2024-03-13 13:36:57,768 [WARN] PackLoader:240 - Cannot read IP mode file for STMicroelectronics.X-CUBE-AZRTOS-L5.1.1.0
2024-03-13 13:36:57,817 [WARN] PackLoader:240 - Cannot read IP mode file for STMicroelectronics.X-CUBE-AI.8.0.1
2024-03-13 13:36:57,860 [WARN] PackLoader:240 - Cannot read IP mode file for STMicroelectronics.X-CUBE-SUBG2.5.0.0
2024-03-13 13:36:57,940 [WARN] PackLoader:240 - Cannot read IP mode file for STMicroelectronics.X-CUBE-AZRTOS-G4.2.0.0
2024-03-13 13:36:58,002 [WARN] PackLoader:240 - Cannot read IP mode file for STMicroelectronics.X-CUBE-TOF1.3.3.0
2024-03-13 13:36:58,057 [WARN] PackLoader:240 - Cannot read IP mode file for STMicroelectronics.FP-ATR-ASTRA1.1.1.1
2024-03-13 13:36:58,107 [WARN] PackLoader:240 - Cannot read IP mode file for Infineon.AIROC-Wi-Fi-Bluetooth-STM32.1.5.1
2024-03-13 13:36:58,144 [WARN] PackLoader:240 - Cannot read IP mode file for STMicroelectronics.FP-SNS-MOTENVWB1.1.3.1
2024-03-13 13:36:58,176 [INFO] WebApp:192 - Starting web application
2024-03-13 13:36:58,177 [INFO] WebApp:544 - Web application path used C:\ST\STM32CubeIDE_1.7.0\STM32CubeIDE\plugins\com.st.stm32cube.common.mx_6.10.0.202311202037\db\plugins\mcufinder\reactClient1\index.html
2024-03-13 13:36:58,197 [WARN] PackLoader:240 - Cannot read IP mode file for STMicroelectronics.X-CUBE-AZRTOS-G4.1.0.0
2024-03-13 13:36:58,255 [WARN] PackLoader:240 - Cannot read IP mode file for STMicroelectronics.X-CUBE-AZRTOS-L4.1.0.0
2024-03-13 13:36:58,289 [WARN] PackLoader:240 - Cannot read IP mode file for STMicroelectronics.X-CUBE-ISPU.2.0.0
2024-03-13 13:36:58,388 [WARN] PackLoader:240 - Cannot read IP mode file for STMicroelectronics.X-CUBE-MEMS1.10.0.0
2024-03-13 13:36:58,589 [WARN] PackLoader:240 - Cannot read IP mode file for STMicroelectronics.X-CUBE-FREERTOS.1.1.0
2024-03-13 13:36:58,660 [WARN] PackLoader:240 - Cannot read IP mode file for STMicroelectronics.X-CUBE-AZRTOS-F7.1.0.0
2024-03-13 13:36:58,718 [WARN] PackLoader:240 - Cannot read IP mode file for STMicroelectronics.X-CUBE-AZRTOS-WL.1.0.0
2024-03-13 13:36:58,826 [WARN] PackLoader:240 - Cannot read IP mode file for STMicroelectronics.X-CUBE-MEMS1.9.1.0
2024-03-13 13:36:59,030 [WARN] PackLoader:240 - Cannot read IP mode file for portGmbH.I-Cube-SoM-uGOAL.1.1.0
2024-03-13 13:36:59,053 [WARN] PackLoader:240 - Cannot read IP mode file for STMicroelectronics.X-CUBE-ALS.1.0.1
2024-03-13 13:36:59,076 [WARN] PackLoader:240 - Cannot read IP mode file for STMicroelectronics.X-CUBE-AI.7.0.0
2024-03-13 13:36:59,120 [WARN] PackLoader:240 - Cannot read IP mode file for STMicroelectronics.X-CUBE-AZRTOS-WB.1.1.0
2024-03-13 13:36:59,165 [WARN] PackLoader:240 - Cannot read IP mode file for STMicroelectronics.X-CUBE-AZRTOS-L5.1.0.0
2024-03-13 13:36:59,190 [WARN] PackLoader:240 - Cannot read IP mode file for STMicroelectronics.X-CUBE-EEPRMA1.3.1.0
2024-03-13 13:36:59,214 [WARN] PackLoader:240 - Cannot read IP mode file for STMicroelectronics.X-CUBE-EEPRMA1.3.1.1
2024-03-13 13:36:59,238 [WARN] PackLoader:240 - Cannot read IP mode file for STMicroelectronics.X-CUBE-GNSS1.5.2.0
2024-03-13 13:36:59,262 [WARN] PackLoader:240 - Cannot read IP mode file for STMicroelectronics.FP-ATR-ASTRA1.2.0.0
2024-03-13 13:36:59,297 [WARN] PackLoader:240 - Cannot read IP mode file for STMicroelectronics.X-CUBE-TOF1.3.4.0
2024-03-13 13:36:59,339 [WARN] PackLoader:240 - Cannot read IP mode file for STMicroelectronics.X-CUBE-TOF1.3.4.1
2024-03-13 13:36:59,403 [WARN] PackLoader:240 - Cannot read IP mode file for STMicroelectronics.X-CUBE-AZRTOS-H7.3.2.0
2024-03-13 13:36:59,409 [INFO] ThirdParty:978 - Integrity check success = true
2024-03-13 13:36:59,410 [INFO] IntegrityCheckThread:100 - exiting critical section [integrity check]
2024-03-13 13:36:59,410 [INFO] IntegrityCheckThread:103 - End integrity checks thread
2024-03-13 13:37:10,719 [INFO] McuFinderGlobals:63 - Set McuFinder mode to 2 (CubeIDE integrated)
2024-03-13 13:37:10,794 [INFO] MainUpdater:2873 - connection check result : 10
2024-03-13 13:37:10,813 [INFO] MainUpdater:2873 - connection check result : 10
2024-03-13 13:37:11,221 [INFO] MicroXplorer:468 - Change Database Path : 
2024-03-13 13:37:11,223 [INFO] MicroXplorer:498 - Change Database Version : DB.6.0.100
2024-03-13 13:37:11,233 [WARN] ThirdParty:871 - waiting for thirdparty lock release [close project]
2024-03-13 13:37:11,234 [INFO] ThirdParty:873 - entering critical section [close project]
2024-03-13 13:37:11,236 [INFO] ThirdParty:883 - exiting critical section [close project]
2024-03-13 13:37:11,241 [INFO] PinOutPanel:1499 - setPackage(No Configuration,No Configuration)
2024-03-13 13:37:11,250 [INFO] UtilMem:75 - Begin LoadConfig() Used Memory: 265117840 Bytes (429916160)
2024-03-13 13:37:11,253 [INFO] MicroXplorer:468 - Change Database Path : 
2024-03-13 13:37:11,254 [INFO] MicroXplorer:498 - Change Database Version : DB.6.0.100
2024-03-13 13:37:11,254 [INFO] OpenFileManager:312 - Change cursor
2024-03-13 13:37:11,330 [INFO] Mcu:2016 - Initializing MCU STM32F446R(C-E)Tx STM32F446RETx STM32F446RET6
2024-03-13 13:37:15,456 [INFO] Context:659 - Trying to add GPIOservice into a context  which must be forbidden
2024-03-13 13:37:16,840 [INFO] RtosManager:555 - Registered RTOS mode: class=CMSIS, group=RTOS, mode=CMSIS_V1, owner=FREERTOS
2024-03-13 13:37:16,840 [INFO] RtosManager:555 - Registered RTOS mode: class=CMSIS, group=RTOS2, mode=CMSIS_V2, owner=FREERTOS
2024-03-13 13:37:16,840 [INFO] RtosManager:555 - Registered RTOS mode: class=RTOS, group=Core, mode=CMSIS_V1, owner=FREERTOS
2024-03-13 13:37:16,841 [INFO] RtosManager:555 - Registered RTOS mode: class=RTOS, group=Core, mode=CMSIS_V2, owner=FREERTOS
2024-03-13 13:37:16,841 [WARN] ModelIntegratedComponent:184 - Missing modes for component STMicroelectronics:FreeRTOS:0.0.1:STMicroelectronics:RTOS:FreeRTOS:Core:::10.2.0:
2024-03-13 13:37:16,860 [WARN] ModelIntegratedComponent:63 - No mode defined for component null
2024-03-13 13:37:16,860 [WARN] ModelIntegratedComponent:63 - No mode defined for component null
2024-03-13 13:37:16,861 [WARN] ModelIntegratedComponent:63 - No mode defined for component null
2024-03-13 13:37:16,861 [WARN] ModelIntegratedComponent:63 - No mode defined for component null
2024-03-13 13:37:16,861 [WARN] ModelIntegratedComponent:63 - No mode defined for component null
2024-03-13 13:37:16,861 [WARN] ModelIntegratedComponent:63 - No mode defined for component null
2024-03-13 13:37:16,861 [WARN] ModelIntegratedComponent:63 - No mode defined for component null
2024-03-13 13:37:16,861 [WARN] ModelIntegratedComponent:63 - No mode defined for component null
2024-03-13 13:37:16,861 [WARN] ModelIntegratedComponent:63 - No mode defined for component null
2024-03-13 13:37:16,862 [WARN] ModelIntegratedComponent:63 - No mode defined for component null
2024-03-13 13:37:16,862 [WARN] ModelIntegratedComponent:63 - No mode defined for component null
2024-03-13 13:37:16,862 [WARN] ModelIntegratedComponent:63 - No mode defined for component null
2024-03-13 13:37:16,862 [WARN] ModelIntegratedComponent:63 - No mode defined for component null
2024-03-13 13:37:16,862 [WARN] ModelIntegratedComponent:63 - No mode defined for component null
2024-03-13 13:37:16,862 [WARN] ModelIntegratedComponent:63 - No mode defined for component null
2024-03-13 13:37:16,862 [WARN] ModelIntegratedComponent:63 - No mode defined for component null
2024-03-13 13:37:16,862 [WARN] ModelIntegratedComponent:63 - No mode defined for component null
2024-03-13 13:37:16,862 [WARN] ModelIntegratedComponent:63 - No mode defined for component null
2024-03-13 13:37:16,862 [WARN] ModelIntegratedComponent:63 - No mode defined for component null
2024-03-13 13:37:16,862 [WARN] ModelIntegratedComponent:63 - No mode defined for component null
2024-03-13 13:37:16,862 [WARN] ModelIntegratedComponent:63 - No mode defined for component null
2024-03-13 13:37:16,862 [WARN] ModelIntegratedComponent:63 - No mode defined for component null
2024-03-13 13:37:16,862 [WARN] ModelIntegratedComponent:63 - No mode defined for component null
2024-03-13 13:37:16,863 [WARN] ModelIntegratedComponent:63 - No mode defined for component null
2024-03-13 13:37:16,863 [WARN] ModelIntegratedComponent:63 - No mode defined for component null
2024-03-13 13:37:16,863 [WARN] ModelIntegratedComponent:63 - No mode defined for component null
2024-03-13 13:37:16,863 [WARN] ModelIntegratedComponent:63 - No mode defined for component null
2024-03-13 13:37:16,863 [WARN] ModelIntegratedComponent:63 - No mode defined for component null
2024-03-13 13:37:16,863 [WARN] ModelIntegratedComponent:63 - No mode defined for component null
2024-03-13 13:37:16,863 [WARN] ModelIntegratedComponent:63 - No mode defined for component null
2024-03-13 13:37:16,864 [WARN] ModelIntegratedComponent:63 - No mode defined for component null
2024-03-13 13:37:16,864 [WARN] ModelIntegratedComponent:63 - No mode defined for component null
2024-03-13 13:37:16,864 [WARN] ModelIntegratedComponent:63 - No mode defined for component null
2024-03-13 13:37:17,510 [INFO] ThirdPartyModel:298 - Start build external matchings
2024-03-13 13:37:20,269 [ERROR] LogOutputStream:75 - [STDERR_REDIRECT] SLF4J: Failed to load class "org.slf4j.impl.StaticLoggerBinder".
2024-03-13 13:37:20,270 [ERROR] LogOutputStream:75 - [STDERR_REDIRECT] SLF4J: Defaulting to no-operation (NOP) logger implementation
2024-03-13 13:37:20,272 [ERROR] LogOutputStream:75 - [STDERR_REDIRECT] SLF4J: See http://www.slf4j.org/codes.html#StaticLoggerBinder for further details.
2024-03-13 13:37:23,931 [INFO] ThirdPartyModel:316 - End build external matchings
2024-03-13 13:37:24,879 [INFO] UtilMem:75 - End LoadConfig() Used Memory: 296338200 Bytes (429916160)
2024-03-13 13:37:25,114 [INFO] ApiDb:581 - Connected to CubeFinder SQLite database (C:\Users\porsc\.stmcufinder\plugins\mcufinder\mcu\cube-finder-db.db)
2024-03-13 13:37:25,350 [INFO] ApiDb:668 - CubeFinder database Data Model version=2.1
2024-03-13 13:37:25,350 [INFO] ApiDb:669 - CubeFinder database Configuration version=3.0.39
2024-03-13 13:37:25,351 [INFO] ApiDb:670 - CubeFinder database generation date=2024-02-19 (1708350410)
2024-03-13 13:37:25,352 [INFO] ApiDb:671 - CubeFinder database FW Pack versions=[FP-ATR-ASTRA1_V2.0.0, FP-SNS-FLIGHT1_V5.0.1, FP-SNS-FLIGHT1_V5.0.2, FP-SNS-MOTENV1_V4.3.1, FP-SNS-MOTENV1_V4.3.2, FP-SNS-MOTENVWB1_V1.3.1, FP-SNS-SMARTAG2_V1.2.0, STM32Cube_FW_C0_V1.1.0, STM32Cube_FW_F4_V1.28.0, STM32Cube_FW_F7_V1.17.0, STM32Cube_FW_G0_V1.6.2, STM32Cube_FW_G4_V1.5.2, STM32Cube_FW_H5_V0.5.1, STM32Cube_FW_H5_V1.1.1, STM32Cube_FW_H5_V1.2.0RC2, STM32Cube_FW_H7_V1.11.0, STM32Cube_FW_L0_V1.12.2, STM32Cube_FW_L5_V1.5.0, STM32Cube_FW_U5_V1.3.0RC4, STM32Cube_FW_U5_V1.4.0, STM32Cube_FW_WBA_V1.0.0RC1, STM32Cube_FW_WBA_V1.1.0RC1, STM32Cube_FW_WBA_V1.2.0, STM32Cube_FW_WBA_V1.2.0RC2, STM32Cube_FW_WB_V1.15.0RC1, STM32Cube_FW_WB_V1.16.0, STM32Cube_FW_WB_V1.16.0RC2, STM32Cube_FW_WB_V1.18.0, STM32Cube_FW_WL_V1.3.0, X-CUBE-ALGOBUILD_V1.3.0, X-CUBE-ALS_V1.0.1, X-CUBE-AZRTOS-F4_V1.1.0, X-CUBE-AZRTOS-F7_V1.1.0, X-CUBE-AZRTOS-G0_V1.1.0, X-CUBE-AZRTOS-G4_V2.0.0, X-CUBE-AZRTOS-H7_V3.2.0, X-CUBE-AZRTOS-L4_V1.0.0, X-CUBE-AZRTOS-L4_V2.0.0, X-CUBE-AZRTOS-L5_V1.1.0, X-CUBE-AZRTOS-WB_V2.0.0, X-CUBE-AZRTOS-WL_V2.0.0, X-CUBE-BLE1_V7.0.0, X-CUBE-BLE2_V3.3.0, X-CUBE-BLEMGR_V3.0.0, X-CUBE-EEPRMA1_V4.1.0, X-CUBE-EEPRMA1_V5.1.0, X-CUBE-FREERTOS_V1.1.0, X-CUBE-GNSS1_V6.0.0, X-CUBE-MEMS1_V10.0.0, X-CUBE-MEMS1_V9.1.0, X-CUBE-MEMS1_V9.4.0, X-CUBE-MEMS1_V9.6.0, X-CUBE-NFC4_V3.0.0, X-CUBE-NFC7_V1.0.1, X-CUBE-SFXS2LP1_V4.0.0, X-CUBE-SUBG2_V5.0.0, X-CUBE-TOF1_V3.4.0]
2024-03-13 13:37:32,597 [INFO] ApiDb:240 - Found 371 in-development CPN: [B-G473E-ZEST1S, B-WB1M-WPAN1, B-WL5M-SUBG1, NUCLEO-C031C6, NUCLEO-H503RB, NUCLEO-H563ZI, NUCLEO-U545RE-Q, NUCLEO-U5A5ZJ-Q, NUCLEO-WBA52CG, NUCLEO-WBA55CG, STEVAL-MKBOXPRO, STEVAL-PROTEUS1, STEVAL-STWINBX1, STM320518-EVAL, STM32C0116-DK, STM32C011D6Y3TR, STM32C011D6Y6TR, STM32C011F4P3, STM32C011F4P6, STM32C011F4U3, STM32C011F4U6TR, STM32C011F6P3, STM32C011F6P6, STM32C011F6U3, STM32C011F6U6TR, STM32C011J4M3, STM32C011J4M6, STM32C011J6M3, STM32C011J6M6, STM32C0316-DK, STM32C031C4T3, STM32C031C4T6, STM32C031C4U3, STM32C031C4U6, STM32C031C6T3, STM32C031C6T6, STM32C031C6U3, STM32C031C6U6, STM32C031F4P3, STM32C031F4P6, STM32C031F6P3, STM32C031F6P6, STM32C031G4U3, STM32C031G4U6, STM32C031G6U3, STM32C031G6U6, STM32C031K4T3, STM32C031K4T6, STM32C031K4U3, STM32C031K4U6, STM32C031K6T3, STM32C031K6T6, STM32C031K6U3, STM32C031K6U6, STM32G071K8TXN, STM32G071K8UXN, STM32G081GBU6N, STM32G081KBT6N, STM32G081KBUXN, STM32G0B1CCT6N, STM32G0B1KCT6, STM32G0B1NEY6TR, STM32G0B1RCT6N, STM32G0C1CCT6, STM32G0C1CCT6N, STM32G0C1CCU6N, STM32G0C1CET6N, STM32G0C1CEU6N, STM32G0C1KCT6, STM32G0C1NEY6TR, STM32G0C1RCI6N, STM32G0C1RCT6N, STM32G0C1REI6N, STM32G0C1RET6N, STM32G0C1VCI6, STM32G0C1VEI6, STM32G471CCT6, STM32G471CCU6, STM32G471CET3, STM32G471CET6, STM32G471CEU3, STM32G471CEU6, STM32G471MCT6, STM32G471MET3, STM32G471MET6, STM32G471MEY6TR, STM32G471QCT6, STM32G471QET3, STM32G471RCT6, STM32G471RET3, STM32G471RET6, STM32G471VCH6, STM32G471VCI6, STM32G471VCT6, STM32G471VEH3, STM32G471VEH6, STM32G471VEI3, STM32G471VEI6, STM32G471VET3, STM32G471VET6, STM32G474CCT6, STM32H503CBT6, STM32H503CBU6, STM32H503EBY6TR, STM32H503KBU6, STM32H503RBT6, STM32H562AGI6, STM32H562AII6, STM32H562IGK6, STM32H562IGT6, STM32H562IIK6, STM32H562IIT6, STM32H562RGT6, STM32H562RGV6, STM32H562RIT6, STM32H562RIV6, STM32H562VGT6, STM32H562VIT6, STM32H562ZGT6, STM32H562ZIT6, STM32H563AGI6, STM32H563AII3Q, STM32H563AII6, STM32H563IGK6, STM32H563IGT6, STM32H563IIK3Q, STM32H563IIK6, STM32H563IIT3Q, STM32H563IIT6, STM32H563MIY3QTR, STM32H563RGT6, STM32H563RGV6, STM32H563RIT6, STM32H563RIV6, STM32H563VGT6, STM32H563VIT3Q, STM32H563VIT6, STM32H563ZGT6, STM32H563ZIT3Q, STM32H563ZIT6, STM32H573AII3Q, STM32H573AII6, STM32H573I-DK, STM32H573IIK3Q, STM32H573IIK6, STM32H573IIT3Q, STM32H573IIT6, STM32H573MIY3QTR, STM32H573RIT6, STM32H573RIV6, STM32H573VIT3Q, STM32H573VIT6, STM32H573ZIT3Q, STM32H573ZIT6, STM32L4R5QGI6STR, STM32MP131AAE3, STM32MP131AAF3, STM32MP131AAG3, STM32MP131CAE3, STM32MP131CAF3, STM32MP131CAG3, STM32MP131DAE7, STM32MP131DAF7, STM32MP131DAG7, STM32MP131FAE7, STM32MP131FAF7, STM32MP131FAG7, STM32MP133AAE3, STM32MP133AAF3, STM32MP133AAG3, STM32MP133CAE3, STM32MP133CAF3, STM32MP133CAG3, STM32MP133DAE7, STM32MP133DAF7, STM32MP133DAG7, STM32MP133FAE7, STM32MP133FAF7, STM32MP133FAG7, STM32MP135AAE3, STM32MP135AAF3, STM32MP135AAG3, STM32MP135CAE3, STM32MP135CAF3, STM32MP135CAG3, STM32MP135DAE7, STM32MP135DAF7, STM32MP135DAG7, STM32MP135F-DK, STM32MP135FAE7, STM32MP135FAF7, STM32MP135FAF7T, STM32MP135FAF7U, STM32MP135FAG7, STM32U535CBT6, STM32U535CBT6Q, STM32U535CBU6, STM32U535CBU6Q, STM32U535CCT6, STM32U535CCT6Q, STM32U535CCU6, STM32U535CCU6Q, STM32U535CET6, STM32U535CET6Q, STM32U535CEU6, STM32U535CEU6Q, STM32U535JEY6QTR, STM32U535NCY6QTR, STM32U535NEY6QTR, STM32U535RBI6, STM32U535RBI6Q, STM32U535RBT6, STM32U535RBT6Q, STM32U535RCI6, STM32U535RCI6Q, STM32U535RCT6, STM32U535RCT6Q, STM32U535REI6, STM32U535REI6Q, STM32U535RET6, STM32U535RET6Q, STM32U535VCI6, STM32U535VCI6Q, STM32U535VCT6, STM32U535VCT6Q, STM32U535VEI6, STM32U535VEI6Q, STM32U535VET6, STM32U535VET6Q, STM32U545CET6, STM32U545CET6Q, STM32U545CEU6, STM32U545CEU6Q, STM32U545JEY6QTR, STM32U545NEY6QTR, STM32U545REI6, STM32U545REI6Q, STM32U545RET6, STM32U545RET6Q, STM32U545VEI6, STM32U545VEI6Q, STM32U545VET6, STM32U545VET6Q, STM32U595AIH6, STM32U595AIH6Q, STM32U595AJH6, STM32U595AJH6Q, STM32U595QII6, STM32U595QII6Q, STM32U595QJI6, STM32U595QJI6Q, STM32U595RIT6, STM32U595RIT6Q, STM32U595RJT6, STM32U595RJT6Q, STM32U595VIT6, STM32U595VIT6Q, STM32U595VJT6, STM32U595VJT6Q, STM32U595ZIT6, STM32U595ZIT6Q, STM32U595ZIY6QTR, STM32U595ZJT6, STM32U595ZJT6Q, STM32U595ZJY6QTR, STM32U599BJY6QTR, STM32U599NIH6Q, STM32U599NJH6Q, STM32U599VIT6Q, STM32U599VJT6, STM32U599VJT6Q, STM32U599ZIT6Q, STM32U599ZIY6QTR, STM32U599ZJT6Q, STM32U599ZJY6QTR, STM32U5A5AJH6, STM32U5A5AJH6Q, STM32U5A5QJI6, STM32U5A5QJI6Q, STM32U5A5RJT6, STM32U5A5RJT6Q, STM32U5A5VJT6, STM32U5A5VJT6Q, STM32U5A5ZJT6, STM32U5A5ZJT6Q, STM32U5A5ZJY6QTR, STM32U5A9BJY6QTR, STM32U5A9J-DK, STM32U5A9NJH6Q, STM32U5A9VJT6Q, STM32U5A9ZJT6Q, STM32U5A9ZJY6QTR, STM32U5F7VIT6, STM32U5F7VIT6Q, STM32U5F7VJT6, STM32U5F7VJT6Q, STM32U5F9BJY6QTR, STM32U5F9NJH6Q, STM32U5F9VIT6Q, STM32U5F9VJT6Q, STM32U5F9ZIJ6QTR, STM32U5F9ZIT6Q, STM32U5F9ZJJ6QTR, STM32U5F9ZJT6Q, STM32U5G7VJT6, STM32U5G7VJT6Q, STM32U5G9BJY6QTR, STM32U5G9J-DK1, STM32U5G9J-DK2, STM32U5G9NJH6Q, STM32U5G9VJT6Q, STM32U5G9ZJJ6QTR, STM32U5G9ZJT6Q, STM32WB1MMCH6, STM32WBA50KEU6, STM32WBA50KEU6TR, STM32WBA50KGU6, STM32WBA50KGU6TR, STM32WBA52CEU6, STM32WBA52CEU6TR, STM32WBA52CEU7, STM32WBA52CEU7TR, STM32WBA52CGU6, STM32WBA52CGU6TR, STM32WBA52CGU6U, STM32WBA52CGU7, STM32WBA52CGU7TR, STM32WBA52KEU6, STM32WBA52KEU6TR, STM32WBA52KGU6, STM32WBA52KGU6TR, STM32WBA54CEU6, STM32WBA54CEU6TR, STM32WBA54CEU7, STM32WBA54CEU7TR, STM32WBA54CGU6, STM32WBA54CGU6TR, STM32WBA54CGU7, STM32WBA54CGU7TR, STM32WBA54KEU6, STM32WBA54KEU6TR, STM32WBA54KEU7, STM32WBA54KEU7TR, STM32WBA54KGU6, STM32WBA54KGU6TR, STM32WBA54KGU7, STM32WBA54KGU7TR, STM32WBA55CEU6, STM32WBA55CEU6TR, STM32WBA55CEU7, STM32WBA55CEU7TR, STM32WBA55CGU6, STM32WBA55CGU6TR, STM32WBA55CGU6U, STM32WBA55CGU7, STM32WBA55CGU7TR, STM32WBA55G-DK1, STM32WBA55HEF6, STM32WBA55HEF7, STM32WBA55HGF6, STM32WBA55HGF7, STM32WBA55UEI6, STM32WBA55UEI6TR, STM32WBA55UEI7, STM32WBA55UEI7TR, STM32WBA55UGI6, STM32WBA55UGI6TR, STM32WBA55UGI7, STM32WBA55UGI7TR, STM32WL5MOCH6, STM32WL5MOCH6TR]
2024-03-13 13:37:32,604 [INFO] DbMcus:218 - Found 3930 MCUs, 3930 are supported
2024-03-13 13:37:32,605 [INFO] ApiDb:423 - Load user favorites file C:\Users\porsc/.stm32cubeide/favorites.mcus.txt: 0 item(s)
2024-03-13 13:37:32,605 [INFO] ApiDb:427 - User favorites MCUs=[]
2024-03-13 13:37:32,606 [INFO] DbMcus:224 - Set 0 / 0 favorites MCUs
2024-03-13 13:37:34,133 [INFO] MicroXplorer:468 - Change Database Path : 
2024-03-13 13:37:34,133 [INFO] MicroXplorer:498 - Change Database Version : DB.6.0.100
2024-03-13 13:37:34,134 [WARN] ThirdParty:833 - waiting for thirdparty lock release [change project]
2024-03-13 13:37:34,135 [INFO] ThirdParty:835 - entering critical section [change project]
2024-03-13 13:37:34,135 [INFO] ThirdParty:1030 - CMSIS Pack Vendor :STMicroelectronics USBPD 4.1
2024-03-13 13:37:34,135 [INFO] ThirdParty:1030 - CMSIS Pack Vendor :STMicroelectronics X-CUBE-GNSS1 6.0.0
2024-03-13 13:37:34,136 [INFO] ThirdParty:1030 - CMSIS Pack Vendor :STMicroelectronics USB_HOST 2.0.0
2024-03-13 13:37:34,136 [INFO] ThirdParty:1030 - CMSIS Pack Vendor :STMicroelectronics X-CUBE-AZRTOS-F4 1.1.0
2024-03-13 13:37:34,136 [INFO] ThirdParty:1030 - CMSIS Pack Vendor :STMicroelectronics LIBJPEG 8.0.0
2024-03-13 13:37:34,136 [INFO] ThirdParty:1030 - CMSIS Pack Vendor :STMicroelectronics X-CUBE-SMBUS 2.1.0
2024-03-13 13:37:34,136 [INFO] ThirdParty:1030 - CMSIS Pack Vendor :STMicroelectronics X-CUBE-TOUCHGFX 4.23.0
2024-03-13 13:37:34,136 [INFO] ThirdParty:1030 - CMSIS Pack Vendor :STMicroelectronics X-CUBE-AZRTOS-H7 1.1.0
2024-03-13 13:37:34,136 [INFO] ThirdParty:1030 - CMSIS Pack Vendor :STMicroelectronics X-CUBE-AZRTOS-F7 1.1.0
2024-03-13 13:37:34,137 [INFO] ThirdParty:1030 - CMSIS Pack Vendor :STMicroelectronics X-CUBE-AZRTOS-L5 2.0.0
2024-03-13 13:37:34,137 [INFO] ThirdParty:1030 - CMSIS Pack Vendor :STMicroelectronics USB_DEVICE 2.0.0
2024-03-13 13:37:34,137 [INFO] ThirdParty:1030 - CMSIS Pack Vendor :STMicroelectronics X-CUBE-MEMS1 9.6.0
2024-03-13 13:37:34,137 [INFO] ThirdParty:1030 - CMSIS Pack Vendor :ITTIA_DB I-CUBE-ITTIADB 8.8.0
2024-03-13 13:37:34,137 [INFO] ThirdParty:1030 - CMSIS Pack Vendor :STMicroelectronics X-CUBE-AI 7.1.0
2024-03-13 13:37:34,137 [INFO] ThirdParty:1030 - CMSIS Pack Vendor :STMicroelectronics FP-SNS-MOTENV1 4.3.2
2024-03-13 13:37:34,138 [INFO] ThirdParty:1030 - CMSIS Pack Vendor :STMicroelectronics FP-SNS-MOTENV1 4.3.1
2024-03-13 13:37:34,138 [INFO] ThirdParty:1030 - CMSIS Pack Vendor :STMicroelectronics FP-SNS-FLIGHT1 5.0.1
2024-03-13 13:37:34,138 [INFO] ThirdParty:1030 - CMSIS Pack Vendor :STMicroelectronics X-CUBE-BLE1 6.2.3
2024-03-13 13:37:34,138 [INFO] ThirdParty:1030 - CMSIS Pack Vendor :STMicroelectronics X-CUBE-BLE1 6.2.4
2024-03-13 13:37:34,138 [INFO] ThirdParty:1030 - CMSIS Pack Vendor :STMicroelectronics FreeRTOS 0.0.1
2024-03-13 13:37:34,138 [INFO] ThirdParty:1030 - CMSIS Pack Vendor :STMicroelectronics X-CUBE-BLEMGR 2.0.0
2024-03-13 13:37:34,139 [INFO] ThirdParty:1030 - CMSIS Pack Vendor :STMicroelectronics X-CUBE-BLE1 6.2.1
2024-03-13 13:37:34,139 [INFO] ThirdParty:1030 - CMSIS Pack Vendor :STMicroelectronics X-CUBE-BLE2 3.2.1
2024-03-13 13:37:34,139 [INFO] ThirdParty:1030 - CMSIS Pack Vendor :STMicroelectronics FP-SNS-FLIGHT1 5.0.2
2024-03-13 13:37:34,139 [INFO] ThirdParty:1030 - CMSIS Pack Vendor :STMicroelectronics X-CUBE-BLE2 3.2.2
2024-03-13 13:37:34,139 [INFO] ThirdParty:1030 - CMSIS Pack Vendor :STMicroelectronics X-CUBE-NFC4 2.0.3
2024-03-13 13:37:34,139 [INFO] ThirdParty:1030 - CMSIS Pack Vendor :wolfSSL I-CUBE-wolfSSL 4.8.0
2024-03-13 13:37:34,139 [INFO] ThirdParty:1030 - CMSIS Pack Vendor :STMicroelectronics X-CUBE-AZRTOS-H7 3.1.0
2024-03-13 13:37:34,139 [INFO] ThirdParty:1030 - CMSIS Pack Vendor :STMicroelectronics PDM2PCM 3.3.0
2024-03-13 13:37:34,139 [INFO] ThirdParty:1030 - CMSIS Pack Vendor :STMicroelectronics X-CUBE-SFXS2LP1 3.1.0
2024-03-13 13:37:34,139 [INFO] ThirdParty:1030 - CMSIS Pack Vendor :STMicroelectronics X-CUBE-DISPLAY 3.0.0
2024-03-13 13:37:34,139 [INFO] ThirdParty:1030 - CMSIS Pack Vendor :STMicroelectronics X-CUBE-AZRTOS-F4 1.0.0
2024-03-13 13:37:34,140 [INFO] ThirdParty:1030 - CMSIS Pack Vendor :STMicroelectronics X-CUBE-BLE1 7.0.0
2024-03-13 13:37:34,140 [INFO] ThirdParty:1030 - CMSIS Pack Vendor :STMicroelectronics X-CUBE-TOF1 2.0.0
2024-03-13 13:37:34,140 [INFO] ThirdParty:1030 - CMSIS Pack Vendor :STMicroelectronics HAL Drivers 0.0.0
2024-03-13 13:37:34,140 [INFO] ThirdParty:1030 - CMSIS Pack Vendor :STMicroelectronics X-CUBE-NFC7 1.0.1
2024-03-13 13:37:34,140 [INFO] ThirdParty:1030 - CMSIS Pack Vendor :STMicroelectronics MBEDTLS 2.14.1
2024-03-13 13:37:34,140 [INFO] ThirdParty:1030 - CMSIS Pack Vendor :STMicroelectronics X-CUBE-NFC7 1.0.0
2024-03-13 13:37:34,140 [INFO] ThirdParty:1030 - CMSIS Pack Vendor :STMicroelectronics X-CUBE-SUBG2 4.2.0
2024-03-13 13:37:34,140 [INFO] ThirdParty:1030 - CMSIS Pack Vendor :STMicroelectronics X-CUBE-NFC6 3.0.0
2024-03-13 13:37:34,140 [INFO] ThirdParty:1030 - CMSIS Pack Vendor :STMicroelectronics X-CUBE-EEPRMA1 4.1.0
2024-03-13 13:37:34,140 [INFO] ThirdParty:1030 - CMSIS Pack Vendor :STMicroelectronics X-CUBE-BLEMGR 3.1.0
2024-03-13 13:37:34,140 [INFO] ThirdParty:1030 - CMSIS Pack Vendor :STMicroelectronics FP-SNS-SMARTAG2 1.2.0
2024-03-13 13:37:34,140 [INFO] ThirdParty:1030 - CMSIS Pack Vendor :STMicroelectronics X-CUBE-AZRTOS-WL 2.0.0
2024-03-13 13:37:34,140 [INFO] ThirdParty:1030 - CMSIS Pack Vendor :STMicroelectronics X-CUBE-ALGOBUILD 1.2.1
2024-03-13 13:37:34,140 [INFO] ThirdParty:1030 - CMSIS Pack Vendor :STMicroelectronics X-CUBE-DISPLAY 1.0.0
2024-03-13 13:37:34,140 [INFO] ThirdParty:1030 - CMSIS Pack Vendor :STMicroelectronics USB_DEVICE 1.0.0
2024-03-13 13:37:34,141 [INFO] ThirdParty:1030 - CMSIS Pack Vendor :STMicroelectronics X-CUBE-AI 8.1.0
2024-03-13 13:37:34,141 [INFO] ThirdParty:1030 - CMSIS Pack Vendor :STMicroelectronics X-CUBE-AZRTOS-G0 1.0.0
2024-03-13 13:37:34,141 [INFO] ThirdParty:1030 - CMSIS Pack Vendor :STMicroelectronics X-CUBE-AZRTOS-L4 2.0.0
2024-03-13 13:37:34,141 [INFO] ThirdParty:1030 - CMSIS Pack Vendor :STMicroelectronics ThreadX 0.0.2
2024-03-13 13:37:34,141 [INFO] ThirdParty:1030 - CMSIS Pack Vendor :WES I-CUBE-Cesium 1.3.0
2024-03-13 13:37:34,141 [INFO] ThirdParty:1030 - CMSIS Pack Vendor :STMicroelectronics lwIP 2.1.2
2024-03-13 13:37:34,141 [INFO] ThirdParty:1030 - CMSIS Pack Vendor :STMicroelectronics X-CUBE-SFXS2LP1 4.0.0
2024-03-13 13:37:34,141 [INFO] ThirdParty:1030 - CMSIS Pack Vendor :STMicroelectronics X-CUBE-BLE2 3.3.0
2024-03-13 13:37:34,141 [INFO] ThirdParty:1030 - CMSIS Pack Vendor :STMicroelectronics X-CUBE-TOF1 3.2.0
2024-03-13 13:37:34,141 [INFO] ThirdParty:1030 - CMSIS Pack Vendor :STMicroelectronics PDM2PCM 3.2.0
2024-03-13 13:37:34,141 [INFO] ThirdParty:1030 - CMSIS Pack Vendor :STMicroelectronics X-CUBE-TOUCHGFX 4.18.1
2024-03-13 13:37:34,141 [INFO] ThirdParty:1030 - CMSIS Pack Vendor :STMicroelectronics X-CUBE-AZRTOS-H7 3.0.0
2024-03-13 13:37:34,141 [INFO] ThirdParty:1030 - CMSIS Pack Vendor :STMicroelectronics X-CUBE-ISPU 1.1.0
2024-03-13 13:37:34,141 [INFO] ThirdParty:1030 - CMSIS Pack Vendor :RoweBots I-CUBE-UNISONRTOS 5.5.0-4
2024-03-13 13:37:34,141 [INFO] ThirdParty:1030 - CMSIS Pack Vendor :STMicroelectronics USB_DEVICE 3.0.0
2024-03-13 13:37:34,141 [INFO] ThirdParty:1030 - CMSIS Pack Vendor :STMicroelectronics X-CUBE-AI 8.0.0
2024-03-13 13:37:34,141 [INFO] ThirdParty:1030 - CMSIS Pack Vendor :STMicroelectronics X-CUBE-AZRTOS-WB 2.0.0
2024-03-13 13:37:34,141 [INFO] ThirdParty:1030 - CMSIS Pack Vendor :STMicroelectronics X-CUBE-FREERTOS 1.0.0
2024-03-13 13:37:34,141 [INFO] ThirdParty:1030 - CMSIS Pack Vendor :STMicroelectronics X-CUBE-FREERTOS 1.0.1
2024-03-13 13:37:34,141 [INFO] ThirdParty:1030 - CMSIS Pack Vendor :STMicroelectronics X-CUBE-TOUCHGFX 4.21.1
2024-03-13 13:37:34,141 [INFO] ThirdParty:1030 - CMSIS Pack Vendor :STMicroelectronics X-CUBE-MEMS1 9.0.0
2024-03-13 13:37:34,141 [INFO] ThirdParty:1030 - CMSIS Pack Vendor :STMicroelectronics X-CUBE-TOUCHGFX 4.21.4
2024-03-13 13:37:34,141 [INFO] ThirdParty:1030 - CMSIS Pack Vendor :STMicroelectronics X-CUBE-ALGOBUILD 1.3.0
2024-03-13 13:37:34,141 [INFO] ThirdParty:1030 - CMSIS Pack Vendor :STMicroelectronics X-CUBE-AZRTOS-L5 1.1.0
2024-03-13 13:37:34,141 [INFO] ThirdParty:1030 - CMSIS Pack Vendor :STMicroelectronics X-CUBE-AZRTOS-G0 1.1.0
2024-03-13 13:37:34,141 [INFO] ThirdParty:1030 - CMSIS Pack Vendor :STMicroelectronics X-CUBE-AI 8.0.1
2024-03-13 13:37:34,141 [INFO] ThirdParty:1030 - CMSIS Pack Vendor :STMicroelectronics X-CUBE-NFC4 3.0.0
2024-03-13 13:37:34,141 [INFO] ThirdParty:1030 - CMSIS Pack Vendor :SEGGER I-CUBE-embOS 1.2.0
2024-03-13 13:37:34,141 [INFO] ThirdParty:1030 - CMSIS Pack Vendor :STMicroelectronics X-CUBE-SUBG2 5.0.0
2024-03-13 13:37:34,141 [INFO] ThirdParty:1030 - CMSIS Pack Vendor :STMicroelectronics STM32_WPAN 1.0.0
2024-03-13 13:37:34,143 [INFO] ThirdParty:1030 - CMSIS Pack Vendor :STMicroelectronics lwIP 2.0.3
2024-03-13 13:37:34,143 [INFO] ThirdParty:1030 - CMSIS Pack Vendor :STMicroelectronics USB_HOST 1.0.0
2024-03-13 13:37:34,143 [INFO] ThirdParty:1030 - CMSIS Pack Vendor :STMicroelectronics X-CUBE-AZRTOS-G4 2.0.0
2024-03-13 13:37:34,143 [INFO] ThirdParty:1030 - CMSIS Pack Vendor :STMicroelectronics X-CUBE-TOUCHGFX 4.17.0
2024-03-13 13:37:34,143 [INFO] ThirdParty:1030 - CMSIS Pack Vendor :STMicroelectronics PDM2PCM 3.1.0
2024-03-13 13:37:34,143 [INFO] ThirdParty:1030 - CMSIS Pack Vendor :STMicroelectronics X-CUBE-TOF1 3.3.0
2024-03-13 13:37:34,143 [INFO] ThirdParty:1030 - CMSIS Pack Vendor :STMicroelectronics FP-ATR-ASTRA1 1.1.1
2024-03-13 13:37:34,143 [INFO] ThirdParty:1030 - CMSIS Pack Vendor :Infineon AIROC-Wi-Fi-Bluetooth-STM32 1.5.1
2024-03-13 13:37:34,143 [INFO] ThirdParty:1030 - CMSIS Pack Vendor :STMicroelectronics X-CUBE-AZRTOS-H7 2.0.0
2024-03-13 13:37:34,143 [INFO] ThirdParty:1030 - CMSIS Pack Vendor :STMicroelectronics FP-SNS-MOTENVWB1 1.3.1
2024-03-13 13:37:34,143 [INFO] ThirdParty:1030 - CMSIS Pack Vendor :STMicroelectronics FP-ATR-SIGFOX1 3.2.0
2024-03-13 13:37:34,143 [INFO] ThirdParty:1030 - CMSIS Pack Vendor :STMicroelectronics X-CUBE-AZRTOS-G4 1.0.0
2024-03-13 13:37:34,143 [INFO] ThirdParty:1030 - CMSIS Pack Vendor :STMicroelectronics X-CUBE-AZRTOS-L4 1.0.0
2024-03-13 13:37:34,143 [INFO] ThirdParty:1030 - CMSIS Pack Vendor :STMicroelectronics X-CUBE-ISPU 2.0.0
2024-03-13 13:37:34,143 [INFO] ThirdParty:1030 - CMSIS Pack Vendor :STMicroelectronics X-CUBE-EEPRMA1 5.1.0
2024-03-13 13:37:34,143 [INFO] ThirdParty:1030 - CMSIS Pack Vendor :STMicroelectronics MBEDTLS 2.16.2
2024-03-13 13:37:34,143 [INFO] ThirdParty:1030 - CMSIS Pack Vendor :emotas I-CUBE-CANOPEN 1.1.2
2024-03-13 13:37:34,144 [INFO] ThirdParty:1030 - CMSIS Pack Vendor :STMicroelectronics X-CUBE-MEMS1 10.0.0
2024-03-13 13:37:34,144 [INFO] ThirdParty:1030 - CMSIS Pack Vendor :STMicroelectronics X-CUBE-FREERTOS 1.1.0
2024-03-13 13:37:34,144 [INFO] ThirdParty:1030 - CMSIS Pack Vendor :STMicroelectronics X-CUBE-AZRTOS-F7 1.0.0
2024-03-13 13:37:34,144 [INFO] ThirdParty:1030 - CMSIS Pack Vendor :STMicroelectronics X-CUBE-AZRTOS-WL 1.0.0
2024-03-13 13:37:34,144 [INFO] ThirdParty:1030 - CMSIS Pack Vendor :STMicroelectronics X-CUBE-MEMS1 9.1.0
2024-03-13 13:37:34,144 [INFO] ThirdParty:1030 - CMSIS Pack Vendor :portGmbH I-Cube-SoM-uGOAL 1.1.0
2024-03-13 13:37:34,144 [INFO] ThirdParty:1030 - CMSIS Pack Vendor :STMicroelectronics X-CUBE-ALS 1.0.1
2024-03-13 13:37:34,144 [INFO] ThirdParty:1030 - CMSIS Pack Vendor :STMicroelectronics X-CUBE-MEMS1 9.5.0
2024-03-13 13:37:34,144 [INFO] ThirdParty:1030 - CMSIS Pack Vendor :STMicroelectronics X-CUBE-AI 7.0.0
2024-03-13 13:37:34,144 [INFO] ThirdParty:1030 - CMSIS Pack Vendor :STMicroelectronics ThreadX 1.0.0
2024-03-13 13:37:34,144 [INFO] ThirdParty:1030 - CMSIS Pack Vendor :STMicroelectronics X-CUBE-AZRTOS-WB 1.1.0
2024-03-13 13:37:34,144 [INFO] ThirdParty:1030 - CMSIS Pack Vendor :SEGGER I-CUBE-embOS 1.3.1
2024-03-13 13:37:34,144 [INFO] ThirdParty:1030 - CMSIS Pack Vendor :STMicroelectronics X-CUBE-AZRTOS-L5 1.0.0
2024-03-13 13:37:34,145 [INFO] ThirdParty:1030 - CMSIS Pack Vendor :STMicroelectronics X-CUBE-EEPRMA1 3.1.0
2024-03-13 13:37:34,145 [INFO] ThirdParty:1030 - CMSIS Pack Vendor :STMicroelectronics X-CUBE-EEPRMA1 3.1.1
2024-03-13 13:37:34,145 [INFO] ThirdParty:1030 - CMSIS Pack Vendor :STMicroelectronics X-CUBE-GNSS1 5.2.0
2024-03-13 13:37:34,145 [INFO] ThirdParty:1030 - CMSIS Pack Vendor :STMicroelectronics FP-ATR-ASTRA1 2.0.0
2024-03-13 13:37:34,145 [INFO] ThirdParty:1030 - CMSIS Pack Vendor :STMicroelectronics X-CUBE-DISPLAY 2.0.1
2024-03-13 13:37:34,146 [INFO] ThirdParty:1030 - CMSIS Pack Vendor :STMicroelectronics X-CUBE-TOF1 3.4.0
2024-03-13 13:37:34,146 [INFO] ThirdParty:1030 - CMSIS Pack Vendor :STMicroelectronics X-CUBE-TOF1 3.4.1
2024-03-13 13:37:34,146 [INFO] ThirdParty:1030 - CMSIS Pack Vendor :STMicroelectronics X-CUBE-AZRTOS-H7 3.2.0
2024-03-13 13:37:34,146 [INFO] ThirdParty:1030 - CMSIS Pack Vendor :STMicroelectronics X-CUBE-TOF1 3.0.0
2024-03-13 13:37:34,146 [INFO] ThirdParty:841 - exiting critical section [change project]
2024-03-13 13:37:35,336 [INFO] PinOutPanel:1499 - setPackage(No Configuration,No Configuration)
2024-03-13 13:37:35,339 [INFO] PinOutPanel:1499 - setPackage(STM32F446RETx,LQFP64)
2024-03-13 13:37:36,722 [INFO] UtilMem:75 - Before build in PCC Used Memory: 240875808 Bytes (497025024)
2024-03-13 13:37:38,503 [INFO] UtilMem:75 - After build in PCC Used Memory: 383422576 Bytes (497025024)
2024-03-13 13:37:38,631 [INFO] IPUIPlugin:80 - create IPUIPlugin
2024-03-13 13:37:38,632 [INFO] IPUIPlugin:80 - create IPUIPlugin
2024-03-13 13:37:38,632 [INFO] IPUIPlugin:80 - create IPUIPlugin
2024-03-13 13:37:38,632 [INFO] IPUIPlugin:80 - create IPUIPlugin
2024-03-13 13:37:38,632 [INFO] IPUIPlugin:80 - create IPUIPlugin
2024-03-13 13:37:38,633 [INFO] IPUIPlugin:80 - create IPUIPlugin
2024-03-13 13:37:38,633 [INFO] IPUIPlugin:80 - create IPUIPlugin
2024-03-13 13:37:38,633 [INFO] IPUIPlugin:80 - create IPUIPlugin
2024-03-13 13:37:38,634 [INFO] IPUIPlugin:80 - create IPUIPlugin
2024-03-13 13:37:38,634 [INFO] IPUIPlugin:80 - create IPUIPlugin
2024-03-13 13:37:38,634 [INFO] IPUIPlugin:80 - create IPUIPlugin
2024-03-13 13:37:38,634 [INFO] IPUIPlugin:80 - create IPUIPlugin
2024-03-13 13:37:38,634 [INFO] IPUIPlugin:80 - create IPUIPlugin
2024-03-13 13:37:38,635 [INFO] IPUIPlugin:80 - create IPUIPlugin
2024-03-13 13:37:38,635 [INFO] IPUIPlugin:80 - create IPUIPlugin
2024-03-13 13:37:38,636 [INFO] IPUIPlugin:80 - create IPUIPlugin
2024-03-13 13:37:38,636 [INFO] IPUIPlugin:80 - create IPUIPlugin
2024-03-13 13:37:38,636 [INFO] IPUIPlugin:80 - create IPUIPlugin
2024-03-13 13:37:38,637 [INFO] IPUIPlugin:80 - create IPUIPlugin
2024-03-13 13:37:38,637 [INFO] IPUIPlugin:80 - create IPUIPlugin
2024-03-13 13:37:38,638 [INFO] IPUIPlugin:80 - create IPUIPlugin
2024-03-13 13:37:38,638 [INFO] IPUIPlugin:80 - create IPUIPlugin
2024-03-13 13:37:38,639 [INFO] IPUIPlugin:80 - create IPUIPlugin
2024-03-13 13:37:38,639 [INFO] IPUIPlugin:80 - create IPUIPlugin
2024-03-13 13:37:38,640 [INFO] IPUIPlugin:80 - create IPUIPlugin
2024-03-13 13:37:38,641 [INFO] IPUIPlugin:80 - create IPUIPlugin
2024-03-13 13:37:38,641 [INFO] IPUIPlugin:80 - create IPUIPlugin
2024-03-13 13:37:38,641 [INFO] IPUIPlugin:80 - create IPUIPlugin
2024-03-13 13:37:38,643 [INFO] IPUIPlugin:80 - create IPUIPlugin
2024-03-13 13:37:38,644 [INFO] IPUIPlugin:80 - create IPUIPlugin
2024-03-13 13:37:38,645 [INFO] IPUIPlugin:80 - create IPUIPlugin
2024-03-13 13:37:38,645 [INFO] IPUIPlugin:80 - create IPUIPlugin
2024-03-13 13:37:38,646 [INFO] IPUIPlugin:80 - create IPUIPlugin
2024-03-13 13:37:38,647 [INFO] IPUIPlugin:80 - create IPUIPlugin
2024-03-13 13:37:38,647 [INFO] IPUIPlugin:80 - create IPUIPlugin
2024-03-13 13:37:38,648 [INFO] IPUIPlugin:80 - create IPUIPlugin
2024-03-13 13:37:38,649 [INFO] IPUIPlugin:80 - create IPUIPlugin
2024-03-13 13:37:38,649 [INFO] IPUIPlugin:80 - create IPUIPlugin
2024-03-13 13:37:38,650 [INFO] IPUIPlugin:80 - create IPUIPlugin
2024-03-13 13:37:38,651 [INFO] IPUIPlugin:80 - create IPUIPlugin
2024-03-13 13:37:38,651 [INFO] IPUIPlugin:80 - create IPUIPlugin
2024-03-13 13:37:38,651 [INFO] IPUIPlugin:80 - create IPUIPlugin
2024-03-13 13:37:38,652 [INFO] IPUIPlugin:80 - create IPUIPlugin
2024-03-13 13:37:38,652 [INFO] IPUIPlugin:80 - create IPUIPlugin
2024-03-13 13:37:38,653 [INFO] IPUIPlugin:80 - create IPUIPlugin
2024-03-13 13:37:38,653 [INFO] IPUIPlugin:80 - create IPUIPlugin
2024-03-13 13:37:38,654 [INFO] IPUIPlugin:80 - create IPUIPlugin
2024-03-13 13:37:38,654 [INFO] IPUIPlugin:80 - create IPUIPlugin
2024-03-13 13:37:38,656 [INFO] IPUIPlugin:80 - create IPUIPlugin
2024-03-13 13:37:38,657 [INFO] IPUIPlugin:80 - create IPUIPlugin
2024-03-13 13:37:38,658 [INFO] IPUIPlugin:80 - create IPUIPlugin
2024-03-13 13:37:38,658 [INFO] IPUIPlugin:80 - create IPUIPlugin
2024-03-13 13:37:38,659 [INFO] IPUIPlugin:80 - create IPUIPlugin
2024-03-13 13:37:38,660 [INFO] IPUIPlugin:80 - create IPUIPlugin
2024-03-13 13:37:38,661 [INFO] IPUIPlugin:80 - create IPUIPlugin
2024-03-13 13:37:38,662 [INFO] IPUIPlugin:80 - create IPUIPlugin
2024-03-13 13:37:38,663 [INFO] IPUIPlugin:80 - create IPUIPlugin
2024-03-13 13:37:38,664 [INFO] IPUIPlugin:80 - create IPUIPlugin
2024-03-13 13:37:38,665 [INFO] IPUIPlugin:80 - create IPUIPlugin
2024-03-13 13:37:38,666 [INFO] IPUIPlugin:80 - create IPUIPlugin
2024-03-13 13:37:38,987 [INFO] ApiDbMcu:508 - Load IP Config File for PDM2PCM
2024-03-13 13:37:39,033 [INFO] Can:71 - Can Add PropertyChangeListener com.st.microxplorer.plugins.ip.can.Can@11e6539e
2024-03-13 13:37:39,584 [INFO] CADModel:165 - CPN selected for project levelSTM32F446RET6
2024-03-13 13:37:39,585 [INFO] CADModel:114 - Register for checkConnection events
2024-03-13 13:37:39,666 [INFO] OpenFileManager:343 - Restore cursor
2024-03-13 14:15:59,849 [ERROR] LogOutputStream:75 - [STDERR_REDIRECT] 
