2024-03-20 12:22:17,660 [INFO] McuFinderGlobals:63 - Set McuFinder mode to 2 (CubeIDE integrated)
2024-03-20 12:22:17,891 [INFO] MainUpdater:2873 - connection check result : 10
2024-03-20 12:22:17,907 [INFO] MainUpdater:2873 - connection check result : 10
2024-03-20 12:22:18,242 [INFO] MicroXplorer:468 - Change Database Path : 
2024-03-20 12:22:18,242 [INFO] MicroXplorer:498 - Change Database Version : DB.6.0.100
2024-03-20 12:22:18,253 [WARN] ThirdParty:871 - waiting for thirdparty lock release [close project]
2024-03-20 12:22:18,253 [INFO] ThirdParty:873 - entering critical section [close project]
2024-03-20 12:22:18,255 [INFO] ThirdParty:883 - exiting critical section [close project]
2024-03-20 12:22:18,261 [INFO] PinOutPanel:1499 - setPackage(No Configuration,No Configuration)
2024-03-20 12:22:18,275 [INFO] UtilMem:75 - Begin LoadConfig() Used Memory: 721897360 Bytes (1073741824)
2024-03-20 12:22:18,280 [INFO] MicroXplorer:468 - Change Database Path : 
2024-03-20 12:22:18,280 [INFO] MicroXplorer:498 - Change Database Version : DB.6.0.100
2024-03-20 12:22:18,280 [INFO] OpenFileManager:312 - Change cursor
2024-03-20 12:22:18,388 [INFO] Mcu:2016 - Initializing MCU STM32F446R(C-E)Tx STM32F446RETx STM32F446RET6
2024-03-20 12:22:22,112 [INFO] Context:659 - Trying to add GPIOservice into a context  which must be forbidden
2024-03-20 12:22:23,429 [INFO] RtosManager:555 - Registered RTOS mode: class=CMSIS, group=RTOS, mode=CMSIS_V1, owner=FREERTOS
2024-03-20 12:22:23,430 [INFO] RtosManager:555 - Registered RTOS mode: class=CMSIS, group=RTOS2, mode=CMSIS_V2, owner=FREERTOS
2024-03-20 12:22:23,430 [INFO] RtosManager:555 - Registered RTOS mode: class=RTOS, group=Core, mode=CMSIS_V1, owner=FREERTOS
2024-03-20 12:22:23,430 [INFO] RtosManager:555 - Registered RTOS mode: class=RTOS, group=Core, mode=CMSIS_V2, owner=FREERTOS
2024-03-20 12:22:23,430 [WARN] ModelIntegratedComponent:184 - Missing modes for component STMicroelectronics:FreeRTOS:0.0.1:STMicroelectronics:RTOS:FreeRTOS:Core:::10.2.0:
2024-03-20 12:22:23,446 [WARN] ModelIntegratedComponent:63 - No mode defined for component null
2024-03-20 12:22:23,446 [WARN] ModelIntegratedComponent:63 - No mode defined for component null
2024-03-20 12:22:23,446 [WARN] ModelIntegratedComponent:63 - No mode defined for component null
2024-03-20 12:22:23,446 [WARN] ModelIntegratedComponent:63 - No mode defined for component null
2024-03-20 12:22:23,446 [WARN] ModelIntegratedComponent:63 - No mode defined for component null
2024-03-20 12:22:23,446 [WARN] ModelIntegratedComponent:63 - No mode defined for component null
2024-03-20 12:22:23,446 [WARN] ModelIntegratedComponent:63 - No mode defined for component null
2024-03-20 12:22:23,446 [WARN] ModelIntegratedComponent:63 - No mode defined for component null
2024-03-20 12:22:23,446 [WARN] ModelIntegratedComponent:63 - No mode defined for component null
2024-03-20 12:22:23,446 [WARN] ModelIntegratedComponent:63 - No mode defined for component null
2024-03-20 12:22:23,446 [WARN] ModelIntegratedComponent:63 - No mode defined for component null
2024-03-20 12:22:23,446 [WARN] ModelIntegratedComponent:63 - No mode defined for component null
2024-03-20 12:22:23,446 [WARN] ModelIntegratedComponent:63 - No mode defined for component null
2024-03-20 12:22:23,446 [WARN] ModelIntegratedComponent:63 - No mode defined for component null
2024-03-20 12:22:23,446 [WARN] ModelIntegratedComponent:63 - No mode defined for component null
2024-03-20 12:22:23,456 [WARN] ModelIntegratedComponent:63 - No mode defined for component null
2024-03-20 12:22:23,456 [WARN] ModelIntegratedComponent:63 - No mode defined for component null
2024-03-20 12:22:23,456 [WARN] ModelIntegratedComponent:63 - No mode defined for component null
2024-03-20 12:22:23,456 [WARN] ModelIntegratedComponent:63 - No mode defined for component null
2024-03-20 12:22:23,456 [WARN] ModelIntegratedComponent:63 - No mode defined for component null
2024-03-20 12:22:23,456 [WARN] ModelIntegratedComponent:63 - No mode defined for component null
2024-03-20 12:22:23,456 [WARN] ModelIntegratedComponent:63 - No mode defined for component null
2024-03-20 12:22:23,456 [WARN] ModelIntegratedComponent:63 - No mode defined for component null
2024-03-20 12:22:23,456 [WARN] ModelIntegratedComponent:63 - No mode defined for component null
2024-03-20 12:22:23,456 [WARN] ModelIntegratedComponent:63 - No mode defined for component null
2024-03-20 12:22:23,456 [WARN] ModelIntegratedComponent:63 - No mode defined for component null
2024-03-20 12:22:23,456 [WARN] ModelIntegratedComponent:63 - No mode defined for component null
2024-03-20 12:22:23,456 [WARN] ModelIntegratedComponent:63 - No mode defined for component null
2024-03-20 12:22:23,456 [WARN] ModelIntegratedComponent:63 - No mode defined for component null
2024-03-20 12:22:23,456 [WARN] ModelIntegratedComponent:63 - No mode defined for component null
2024-03-20 12:22:23,456 [WARN] ModelIntegratedComponent:63 - No mode defined for component null
2024-03-20 12:22:23,456 [WARN] ModelIntegratedComponent:63 - No mode defined for component null
2024-03-20 12:22:23,456 [WARN] ModelIntegratedComponent:63 - No mode defined for component null
2024-03-20 12:22:24,057 [INFO] ThirdPartyModel:298 - Start build external matchings
2024-03-20 12:22:26,486 [INFO] ThirdPartyModel:316 - End build external matchings
2024-03-20 12:22:27,231 [INFO] UtilMem:75 - End LoadConfig() Used Memory: 607269024 Bytes (1073741824)
2024-03-20 12:22:27,525 [INFO] ApiDb:581 - Connected to CubeFinder SQLite database (C:\Users\porsc\.stmcufinder\plugins\mcufinder\mcu\cube-finder-db.db)
2024-03-20 12:22:27,744 [INFO] ApiDb:668 - CubeFinder database Data Model version=2.1
2024-03-20 12:22:27,744 [INFO] ApiDb:669 - CubeFinder database Configuration version=3.0.39
2024-03-20 12:22:27,747 [INFO] ApiDb:670 - CubeFinder database generation date=2024-03-01 (1709305525)
2024-03-20 12:22:27,748 [INFO] ApiDb:671 - CubeFinder database FW Pack versions=[FP-ATR-ASTRA1_V2.0.0, FP-SNS-FLIGHT1_V5.0.1, FP-SNS-FLIGHT1_V5.0.2, FP-SNS-MOTENV1_V4.3.1, FP-SNS-MOTENV1_V4.3.2, FP-SNS-MOTENVWB1_V1.3.1, FP-SNS-SMARTAG2_V1.2.0, STM32Cube_FW_C0_V1.1.0, STM32Cube_FW_F4_V1.28.0, STM32Cube_FW_F7_V1.17.0, STM32Cube_FW_G0_V1.6.2, STM32Cube_FW_G4_V1.5.2, STM32Cube_FW_H5_V0.5.1, STM32Cube_FW_H5_V1.1.1, STM32Cube_FW_H5_V1.2.0, STM32Cube_FW_H5_V1.2.0RC4, STM32Cube_FW_H7RS_V1.0.0, STM32Cube_FW_H7RS_V1.0.0RC4, STM32Cube_FW_H7_V1.11.0, STM32Cube_FW_L0_V1.12.2, STM32Cube_FW_L5_V1.5.1, STM32Cube_FW_U0_V1.0.0, STM32Cube_FW_U0_V1.0.0RC1, STM32Cube_FW_U5_V1.3.0RC4, STM32Cube_FW_U5_V1.5.0, STM32Cube_FW_U5_V1.5.0RC1, STM32Cube_FW_WBA_V1.0.0RC1, STM32Cube_FW_WBA_V1.2.0, STM32Cube_FW_WBA_V1.2.0RC2, STM32Cube_FW_WBA_V1.3.0, STM32Cube_FW_WBA_V1.3.0RC1, STM32Cube_FW_WB_V1.15.0RC1, STM32Cube_FW_WB_V1.16.0, STM32Cube_FW_WB_V1.16.0RC2, STM32Cube_FW_WB_V1.18.0, STM32Cube_FW_WB_V1.19.0, STM32Cube_FW_WL_V1.3.0, X-CUBE-ALGOBUILD_V1.3.0, X-CUBE-ALS_V1.0.1, X-CUBE-AZRTOS-F4_V1.1.0, X-CUBE-AZRTOS-F7_V1.1.0, X-CUBE-AZRTOS-G0_V1.1.0, X-CUBE-AZRTOS-G4_V2.0.0, X-CUBE-AZRTOS-H7_V3.2.0, X-CUBE-AZRTOS-L4_V1.0.0, X-CUBE-AZRTOS-L4_V2.0.0, X-CUBE-AZRTOS-L5_V1.1.0, X-CUBE-AZRTOS-WB_V2.0.0, X-CUBE-AZRTOS-WL_V2.0.0, X-CUBE-BLE1_V7.0.0, X-CUBE-BLE2_V3.3.0, X-CUBE-BLEMGR_V3.1.0, X-CUBE-EEPRMA1_V4.1.0, X-CUBE-EEPRMA1_V5.1.0, X-CUBE-FREERTOS_V1.1.0, X-CUBE-GNSS1_V6.0.0, X-CUBE-MEMS1_V10.0.0, X-CUBE-MEMS1_V9.1.0, X-CUBE-MEMS1_V9.4.0, X-CUBE-MEMS1_V9.6.0, X-CUBE-NFC4_V3.0.0, X-CUBE-NFC7_V1.0.1, X-CUBE-SFXS2LP1_V4.0.0, X-CUBE-SUBG2_V5.0.0, X-CUBE-TOF1_V3.4.0]
2024-03-20 12:22:34,069 [INFO] ApiDb:240 - Found 371 in-development CPN: [B-G473E-ZEST1S, B-WB1M-WPAN1, B-WL5M-SUBG1, NUCLEO-C031C6, NUCLEO-H503RB, NUCLEO-H563ZI, NUCLEO-U545RE-Q, NUCLEO-U5A5ZJ-Q, NUCLEO-WBA52CG, NUCLEO-WBA55CG, STEVAL-MKBOXPRO, STEVAL-PROTEUS1, STEVAL-STWINBX1, STM320518-EVAL, STM32C0116-DK, STM32C011D6Y3TR, STM32C011D6Y6TR, STM32C011F4P3, STM32C011F4P6, STM32C011F4U3, STM32C011F4U6TR, STM32C011F6P3, STM32C011F6P6, STM32C011F6U3, STM32C011F6U6TR, STM32C011J4M3, STM32C011J4M6, STM32C011J6M3, STM32C011J6M6, STM32C0316-DK, STM32C031C4T3, STM32C031C4T6, STM32C031C4U3, STM32C031C4U6, STM32C031C6T3, STM32C031C6T6, STM32C031C6U3, STM32C031C6U6, STM32C031F4P3, STM32C031F4P6, STM32C031F6P3, STM32C031F6P6, STM32C031G4U3, STM32C031G4U6, STM32C031G6U3, STM32C031G6U6, STM32C031K4T3, STM32C031K4T6, STM32C031K4U3, STM32C031K4U6, STM32C031K6T3, STM32C031K6T6, STM32C031K6U3, STM32C031K6U6, STM32G071K8TXN, STM32G071K8UXN, STM32G081GBU6N, STM32G081KBT6N, STM32G081KBUXN, STM32G0B1CCT6N, STM32G0B1KCT6, STM32G0B1NEY6TR, STM32G0B1RCT6N, STM32G0C1CCT6, STM32G0C1CCT6N, STM32G0C1CCU6N, STM32G0C1CET6N, STM32G0C1CEU6N, STM32G0C1KCT6, STM32G0C1NEY6TR, STM32G0C1RCI6N, STM32G0C1RCT6N, STM32G0C1REI6N, STM32G0C1RET6N, STM32G0C1VCI6, STM32G0C1VEI6, STM32G471CCT6, STM32G471CCU6, STM32G471CET3, STM32G471CET6, STM32G471CEU3, STM32G471CEU6, STM32G471MCT6, STM32G471MET3, STM32G471MET6, STM32G471MEY6TR, STM32G471QCT6, STM32G471QET3, STM32G471RCT6, STM32G471RET3, STM32G471RET6, STM32G471VCH6, STM32G471VCI6, STM32G471VCT6, STM32G471VEH3, STM32G471VEH6, STM32G471VEI3, STM32G471VEI6, STM32G471VET3, STM32G471VET6, STM32G474CCT6, STM32H503CBT6, STM32H503CBU6, STM32H503EBY6TR, STM32H503KBU6, STM32H503RBT6, STM32H562AGI6, STM32H562AII6, STM32H562IGK6, STM32H562IGT6, STM32H562IIK6, STM32H562IIT6, STM32H562RGT6, STM32H562RGV6, STM32H562RIT6, STM32H562RIV6, STM32H562VGT6, STM32H562VIT6, STM32H562ZGT6, STM32H562ZIT6, STM32H563AGI6, STM32H563AII3Q, STM32H563AII6, STM32H563IGK6, STM32H563IGT6, STM32H563IIK3Q, STM32H563IIK6, STM32H563IIT3Q, STM32H563IIT6, STM32H563MIY3QTR, STM32H563RGT6, STM32H563RGV6, STM32H563RIT6, STM32H563RIV6, STM32H563VGT6, STM32H563VIT3Q, STM32H563VIT6, STM32H563ZGT6, STM32H563ZIT3Q, STM32H563ZIT6, STM32H573AII3Q, STM32H573AII6, STM32H573I-DK, STM32H573IIK3Q, STM32H573IIK6, STM32H573IIT3Q, STM32H573IIT6, STM32H573MIY3QTR, STM32H573RIT6, STM32H573RIV6, STM32H573VIT3Q, STM32H573VIT6, STM32H573ZIT3Q, STM32H573ZIT6, STM32L4R5QGI6STR, STM32MP131AAE3, STM32MP131AAF3, STM32MP131AAG3, STM32MP131CAE3, STM32MP131CAF3, STM32MP131CAG3, STM32MP131DAE7, STM32MP131DAF7, STM32MP131DAG7, STM32MP131FAE7, STM32MP131FAF7, STM32MP131FAG7, STM32MP133AAE3, STM32MP133AAF3, STM32MP133AAG3, STM32MP133CAE3, STM32MP133CAF3, STM32MP133CAG3, STM32MP133DAE7, STM32MP133DAF7, STM32MP133DAG7, STM32MP133FAE7, STM32MP133FAF7, STM32MP133FAG7, STM32MP135AAE3, STM32MP135AAF3, STM32MP135AAG3, STM32MP135CAE3, STM32MP135CAF3, STM32MP135CAG3, STM32MP135DAE7, STM32MP135DAF7, STM32MP135DAG7, STM32MP135F-DK, STM32MP135FAE7, STM32MP135FAF7, STM32MP135FAF7T, STM32MP135FAF7U, STM32MP135FAG7, STM32U535CBT6, STM32U535CBT6Q, STM32U535CBU6, STM32U535CBU6Q, STM32U535CCT6, STM32U535CCT6Q, STM32U535CCU6, STM32U535CCU6Q, STM32U535CET6, STM32U535CET6Q, STM32U535CEU6, STM32U535CEU6Q, STM32U535JEY6QTR, STM32U535NCY6QTR, STM32U535NEY6QTR, STM32U535RBI6, STM32U535RBI6Q, STM32U535RBT6, STM32U535RBT6Q, STM32U535RCI6, STM32U535RCI6Q, STM32U535RCT6, STM32U535RCT6Q, STM32U535REI6, STM32U535REI6Q, STM32U535RET6, STM32U535RET6Q, STM32U535VCI6, STM32U535VCI6Q, STM32U535VCT6, STM32U535VCT6Q, STM32U535VEI6, STM32U535VEI6Q, STM32U535VET6, STM32U535VET6Q, STM32U545CET6, STM32U545CET6Q, STM32U545CEU6, STM32U545CEU6Q, STM32U545JEY6QTR, STM32U545NEY6QTR, STM32U545REI6, STM32U545REI6Q, STM32U545RET6, STM32U545RET6Q, STM32U545VEI6, STM32U545VEI6Q, STM32U545VET6, STM32U545VET6Q, STM32U595AIH6, STM32U595AIH6Q, STM32U595AJH6, STM32U595AJH6Q, STM32U595QII6, STM32U595QII6Q, STM32U595QJI6, STM32U595QJI6Q, STM32U595RIT6, STM32U595RIT6Q, STM32U595RJT6, STM32U595RJT6Q, STM32U595VIT6, STM32U595VIT6Q, STM32U595VJT6, STM32U595VJT6Q, STM32U595ZIT6, STM32U595ZIT6Q, STM32U595ZIY6QTR, STM32U595ZJT6, STM32U595ZJT6Q, STM32U595ZJY6QTR, STM32U599BJY6QTR, STM32U599NIH6Q, STM32U599NJH6Q, STM32U599VIT6Q, STM32U599VJT6, STM32U599VJT6Q, STM32U599ZIT6Q, STM32U599ZIY6QTR, STM32U599ZJT6Q, STM32U599ZJY6QTR, STM32U5A5AJH6, STM32U5A5AJH6Q, STM32U5A5QJI6, STM32U5A5QJI6Q, STM32U5A5RJT6, STM32U5A5RJT6Q, STM32U5A5VJT6, STM32U5A5VJT6Q, STM32U5A5ZJT6, STM32U5A5ZJT6Q, STM32U5A5ZJY6QTR, STM32U5A9BJY6QTR, STM32U5A9J-DK, STM32U5A9NJH6Q, STM32U5A9VJT6Q, STM32U5A9ZJT6Q, STM32U5A9ZJY6QTR, STM32U5F7VIT6, STM32U5F7VIT6Q, STM32U5F7VJT6, STM32U5F7VJT6Q, STM32U5F9BJY6QTR, STM32U5F9NJH6Q, STM32U5F9VIT6Q, STM32U5F9VJT6Q, STM32U5F9ZIJ6QTR, STM32U5F9ZIT6Q, STM32U5F9ZJJ6QTR, STM32U5F9ZJT6Q, STM32U5G7VJT6, STM32U5G7VJT6Q, STM32U5G9BJY6QTR, STM32U5G9J-DK1, STM32U5G9J-DK2, STM32U5G9NJH6Q, STM32U5G9VJT6Q, STM32U5G9ZJJ6QTR, STM32U5G9ZJT6Q, STM32WB1MMCH6, STM32WBA50KEU6, STM32WBA50KEU6TR, STM32WBA50KGU6, STM32WBA50KGU6TR, STM32WBA52CEU6, STM32WBA52CEU6TR, STM32WBA52CEU7, STM32WBA52CEU7TR, STM32WBA52CGU6, STM32WBA52CGU6TR, STM32WBA52CGU6U, STM32WBA52CGU7, STM32WBA52CGU7TR, STM32WBA52KEU6, STM32WBA52KEU6TR, STM32WBA52KGU6, STM32WBA52KGU6TR, STM32WBA54CEU6, STM32WBA54CEU6TR, STM32WBA54CEU7, STM32WBA54CEU7TR, STM32WBA54CGU6, STM32WBA54CGU6TR, STM32WBA54CGU7, STM32WBA54CGU7TR, STM32WBA54KEU6, STM32WBA54KEU6TR, STM32WBA54KEU7, STM32WBA54KEU7TR, STM32WBA54KGU6, STM32WBA54KGU6TR, STM32WBA54KGU7, STM32WBA54KGU7TR, STM32WBA55CEU6, STM32WBA55CEU6TR, STM32WBA55CEU7, STM32WBA55CEU7TR, STM32WBA55CGU6, STM32WBA55CGU6TR, STM32WBA55CGU6U, STM32WBA55CGU7, STM32WBA55CGU7TR, STM32WBA55G-DK1, STM32WBA55HEF6, STM32WBA55HEF7, STM32WBA55HGF6, STM32WBA55HGF7, STM32WBA55UEI6, STM32WBA55UEI6TR, STM32WBA55UEI7, STM32WBA55UEI7TR, STM32WBA55UGI6, STM32WBA55UGI6TR, STM32WBA55UGI7, STM32WBA55UGI7TR, STM32WL5MOCH6, STM32WL5MOCH6TR]
2024-03-20 12:22:34,079 [INFO] DbMcus:218 - Found 3986 MCUs, 3986 are supported
2024-03-20 12:22:34,081 [INFO] ApiDb:423 - Load user favorites file C:\Users\porsc/.stm32cubeide/favorites.mcus.txt: 0 item(s)
2024-03-20 12:22:34,081 [INFO] ApiDb:427 - User favorites MCUs=[]
2024-03-20 12:22:34,082 [INFO] DbMcus:224 - Set 0 / 0 favorites MCUs
2024-03-20 12:22:34,802 [INFO] MicroXplorer:468 - Change Database Path : 
2024-03-20 12:22:34,803 [INFO] MicroXplorer:498 - Change Database Version : DB.6.0.100
2024-03-20 12:22:34,803 [WARN] ThirdParty:833 - waiting for thirdparty lock release [change project]
2024-03-20 12:22:34,803 [INFO] ThirdParty:835 - entering critical section [change project]
2024-03-20 12:22:34,804 [INFO] ThirdParty:1030 - CMSIS Pack Vendor :STMicroelectronics USBPD 4.1
2024-03-20 12:22:34,804 [INFO] ThirdParty:1030 - CMSIS Pack Vendor :STMicroelectronics X-CUBE-GNSS1 6.0.0
2024-03-20 12:22:34,804 [INFO] ThirdParty:1030 - CMSIS Pack Vendor :STMicroelectronics USB_HOST 2.0.0
2024-03-20 12:22:34,804 [INFO] ThirdParty:1030 - CMSIS Pack Vendor :STMicroelectronics X-CUBE-AZRTOS-F4 1.1.0
2024-03-20 12:22:34,804 [INFO] ThirdParty:1030 - CMSIS Pack Vendor :STMicroelectronics LIBJPEG 8.0.0
2024-03-20 12:22:34,804 [INFO] ThirdParty:1030 - CMSIS Pack Vendor :STMicroelectronics X-CUBE-SMBUS 2.1.0
2024-03-20 12:22:34,804 [INFO] ThirdParty:1030 - CMSIS Pack Vendor :STMicroelectronics X-CUBE-TOUCHGFX 4.23.0
2024-03-20 12:22:34,804 [INFO] ThirdParty:1030 - CMSIS Pack Vendor :STMicroelectronics X-CUBE-AZRTOS-H7 1.1.0
2024-03-20 12:22:34,804 [INFO] ThirdParty:1030 - CMSIS Pack Vendor :STMicroelectronics X-CUBE-AZRTOS-F7 1.1.0
2024-03-20 12:22:34,805 [INFO] ThirdParty:1030 - CMSIS Pack Vendor :STMicroelectronics X-CUBE-AZRTOS-L5 2.0.0
2024-03-20 12:22:34,805 [INFO] ThirdParty:1030 - CMSIS Pack Vendor :STMicroelectronics USB_DEVICE 2.0.0
2024-03-20 12:22:34,805 [INFO] ThirdParty:1030 - CMSIS Pack Vendor :STMicroelectronics X-CUBE-MEMS1 9.6.0
2024-03-20 12:22:34,805 [INFO] ThirdParty:1030 - CMSIS Pack Vendor :ITTIA_DB I-CUBE-ITTIADB 8.8.0
2024-03-20 12:22:34,805 [INFO] ThirdParty:1030 - CMSIS Pack Vendor :STMicroelectronics X-CUBE-AI 7.1.0
2024-03-20 12:22:34,805 [INFO] ThirdParty:1030 - CMSIS Pack Vendor :STMicroelectronics FP-SNS-MOTENV1 4.3.2
2024-03-20 12:22:34,805 [INFO] ThirdParty:1030 - CMSIS Pack Vendor :STMicroelectronics FP-SNS-MOTENV1 4.3.1
2024-03-20 12:22:34,805 [INFO] ThirdParty:1030 - CMSIS Pack Vendor :STMicroelectronics FP-SNS-FLIGHT1 5.0.1
2024-03-20 12:22:34,805 [INFO] ThirdParty:1030 - CMSIS Pack Vendor :STMicroelectronics X-CUBE-BLE1 6.2.3
2024-03-20 12:22:34,806 [INFO] ThirdParty:1030 - CMSIS Pack Vendor :STMicroelectronics X-CUBE-BLE1 6.2.4
2024-03-20 12:22:34,806 [INFO] ThirdParty:1030 - CMSIS Pack Vendor :STMicroelectronics FreeRTOS 0.0.1
2024-03-20 12:22:34,806 [INFO] ThirdParty:1030 - CMSIS Pack Vendor :STMicroelectronics X-CUBE-BLEMGR 2.0.0
2024-03-20 12:22:34,806 [INFO] ThirdParty:1030 - CMSIS Pack Vendor :STMicroelectronics X-CUBE-BLE1 6.2.1
2024-03-20 12:22:34,806 [INFO] ThirdParty:1030 - CMSIS Pack Vendor :STMicroelectronics X-CUBE-BLE2 3.2.1
2024-03-20 12:22:34,806 [INFO] ThirdParty:1030 - CMSIS Pack Vendor :STMicroelectronics FP-SNS-FLIGHT1 5.0.2
2024-03-20 12:22:34,806 [INFO] ThirdParty:1030 - CMSIS Pack Vendor :STMicroelectronics X-CUBE-BLE2 3.2.2
2024-03-20 12:22:34,806 [INFO] ThirdParty:1030 - CMSIS Pack Vendor :STMicroelectronics X-CUBE-NFC4 2.0.3
2024-03-20 12:22:34,806 [INFO] ThirdParty:1030 - CMSIS Pack Vendor :wolfSSL I-CUBE-wolfSSL 4.8.0
2024-03-20 12:22:34,806 [INFO] ThirdParty:1030 - CMSIS Pack Vendor :STMicroelectronics X-CUBE-AZRTOS-H7 3.1.0
2024-03-20 12:22:34,807 [INFO] ThirdParty:1030 - CMSIS Pack Vendor :STMicroelectronics PDM2PCM 3.3.0
2024-03-20 12:22:34,807 [INFO] ThirdParty:1030 - CMSIS Pack Vendor :STMicroelectronics X-CUBE-SFXS2LP1 3.1.0
2024-03-20 12:22:34,807 [INFO] ThirdParty:1030 - CMSIS Pack Vendor :STMicroelectronics X-CUBE-DISPLAY 3.0.0
2024-03-20 12:22:34,807 [INFO] ThirdParty:1030 - CMSIS Pack Vendor :STMicroelectronics X-CUBE-AZRTOS-F4 1.0.0
2024-03-20 12:22:34,807 [INFO] ThirdParty:1030 - CMSIS Pack Vendor :STMicroelectronics X-CUBE-BLE1 7.0.0
2024-03-20 12:22:34,807 [INFO] ThirdParty:1030 - CMSIS Pack Vendor :STMicroelectronics X-CUBE-TOF1 2.0.0
2024-03-20 12:22:34,807 [INFO] ThirdParty:1030 - CMSIS Pack Vendor :STMicroelectronics HAL Drivers 0.0.0
2024-03-20 12:22:34,807 [INFO] ThirdParty:1030 - CMSIS Pack Vendor :STMicroelectronics X-CUBE-NFC7 1.0.1
2024-03-20 12:22:34,807 [INFO] ThirdParty:1030 - CMSIS Pack Vendor :STMicroelectronics MBEDTLS 2.14.1
2024-03-20 12:22:34,807 [INFO] ThirdParty:1030 - CMSIS Pack Vendor :STMicroelectronics X-CUBE-NFC7 1.0.0
2024-03-20 12:22:34,808 [INFO] ThirdParty:1030 - CMSIS Pack Vendor :STMicroelectronics X-CUBE-SUBG2 4.2.0
2024-03-20 12:22:34,808 [INFO] ThirdParty:1030 - CMSIS Pack Vendor :STMicroelectronics X-CUBE-NFC6 3.0.0
2024-03-20 12:22:34,808 [INFO] ThirdParty:1030 - CMSIS Pack Vendor :STMicroelectronics X-CUBE-EEPRMA1 4.1.0
2024-03-20 12:22:34,808 [INFO] ThirdParty:1030 - CMSIS Pack Vendor :STMicroelectronics X-CUBE-BLEMGR 3.1.0
2024-03-20 12:22:34,808 [INFO] ThirdParty:1030 - CMSIS Pack Vendor :STMicroelectronics FP-SNS-SMARTAG2 1.2.0
2024-03-20 12:22:34,808 [INFO] ThirdParty:1030 - CMSIS Pack Vendor :STMicroelectronics X-CUBE-AZRTOS-WL 2.0.0
2024-03-20 12:22:34,808 [INFO] ThirdParty:1030 - CMSIS Pack Vendor :STMicroelectronics X-CUBE-ALGOBUILD 1.2.1
2024-03-20 12:22:34,808 [INFO] ThirdParty:1030 - CMSIS Pack Vendor :STMicroelectronics X-CUBE-DISPLAY 1.0.0
2024-03-20 12:22:34,808 [INFO] ThirdParty:1030 - CMSIS Pack Vendor :STMicroelectronics USB_DEVICE 1.0.0
2024-03-20 12:22:34,808 [INFO] ThirdParty:1030 - CMSIS Pack Vendor :STMicroelectronics X-CUBE-AI 8.1.0
2024-03-20 12:22:34,808 [INFO] ThirdParty:1030 - CMSIS Pack Vendor :STMicroelectronics X-CUBE-AZRTOS-G0 1.0.0
2024-03-20 12:22:34,809 [INFO] ThirdParty:1030 - CMSIS Pack Vendor :STMicroelectronics X-CUBE-AZRTOS-L4 2.0.0
2024-03-20 12:22:34,809 [INFO] ThirdParty:1030 - CMSIS Pack Vendor :STMicroelectronics ThreadX 0.0.2
2024-03-20 12:22:34,809 [INFO] ThirdParty:1030 - CMSIS Pack Vendor :WES I-CUBE-Cesium 1.3.0
2024-03-20 12:22:34,809 [INFO] ThirdParty:1030 - CMSIS Pack Vendor :STMicroelectronics lwIP 2.1.2
2024-03-20 12:22:34,809 [INFO] ThirdParty:1030 - CMSIS Pack Vendor :STMicroelectronics X-CUBE-SFXS2LP1 4.0.0
2024-03-20 12:22:34,809 [INFO] ThirdParty:1030 - CMSIS Pack Vendor :STMicroelectronics X-CUBE-BLE2 3.3.0
2024-03-20 12:22:34,809 [INFO] ThirdParty:1030 - CMSIS Pack Vendor :STMicroelectronics X-CUBE-TOF1 3.2.0
2024-03-20 12:22:34,809 [INFO] ThirdParty:1030 - CMSIS Pack Vendor :STMicroelectronics PDM2PCM 3.2.0
2024-03-20 12:22:34,809 [INFO] ThirdParty:1030 - CMSIS Pack Vendor :STMicroelectronics X-CUBE-TOUCHGFX 4.18.1
2024-03-20 12:22:34,809 [INFO] ThirdParty:1030 - CMSIS Pack Vendor :STMicroelectronics X-CUBE-AZRTOS-H7 3.0.0
2024-03-20 12:22:34,810 [INFO] ThirdParty:1030 - CMSIS Pack Vendor :STMicroelectronics X-CUBE-ISPU 1.1.0
2024-03-20 12:22:34,810 [INFO] ThirdParty:1030 - CMSIS Pack Vendor :RoweBots I-CUBE-UNISONRTOS 5.5.0-4
2024-03-20 12:22:34,810 [INFO] ThirdParty:1030 - CMSIS Pack Vendor :STMicroelectronics USB_DEVICE 3.0.0
2024-03-20 12:22:34,810 [INFO] ThirdParty:1030 - CMSIS Pack Vendor :STMicroelectronics X-CUBE-AI 8.0.0
2024-03-20 12:22:34,810 [INFO] ThirdParty:1030 - CMSIS Pack Vendor :STMicroelectronics X-CUBE-AZRTOS-WB 2.0.0
2024-03-20 12:22:34,810 [INFO] ThirdParty:1030 - CMSIS Pack Vendor :STMicroelectronics X-CUBE-FREERTOS 1.0.0
2024-03-20 12:22:34,810 [INFO] ThirdParty:1030 - CMSIS Pack Vendor :STMicroelectronics X-CUBE-FREERTOS 1.0.1
2024-03-20 12:22:34,810 [INFO] ThirdParty:1030 - CMSIS Pack Vendor :STMicroelectronics X-CUBE-TOUCHGFX 4.21.1
2024-03-20 12:22:34,810 [INFO] ThirdParty:1030 - CMSIS Pack Vendor :STMicroelectronics X-CUBE-MEMS1 9.0.0
2024-03-20 12:22:34,810 [INFO] ThirdParty:1030 - CMSIS Pack Vendor :STMicroelectronics X-CUBE-TOUCHGFX 4.21.4
2024-03-20 12:22:34,811 [INFO] ThirdParty:1030 - CMSIS Pack Vendor :STMicroelectronics X-CUBE-ALGOBUILD 1.3.0
2024-03-20 12:22:34,811 [INFO] ThirdParty:1030 - CMSIS Pack Vendor :STMicroelectronics X-CUBE-AZRTOS-L5 1.1.0
2024-03-20 12:22:34,811 [INFO] ThirdParty:1030 - CMSIS Pack Vendor :STMicroelectronics X-CUBE-AZRTOS-G0 1.1.0
2024-03-20 12:22:34,811 [INFO] ThirdParty:1030 - CMSIS Pack Vendor :STMicroelectronics X-CUBE-AI 8.0.1
2024-03-20 12:22:34,811 [INFO] ThirdParty:1030 - CMSIS Pack Vendor :STMicroelectronics X-CUBE-NFC4 3.0.0
2024-03-20 12:22:34,811 [INFO] ThirdParty:1030 - CMSIS Pack Vendor :SEGGER I-CUBE-embOS 1.2.0
2024-03-20 12:22:34,811 [INFO] ThirdParty:1030 - CMSIS Pack Vendor :STMicroelectronics X-CUBE-SUBG2 5.0.0
2024-03-20 12:22:34,811 [INFO] ThirdParty:1030 - CMSIS Pack Vendor :STMicroelectronics STM32_WPAN 1.0.0
2024-03-20 12:22:34,811 [INFO] ThirdParty:1030 - CMSIS Pack Vendor :STMicroelectronics lwIP 2.0.3
2024-03-20 12:22:34,811 [INFO] ThirdParty:1030 - CMSIS Pack Vendor :STMicroelectronics USB_HOST 1.0.0
2024-03-20 12:22:34,812 [INFO] ThirdParty:1030 - CMSIS Pack Vendor :STMicroelectronics X-CUBE-AZRTOS-G4 2.0.0
2024-03-20 12:22:34,812 [INFO] ThirdParty:1030 - CMSIS Pack Vendor :STMicroelectronics X-CUBE-TOUCHGFX 4.17.0
2024-03-20 12:22:34,812 [INFO] ThirdParty:1030 - CMSIS Pack Vendor :STMicroelectronics PDM2PCM 3.1.0
2024-03-20 12:22:34,812 [INFO] ThirdParty:1030 - CMSIS Pack Vendor :STMicroelectronics X-CUBE-TOF1 3.3.0
2024-03-20 12:22:34,812 [INFO] ThirdParty:1030 - CMSIS Pack Vendor :STMicroelectronics FP-ATR-ASTRA1 1.1.1
2024-03-20 12:22:34,812 [INFO] ThirdParty:1030 - CMSIS Pack Vendor :Infineon AIROC-Wi-Fi-Bluetooth-STM32 1.5.1
2024-03-20 12:22:34,812 [INFO] ThirdParty:1030 - CMSIS Pack Vendor :STMicroelectronics X-CUBE-AZRTOS-H7 2.0.0
2024-03-20 12:22:34,812 [INFO] ThirdParty:1030 - CMSIS Pack Vendor :STMicroelectronics FP-SNS-MOTENVWB1 1.3.1
2024-03-20 12:22:34,812 [INFO] ThirdParty:1030 - CMSIS Pack Vendor :STMicroelectronics FP-ATR-SIGFOX1 3.2.0
2024-03-20 12:22:34,812 [INFO] ThirdParty:1030 - CMSIS Pack Vendor :STMicroelectronics X-CUBE-AZRTOS-G4 1.0.0
2024-03-20 12:22:34,813 [INFO] ThirdParty:1030 - CMSIS Pack Vendor :STMicroelectronics X-CUBE-AZRTOS-L4 1.0.0
2024-03-20 12:22:34,813 [INFO] ThirdParty:1030 - CMSIS Pack Vendor :STMicroelectronics X-CUBE-ISPU 2.0.0
2024-03-20 12:22:34,813 [INFO] ThirdParty:1030 - CMSIS Pack Vendor :STMicroelectronics X-CUBE-EEPRMA1 5.1.0
2024-03-20 12:22:34,813 [INFO] ThirdParty:1030 - CMSIS Pack Vendor :STMicroelectronics MBEDTLS 2.16.2
2024-03-20 12:22:34,813 [INFO] ThirdParty:1030 - CMSIS Pack Vendor :emotas I-CUBE-CANOPEN 1.1.2
2024-03-20 12:22:34,813 [INFO] ThirdParty:1030 - CMSIS Pack Vendor :STMicroelectronics X-CUBE-MEMS1 10.0.0
2024-03-20 12:22:34,813 [INFO] ThirdParty:1030 - CMSIS Pack Vendor :STMicroelectronics X-CUBE-FREERTOS 1.1.0
2024-03-20 12:22:34,813 [INFO] ThirdParty:1030 - CMSIS Pack Vendor :STMicroelectronics X-CUBE-AZRTOS-F7 1.0.0
2024-03-20 12:22:34,814 [INFO] ThirdParty:1030 - CMSIS Pack Vendor :STMicroelectronics X-CUBE-AZRTOS-WL 1.0.0
2024-03-20 12:22:34,814 [INFO] ThirdParty:1030 - CMSIS Pack Vendor :STMicroelectronics X-CUBE-MEMS1 9.1.0
2024-03-20 12:22:34,814 [INFO] ThirdParty:1030 - CMSIS Pack Vendor :portGmbH I-Cube-SoM-uGOAL 1.1.0
2024-03-20 12:22:34,814 [INFO] ThirdParty:1030 - CMSIS Pack Vendor :STMicroelectronics X-CUBE-ALS 1.0.1
2024-03-20 12:22:34,814 [INFO] ThirdParty:1030 - CMSIS Pack Vendor :STMicroelectronics X-CUBE-MEMS1 9.5.0
2024-03-20 12:22:34,814 [INFO] ThirdParty:1030 - CMSIS Pack Vendor :STMicroelectronics X-CUBE-AI 7.0.0
2024-03-20 12:22:34,814 [INFO] ThirdParty:1030 - CMSIS Pack Vendor :STMicroelectronics ThreadX 1.0.0
2024-03-20 12:22:34,814 [INFO] ThirdParty:1030 - CMSIS Pack Vendor :STMicroelectronics X-CUBE-AZRTOS-WB 1.1.0
2024-03-20 12:22:34,814 [INFO] ThirdParty:1030 - CMSIS Pack Vendor :SEGGER I-CUBE-embOS 1.3.1
2024-03-20 12:22:34,814 [INFO] ThirdParty:1030 - CMSIS Pack Vendor :STMicroelectronics X-CUBE-AZRTOS-L5 1.0.0
2024-03-20 12:22:34,815 [INFO] ThirdParty:1030 - CMSIS Pack Vendor :STMicroelectronics X-CUBE-EEPRMA1 3.1.0
2024-03-20 12:22:34,815 [INFO] ThirdParty:1030 - CMSIS Pack Vendor :STMicroelectronics X-CUBE-EEPRMA1 3.1.1
2024-03-20 12:22:34,815 [INFO] ThirdParty:1030 - CMSIS Pack Vendor :STMicroelectronics X-CUBE-GNSS1 5.2.0
2024-03-20 12:22:34,815 [INFO] ThirdParty:1030 - CMSIS Pack Vendor :STMicroelectronics FP-ATR-ASTRA1 2.0.0
2024-03-20 12:22:34,815 [INFO] ThirdParty:1030 - CMSIS Pack Vendor :STMicroelectronics X-CUBE-DISPLAY 2.0.1
2024-03-20 12:22:34,815 [INFO] ThirdParty:1030 - CMSIS Pack Vendor :STMicroelectronics X-CUBE-TOF1 3.4.0
2024-03-20 12:22:34,815 [INFO] ThirdParty:1030 - CMSIS Pack Vendor :STMicroelectronics X-CUBE-TOF1 3.4.1
2024-03-20 12:22:34,815 [INFO] ThirdParty:1030 - CMSIS Pack Vendor :STMicroelectronics X-CUBE-AZRTOS-H7 3.2.0
2024-03-20 12:22:34,815 [INFO] ThirdParty:1030 - CMSIS Pack Vendor :STMicroelectronics X-CUBE-TOF1 3.0.0
2024-03-20 12:22:34,816 [INFO] ThirdParty:841 - exiting critical section [change project]
2024-03-20 12:22:35,793 [INFO] PinOutPanel:1499 - setPackage(No Configuration,No Configuration)
2024-03-20 12:22:35,797 [INFO] PinOutPanel:1499 - setPackage(STM32F446RETx,LQFP64)
2024-03-20 12:22:36,728 [INFO] UtilMem:75 - Before build in PCC Used Memory: 641587408 Bytes (1073741824)
2024-03-20 12:22:38,156 [INFO] UtilMem:75 - After build in PCC Used Memory: 740347904 Bytes (1073741824)
2024-03-20 12:22:38,241 [INFO] IPUIPlugin:80 - create IPUIPlugin
2024-03-20 12:22:38,241 [INFO] IPUIPlugin:80 - create IPUIPlugin
2024-03-20 12:22:38,242 [INFO] IPUIPlugin:80 - create IPUIPlugin
2024-03-20 12:22:38,242 [INFO] IPUIPlugin:80 - create IPUIPlugin
2024-03-20 12:22:38,242 [INFO] IPUIPlugin:80 - create IPUIPlugin
2024-03-20 12:22:38,243 [INFO] IPUIPlugin:80 - create IPUIPlugin
2024-03-20 12:22:38,243 [INFO] IPUIPlugin:80 - create IPUIPlugin
2024-03-20 12:22:38,243 [INFO] IPUIPlugin:80 - create IPUIPlugin
2024-03-20 12:22:38,244 [INFO] IPUIPlugin:80 - create IPUIPlugin
2024-03-20 12:22:38,244 [INFO] IPUIPlugin:80 - create IPUIPlugin
2024-03-20 12:22:38,244 [INFO] IPUIPlugin:80 - create IPUIPlugin
2024-03-20 12:22:38,244 [INFO] IPUIPlugin:80 - create IPUIPlugin
2024-03-20 12:22:38,244 [INFO] IPUIPlugin:80 - create IPUIPlugin
2024-03-20 12:22:38,245 [INFO] IPUIPlugin:80 - create IPUIPlugin
2024-03-20 12:22:38,245 [INFO] IPUIPlugin:80 - create IPUIPlugin
2024-03-20 12:22:38,245 [INFO] IPUIPlugin:80 - create IPUIPlugin
2024-03-20 12:22:38,246 [INFO] IPUIPlugin:80 - create IPUIPlugin
2024-03-20 12:22:38,247 [INFO] IPUIPlugin:80 - create IPUIPlugin
2024-03-20 12:22:38,247 [INFO] IPUIPlugin:80 - create IPUIPlugin
2024-03-20 12:22:38,247 [INFO] IPUIPlugin:80 - create IPUIPlugin
2024-03-20 12:22:38,248 [INFO] IPUIPlugin:80 - create IPUIPlugin
2024-03-20 12:22:38,248 [INFO] IPUIPlugin:80 - create IPUIPlugin
2024-03-20 12:22:38,249 [INFO] IPUIPlugin:80 - create IPUIPlugin
2024-03-20 12:22:38,249 [INFO] IPUIPlugin:80 - create IPUIPlugin
2024-03-20 12:22:38,249 [INFO] IPUIPlugin:80 - create IPUIPlugin
2024-03-20 12:22:38,250 [INFO] IPUIPlugin:80 - create IPUIPlugin
2024-03-20 12:22:38,250 [INFO] IPUIPlugin:80 - create IPUIPlugin
2024-03-20 12:22:38,251 [INFO] IPUIPlugin:80 - create IPUIPlugin
2024-03-20 12:22:38,251 [INFO] IPUIPlugin:80 - create IPUIPlugin
2024-03-20 12:22:38,251 [INFO] IPUIPlugin:80 - create IPUIPlugin
2024-03-20 12:22:38,252 [INFO] IPUIPlugin:80 - create IPUIPlugin
2024-03-20 12:22:38,252 [INFO] IPUIPlugin:80 - create IPUIPlugin
2024-03-20 12:22:38,253 [INFO] IPUIPlugin:80 - create IPUIPlugin
2024-03-20 12:22:38,253 [INFO] IPUIPlugin:80 - create IPUIPlugin
2024-03-20 12:22:38,253 [INFO] IPUIPlugin:80 - create IPUIPlugin
2024-03-20 12:22:38,254 [INFO] IPUIPlugin:80 - create IPUIPlugin
2024-03-20 12:22:38,254 [INFO] IPUIPlugin:80 - create IPUIPlugin
2024-03-20 12:22:38,255 [INFO] IPUIPlugin:80 - create IPUIPlugin
2024-03-20 12:22:38,255 [INFO] IPUIPlugin:80 - create IPUIPlugin
2024-03-20 12:22:38,256 [INFO] IPUIPlugin:80 - create IPUIPlugin
2024-03-20 12:22:38,256 [INFO] IPUIPlugin:80 - create IPUIPlugin
2024-03-20 12:22:38,257 [INFO] IPUIPlugin:80 - create IPUIPlugin
2024-03-20 12:22:38,257 [INFO] IPUIPlugin:80 - create IPUIPlugin
2024-03-20 12:22:38,258 [INFO] IPUIPlugin:80 - create IPUIPlugin
2024-03-20 12:22:38,258 [INFO] IPUIPlugin:80 - create IPUIPlugin
2024-03-20 12:22:38,259 [INFO] IPUIPlugin:80 - create IPUIPlugin
2024-03-20 12:22:38,259 [INFO] IPUIPlugin:80 - create IPUIPlugin
2024-03-20 12:22:38,260 [INFO] IPUIPlugin:80 - create IPUIPlugin
2024-03-20 12:22:38,260 [INFO] IPUIPlugin:80 - create IPUIPlugin
2024-03-20 12:22:38,261 [INFO] IPUIPlugin:80 - create IPUIPlugin
2024-03-20 12:22:38,261 [INFO] IPUIPlugin:80 - create IPUIPlugin
2024-03-20 12:22:38,262 [INFO] IPUIPlugin:80 - create IPUIPlugin
2024-03-20 12:22:38,263 [INFO] IPUIPlugin:80 - create IPUIPlugin
2024-03-20 12:22:38,264 [INFO] IPUIPlugin:80 - create IPUIPlugin
2024-03-20 12:22:38,264 [INFO] IPUIPlugin:80 - create IPUIPlugin
2024-03-20 12:22:38,265 [INFO] IPUIPlugin:80 - create IPUIPlugin
2024-03-20 12:22:38,266 [INFO] IPUIPlugin:80 - create IPUIPlugin
2024-03-20 12:22:38,266 [INFO] IPUIPlugin:80 - create IPUIPlugin
2024-03-20 12:22:38,267 [INFO] IPUIPlugin:80 - create IPUIPlugin
2024-03-20 12:22:38,268 [INFO] IPUIPlugin:80 - create IPUIPlugin
2024-03-20 12:22:38,411 [INFO] ApiDbMcu:508 - Load IP Config File for PDM2PCM
2024-03-20 12:22:38,433 [INFO] Can:71 - Can Add PropertyChangeListener com.st.microxplorer.plugins.ip.can.Can@413492a4
2024-03-20 12:22:38,819 [INFO] CADModel:165 - CPN selected for project levelSTM32F446RET6
2024-03-20 12:22:38,820 [INFO] CADModel:114 - Register for checkConnection events
2024-03-20 12:22:38,892 [INFO] OpenFileManager:343 - Restore cursor
2024-03-20 12:24:36,287 [INFO] ADCParametersView:116 -                Rank 1 : false
2024-03-20 12:24:36,554 [INFO] ADCParametersView:116 -                Rank 1 : false
2024-03-20 12:24:36,555 [INFO] ADCParametersView:116 -                Rank 1 : false
2024-03-20 12:24:36,555 [INFO] ADCParametersView:116 -                Rank 1 : false
2024-03-20 12:24:36,556 [INFO] ADCParametersView:116 -                Rank 1 : false
2024-03-20 12:24:36,556 [INFO] ADCParametersView:116 -                Rank 1 : false
2024-03-20 12:24:36,557 [INFO] ADCParametersView:116 -                Rank 1 : false
2024-03-20 12:24:36,557 [INFO] ADCParametersView:116 -                Rank 1 : false
2024-03-20 12:24:36,557 [INFO] ADCParametersView:116 -                Rank 1 : false
2024-03-20 12:24:36,558 [INFO] ADCParametersView:116 -                Rank 1 : false
2024-03-20 12:24:36,558 [INFO] ADCParametersView:116 -                Rank 1 : false
2024-03-20 12:24:36,558 [INFO] ADCParametersView:116 -                Rank 1 : false
2024-03-20 12:24:36,558 [INFO] ADCParametersView:116 -                Rank 1 : false
2024-03-20 12:24:36,558 [INFO] ADCParametersView:116 -                Rank 1 : false
2024-03-20 12:24:36,558 [INFO] ADCParametersView:116 -                Rank 1 : false
2024-03-20 12:24:36,648 [INFO] ADCParametersView:116 -                Rank 1 : false
2024-03-20 12:24:45,815 [INFO] NvicIntPanel:101 - NVIC parent = com.st.microxplorer.plugins.ip.nvic.MultiNvicIntPanel[,0,0,465x277,layout=javax.swing.BoxLayout,alignmentX=0.0,alignmentY=0.0,border=,flags=9,maximumSize=,minimumSize=,preferredSize=]
2024-03-20 12:24:55,028 [INFO] ADCParametersView:116 -                Rank 1 : false
2024-03-20 12:24:55,028 [INFO] ADCParametersView:116 -                Rank 1 : false
2024-03-20 12:24:55,029 [INFO] ADCParametersView:116 -                Rank 1 : false
2024-03-20 12:24:55,029 [INFO] ADCParametersView:116 -                Rank 1 : false
2024-03-20 12:24:55,029 [INFO] ADCParametersView:116 -                Rank 1 : false
2024-03-20 12:24:55,030 [INFO] ADCParametersView:116 -                Rank 1 : false
2024-03-20 12:24:55,030 [INFO] ADCParametersView:116 -                Rank 1 : false
2024-03-20 12:24:55,031 [INFO] ADCParametersView:116 -                Rank 1 : false
2024-03-20 12:24:55,031 [INFO] ADCParametersView:116 -                Rank 1 : false
2024-03-20 12:24:55,031 [INFO] ADCParametersView:116 -                Rank 1 : false
2024-03-20 12:24:55,031 [INFO] ADCParametersView:116 -                Rank 1 : false
2024-03-20 12:24:55,032 [INFO] ADCParametersView:116 -                Rank 1 : false
2024-03-20 12:24:55,032 [INFO] ADCParametersView:116 -                Rank 1 : false
2024-03-20 12:24:55,032 [INFO] ADCParametersView:116 -                Rank 1 : false
2024-03-20 12:24:55,135 [INFO] ADCParametersView:116 -                Rank 1 : false
2024-03-20 12:42:14,423 [INFO] SpinnerEditorADC:65 - is string kkkk
2024-03-20 12:42:15,147 [INFO] ADCParametersView:116 -                Rank 1 : false
2024-03-20 12:42:15,157 [INFO] ADCParametersView:116 -                Rank 1 : false
2024-03-20 12:42:15,157 [INFO] ADCParametersView:116 -                Rank 1 : false
2024-03-20 12:42:15,157 [INFO] ADCParametersView:116 -                Rank 1 : false
2024-03-20 12:42:15,157 [INFO] ADCParametersView:116 -                Rank 1 : false
2024-03-20 12:42:15,157 [INFO] ADCParametersView:116 -                Rank 1 : false
2024-03-20 12:42:15,157 [INFO] ADCParametersView:116 -                Rank 1 : false
2024-03-20 12:42:15,157 [INFO] ADCParametersView:116 -                Rank 1 : false
2024-03-20 12:42:15,157 [INFO] ADCParametersView:116 -                Rank 1 : false
2024-03-20 12:42:15,157 [INFO] ADCParametersView:116 -                Rank 1 : false
2024-03-20 12:42:15,157 [INFO] ADCParametersView:116 -                Rank 1 : false
2024-03-20 12:42:15,157 [INFO] ADCParametersView:116 -                Rank 1 : false
2024-03-20 12:42:15,157 [INFO] ADCParametersView:116 -                Rank 1 : false
2024-03-20 12:42:15,157 [INFO] ADCParametersView:116 -                Rank 1 : false
2024-03-20 12:42:15,245 [INFO] ADCParametersView:116 -                Rank 1 : false
2024-03-20 12:43:33,658 [INFO] ADCParametersView:116 -                Rank 1 : false
2024-03-20 12:43:33,662 [INFO] ADCParametersView:116 -                Rank 1 : false
2024-03-20 12:43:33,662 [INFO] ADCParametersView:116 -                Rank 1 : false
2024-03-20 12:43:33,662 [INFO] ADCParametersView:116 -                Rank 1 : false
2024-03-20 12:43:33,663 [INFO] ADCParametersView:116 -                Rank 1 : false
2024-03-20 12:43:33,663 [INFO] ADCParametersView:116 -                Rank 1 : false
2024-03-20 12:43:33,663 [INFO] ADCParametersView:116 -                Rank 1 : false
2024-03-20 12:43:33,664 [INFO] ADCParametersView:116 -                Rank 1 : false
2024-03-20 12:43:33,664 [INFO] ADCParametersView:116 -                Rank 1 : false
2024-03-20 12:43:33,664 [INFO] ADCParametersView:116 -                Rank 1 : false
2024-03-20 12:43:33,665 [INFO] ADCParametersView:116 -                Rank 1 : false
2024-03-20 12:43:33,665 [INFO] ADCParametersView:116 -                Rank 1 : false
2024-03-20 12:43:33,665 [INFO] ADCParametersView:116 -                Rank 1 : false
2024-03-20 12:43:33,665 [INFO] ADCParametersView:116 -                Rank 1 : false
2024-03-20 12:43:33,751 [INFO] ADCParametersView:116 -                Rank 1 : false
2024-03-20 12:45:05,026 [INFO] ADCParametersView:116 -                Rank 1 : false
2024-03-20 12:45:05,026 [INFO] ADCParametersView:116 -                Rank 1 : false
2024-03-20 12:45:05,026 [INFO] ADCParametersView:116 -                Rank 1 : false
2024-03-20 12:45:05,026 [INFO] ADCParametersView:116 -                Rank 1 : false
2024-03-20 12:45:05,026 [INFO] ADCParametersView:116 -                Rank 1 : false
2024-03-20 12:45:05,026 [INFO] ADCParametersView:116 -                Rank 1 : false
2024-03-20 12:45:05,026 [INFO] ADCParametersView:116 -                Rank 1 : false
2024-03-20 12:45:05,026 [INFO] ADCParametersView:116 -                Rank 1 : false
2024-03-20 12:45:05,026 [INFO] ADCParametersView:116 -                Rank 1 : false
2024-03-20 12:45:05,026 [INFO] ADCParametersView:116 -                Rank 1 : false
2024-03-20 12:45:05,026 [INFO] ADCParametersView:116 -                Rank 1 : false
2024-03-20 12:45:05,026 [INFO] ADCParametersView:116 -                Rank 1 : false
2024-03-20 12:45:05,026 [INFO] ADCParametersView:116 -                Rank 1 : false
2024-03-20 12:45:05,026 [INFO] ADCParametersView:116 -                Rank 1 : false
2024-03-20 12:45:05,097 [INFO] ADCParametersView:116 -                Rank 1 : false
2024-03-20 12:45:05,207 [INFO] ADCParametersView:116 -                Rank 1 : false
2024-03-20 12:45:05,207 [INFO] ADCParametersView:116 -                Rank 1 : false
2024-03-20 12:45:05,207 [INFO] ADCParametersView:116 -                Rank 1 : false
2024-03-20 12:45:05,207 [INFO] ADCParametersView:116 -                Rank 1 : false
2024-03-20 12:45:05,207 [INFO] ADCParametersView:116 -                Rank 1 : false
2024-03-20 12:45:05,207 [INFO] ADCParametersView:116 -                Rank 1 : false
2024-03-20 12:45:05,207 [INFO] ADCParametersView:116 -                Rank 1 : false
2024-03-20 12:45:05,207 [INFO] ADCParametersView:116 -                Rank 1 : false
2024-03-20 12:45:05,207 [INFO] ADCParametersView:116 -                Rank 1 : false
2024-03-20 12:45:05,207 [INFO] ADCParametersView:116 -                Rank 1 : false
2024-03-20 12:45:05,207 [INFO] ADCParametersView:116 -                Rank 1 : false
2024-03-20 12:45:05,207 [INFO] ADCParametersView:116 -                Rank 1 : false
2024-03-20 12:45:05,217 [INFO] ADCParametersView:116 -                Rank 1 : false
2024-03-20 12:45:05,217 [INFO] ADCParametersView:116 -                Rank 1 : false
2024-03-20 12:45:05,267 [INFO] ADCParametersView:116 -                Rank 1 : false
2024-03-20 12:45:05,297 [INFO] NvicIntPanel:101 - NVIC parent = com.st.microxplorer.plugins.ip.nvic.MultiNvicIntPanel[,0,0,0x0,invalid,layout=javax.swing.BoxLayout,alignmentX=0.0,alignmentY=0.0,border=,flags=9,maximumSize=,minimumSize=,preferredSize=]
2024-03-20 12:45:05,662 [INFO] ADCParametersView:116 -                Rank 1 : false
2024-03-20 12:45:05,666 [INFO] ADCParametersView:116 -                Rank 1 : false
2024-03-20 12:45:05,666 [INFO] ADCParametersView:116 -                Rank 1 : false
2024-03-20 12:45:05,667 [INFO] ADCParametersView:116 -                Rank 1 : false
2024-03-20 12:45:05,667 [INFO] ADCParametersView:116 -                Rank 1 : false
2024-03-20 12:45:05,667 [INFO] ADCParametersView:116 -                Rank 1 : false
2024-03-20 12:45:05,668 [INFO] ADCParametersView:116 -                Rank 1 : false
2024-03-20 12:45:05,668 [INFO] ADCParametersView:116 -                Rank 1 : false
2024-03-20 12:45:05,668 [INFO] ADCParametersView:116 -                Rank 1 : false
2024-03-20 12:45:05,668 [INFO] ADCParametersView:116 -                Rank 1 : false
2024-03-20 12:45:05,669 [INFO] ADCParametersView:116 -                Rank 1 : false
2024-03-20 12:45:05,669 [INFO] ADCParametersView:116 -                Rank 1 : false
2024-03-20 12:45:05,669 [INFO] ADCParametersView:116 -                Rank 1 : false
2024-03-20 12:45:05,669 [INFO] ADCParametersView:116 -                Rank 1 : false
2024-03-20 12:45:05,771 [INFO] ADCParametersView:116 -                Rank 1 : false
2024-03-20 12:45:05,853 [INFO] ADCParametersView:116 -                Rank 1 : false
2024-03-20 12:45:05,854 [INFO] ADCParametersView:116 -                Rank 1 : false
2024-03-20 12:45:05,855 [INFO] ADCParametersView:116 -                Rank 1 : false
2024-03-20 12:45:05,855 [INFO] ADCParametersView:116 -                Rank 1 : false
2024-03-20 12:45:05,855 [INFO] ADCParametersView:116 -                Rank 1 : false
2024-03-20 12:45:05,855 [INFO] ADCParametersView:116 -                Rank 1 : false
2024-03-20 12:45:05,855 [INFO] ADCParametersView:116 -                Rank 1 : false
2024-03-20 12:45:05,855 [INFO] ADCParametersView:116 -                Rank 1 : false
2024-03-20 12:45:05,855 [INFO] ADCParametersView:116 -                Rank 1 : false
2024-03-20 12:45:05,855 [INFO] ADCParametersView:116 -                Rank 1 : false
2024-03-20 12:45:05,855 [INFO] ADCParametersView:116 -                Rank 1 : false
2024-03-20 12:45:05,856 [INFO] ADCParametersView:116 -                Rank 1 : false
2024-03-20 12:45:05,856 [INFO] ADCParametersView:116 -                Rank 1 : false
2024-03-20 12:45:05,856 [INFO] ADCParametersView:116 -                Rank 1 : false
2024-03-20 12:45:05,908 [INFO] ADCParametersView:116 -                Rank 1 : false
2024-03-20 12:45:05,929 [INFO] NvicIntPanel:101 - NVIC parent = com.st.microxplorer.plugins.ip.nvic.MultiNvicIntPanel[,0,0,0x0,invalid,layout=javax.swing.BoxLayout,alignmentX=0.0,alignmentY=0.0,border=,flags=9,maximumSize=,minimumSize=,preferredSize=]
2024-03-20 12:45:07,079 [INFO] UtilMem:75 - End SaveConfig() Used Memory: 648289840 Bytes (1073741824)
2024-03-20 12:45:08,779 [INFO] UtilMem:75 - End SaveConfig() Used Memory: 700032928 Bytes (1073741824)
2024-03-20 12:45:15,639 [INFO] UtilMem:75 - End SaveConfig() Used Memory: 829541040 Bytes (1073741824)
2024-03-20 12:45:16,516 [INFO] BlockDiagram:2759 - set Specific Code input for plugin: TIM1_8
2024-03-20 12:45:16,516 [INFO] BlockDiagram:2759 - set Specific Code input for plugin: CAN
2024-03-20 12:45:16,516 [INFO] BlockDiagram:2759 - set Specific Code input for plugin: TIM1_8
2024-03-20 12:45:16,516 [INFO] BlockDiagram:2759 - set Specific Code input for plugin: SYS
2024-03-20 12:45:16,516 [INFO] BlockDiagram:2759 - set Specific Code input for plugin: ADC
2024-03-20 12:45:16,516 [INFO] BlockDiagram:2759 - set Specific Code input for plugin: RCC
2024-03-20 12:45:16,516 [INFO] BlockDiagram:2759 - set Specific Code input for plugin: NVIC
2024-03-20 12:45:16,516 [INFO] BlockDiagram:2759 - set Specific Code input for plugin: UART
2024-03-20 12:45:16,516 [INFO] BlockDiagram:2759 - set Specific Code input for plugin: UART
2024-03-20 12:45:16,517 [INFO] BlockDiagram:2759 - set Specific Code input for plugin: GPIO
2024-03-20 12:45:16,519 [INFO] CodeGenerator:807 - code generatio: config db path: C:\ST\STM32CubeIDE_1.7.0\STM32CubeIDE\plugins\com.st.stm32cube.common.mx_6.10.0.202311202037\\db\
2024-03-20 12:45:17,118 [INFO] CodeEngine:255 - oldGeneratedFile, C:\Users\porsc\OneDrive\Documents\ETS\Session11\ELE795\Code\ChinookPCBRotor\code_pfe\ChinookSensor_PFE2024\MXTmpFiles\license.tmp_save
2024-03-20 12:45:18,065 [INFO] CodeEngine:279 - Generated code: C:\Users\porsc\OneDrive\Documents\ETS\Session11\ELE795\Code\ChinookPCBRotor\code_pfe\ChinookSensor_PFE2024\MXTmpFiles\license.tmp
2024-03-20 12:45:18,219 [INFO] CodeEngine:255 - oldGeneratedFile, C:\Users\porsc\OneDrive\Documents\ETS\Session11\ELE795\Code\ChinookPCBRotor\code_pfe\ChinookSensor_PFE2024\MXTmpFiles\gpio.tmp_save
2024-03-20 12:45:18,453 [INFO] CodeEngine:279 - Generated code: C:\Users\porsc\OneDrive\Documents\ETS\Session11\ELE795\Code\ChinookPCBRotor\code_pfe\ChinookSensor_PFE2024\MXTmpFiles\gpio.tmp
2024-03-20 12:45:19,147 [INFO] CodeEngine:255 - oldGeneratedFile, C:\Users\porsc\OneDrive\Documents\ETS\Session11\ELE795\Code\ChinookPCBRotor\code_pfe\ChinookSensor_PFE2024\Core\Src\stm32f4xx_it.c_save
2024-03-20 12:45:19,416 [INFO] CodeEngine:279 - Generated code: C:\Users\porsc\OneDrive\Documents\ETS\Session11\ELE795\Code\ChinookPCBRotor\code_pfe\ChinookSensor_PFE2024\Core\Src\stm32f4xx_it.c
2024-03-20 12:45:19,457 [INFO] CodeEngine:255 - oldGeneratedFile, C:\Users\porsc\OneDrive\Documents\ETS\Session11\ELE795\Code\ChinookPCBRotor\code_pfe\ChinookSensor_PFE2024\Core\Inc\stm32f4xx_it.h_save
2024-03-20 12:45:19,647 [INFO] CodeEngine:279 - Generated code: C:\Users\porsc\OneDrive\Documents\ETS\Session11\ELE795\Code\ChinookPCBRotor\code_pfe\ChinookSensor_PFE2024\Core\Inc\stm32f4xx_it.h
2024-03-20 12:45:19,727 [INFO] CodeEngine:255 - oldGeneratedFile, C:\Users\porsc\OneDrive\Documents\ETS\Session11\ELE795\Code\ChinookPCBRotor\code_pfe\ChinookSensor_PFE2024\Core\Src\stm32f4xx_hal_msp.c_save
2024-03-20 12:45:20,111 [INFO] CodeEngine:279 - Generated code: C:\Users\porsc\OneDrive\Documents\ETS\Session11\ELE795\Code\ChinookPCBRotor\code_pfe\ChinookSensor_PFE2024\Core\Src\stm32f4xx_hal_msp.c
2024-03-20 12:45:20,151 [INFO] CodeEngine:255 - oldGeneratedFile, C:\Users\porsc\OneDrive\Documents\ETS\Session11\ELE795\Code\ChinookPCBRotor\code_pfe\ChinookSensor_PFE2024\MXTmpFiles\system.tmp_save
2024-03-20 12:45:20,320 [INFO] CodeEngine:279 - Generated code: C:\Users\porsc\OneDrive\Documents\ETS\Session11\ELE795\Code\ChinookPCBRotor\code_pfe\ChinookSensor_PFE2024\MXTmpFiles\system.tmp
2024-03-20 12:45:20,380 [INFO] CodeEngine:311 - oldGeneratedFile, C:\Users\porsc\OneDrive\Documents\ETS\Session11\ELE795\Code\ChinookPCBRotor\code_pfe\ChinookSensor_PFE2024\Core\Inc\stm32f4xx_hal_conf.h_save
2024-03-20 12:45:20,615 [INFO] CodeEngine:335 - Generated code: C:\Users\porsc\OneDrive\Documents\ETS\Session11\ELE795\Code\ChinookPCBRotor\code_pfe\ChinookSensor_PFE2024\Core\Inc\stm32f4xx_hal_conf.h
2024-03-20 12:45:20,675 [WARN] IPConfigManager:2946 - Warning: the RefConfig PLL2P_FOR_MCO is not available in your config.xml file
2024-03-20 12:45:20,685 [WARN] IPConfigManager:3440 - IP not found : TIM
2024-03-20 12:45:20,688 [WARN] CodeGenerator:3939 - IP not found : null
2024-03-20 12:45:20,748 [INFO] CodeEngine:255 - oldGeneratedFile, C:\Users\porsc\OneDrive\Documents\ETS\Session11\ELE795\Code\ChinookPCBRotor\code_pfe\ChinookSensor_PFE2024\Core\Inc\main.h_save
2024-03-20 12:45:20,988 [INFO] CodeEngine:279 - Generated code: C:\Users\porsc\OneDrive\Documents\ETS\Session11\ELE795\Code\ChinookPCBRotor\code_pfe\ChinookSensor_PFE2024\Core\Inc\main.h
2024-03-20 12:45:21,030 [INFO] CodeEngine:255 - oldGeneratedFile, C:\Users\porsc\OneDrive\Documents\ETS\Session11\ELE795\Code\ChinookPCBRotor\code_pfe\ChinookSensor_PFE2024\Core\Src\main.c_save
2024-03-20 12:45:21,378 [INFO] CodeEngine:279 - Generated code: C:\Users\porsc\OneDrive\Documents\ETS\Session11\ELE795\Code\ChinookPCBRotor\code_pfe\ChinookSensor_PFE2024\Core\Src\main.c
2024-03-20 12:45:22,896 [INFO] ProjectBuilder:3076 - Time for Copy HAL[1] : 626mS.
2024-03-20 12:45:22,918 [INFO] ProjectBuilder:4485 - Project Generator version: 4.2.0-B44
2024-03-20 12:45:23,418 [INFO] ConfigFileManager:1495 - The Die is : DIE421
2024-03-20 12:45:23,456 [INFO] ApiDbMcu:508 - Load IP Config File for FATFS
2024-03-20 12:45:23,485 [INFO] ApiDbMcu:508 - Load IP Config File for FREERTOS
2024-03-20 12:45:23,507 [INFO] ApiDbMcu:508 - Load IP Config File for LIBJPEG
2024-03-20 12:45:23,548 [INFO] ApiDbMcu:508 - Load IP Config File for MBEDTLS
2024-03-20 12:45:23,589 [INFO] ApiDbMcu:508 - Load IP Config File for USB_DEVICE
2024-03-20 12:45:23,617 [INFO] ApiDbMcu:508 - Load IP Config File for USB_HOST
