2024-04-12 11:59:16,867 [INFO] Activator:176 - 


2024-04-12 11:59:16,885 [INFO] Activator:177 - !SESSION log4j initialized
2024-04-12 11:59:36,071 [INFO] LogOutputStream:77 - [STDOUT_REDIRECT] 
2024-04-12 11:59:47,348 [INFO] ApplicationProperties:184 - Using Application install path: C:\ST\STM32CubeIDE_1.7.0\STM32CubeIDE\plugins\com.st.stm32cube.common.mx_6.10.0.202311202037
2024-04-12 11:59:47,392 [INFO] DbMcusXml:78 - Set database path to: C:\ST\STM32CubeIDE_1.7.0\STM32CubeIDE\plugins\com.st.stm32cube.common.mx_6.10.0.202311202037\\db\/mcu/
2024-04-12 11:59:47,393 [INFO] ApiDb:274 - Set plugin database path to: C:\ST\STM32CubeIDE_1.7.0\STM32CubeIDE\plugins\com.st.stm32cube.common.mx_6.10.0.202311202037\\db\/plugins/boardmanager/
2024-04-12 11:59:47,394 [WARN] ApiDb:259 - Overriding images path with different value:  => C:\ST\STM32CubeIDE_1.7.0\STM32CubeIDE\plugins\com.st.stm32cube.common.mx_6.10.0.202311202037\\db\/plugins/mcufinder/images/
2024-04-12 11:59:47,426 [INFO] ApiDb:250 - Set database path to: C:\Users\porsc\.stmcufinder\plugins\mcufinder//mcu/
2024-04-12 11:59:47,429 [INFO] DbMcusAds:125 - Set database path to: C:\Users\porsc\.stmcufinder\plugins\mcufinder//mcu/
2024-04-12 11:59:47,439 [INFO] CrossReferenceDbSqlite:203 - Set database path to: C:\Users\porsc\.stmcufinder\plugins\mcufinder//mcu/cs/
2024-04-12 11:59:47,732 [INFO] RulesReader:64 - Compatibility file has been processed (297 Rules)
2024-04-12 11:59:47,921 [INFO] DbMcusXml:78 - Set database path to: C:\ST\STM32CubeIDE_1.7.0\STM32CubeIDE\plugins\com.st.stm32cube.common.mx_6.10.0.202311202037\\db\/mcu/
2024-04-12 11:59:47,922 [INFO] ApiDb:274 - Set plugin database path to: C:\ST\STM32CubeIDE_1.7.0\STM32CubeIDE\plugins\com.st.stm32cube.common.mx_6.10.0.202311202037\\db\/plugins/boardmanager/
2024-04-12 11:59:47,922 [INFO] ApiDb:261 - Set plugin images path to: C:\ST\STM32CubeIDE_1.7.0\STM32CubeIDE\plugins\com.st.stm32cube.common.mx_6.10.0.202311202037\\db\/plugins/mcufinder/images/
2024-04-12 11:59:47,922 [WARN] DbFile:41 - Overriding database path with different value: C:\Users\porsc\.stmcufinder\plugins\mcufinder/ => C:\Users\porsc\.stmcufinder\plugins\mcufinder
2024-04-12 11:59:47,923 [INFO] ApiDb:250 - Set database path to: C:\Users\porsc\.stmcufinder\plugins\mcufinder//mcu/
2024-04-12 11:59:47,923 [WARN] DbFile:41 - Overriding database path with different value: C:\Users\porsc\.stmcufinder\plugins\mcufinder/ => C:\Users\porsc\.stmcufinder\plugins\mcufinder
2024-04-12 11:59:47,923 [INFO] DbMcusAds:125 - Set database path to: C:\Users\porsc\.stmcufinder\plugins\mcufinder//mcu/
2024-04-12 11:59:47,923 [WARN] DbFile:41 - Overriding database path with different value: C:\Users\porsc\.stmcufinder\plugins\mcufinder/ => C:\Users\porsc\.stmcufinder\plugins\mcufinder
2024-04-12 11:59:47,924 [WARN] DbFile:41 - Overriding database path with different value: C:\Users\porsc\.stmcufinder\plugins\mcufinder/ => C:\Users\porsc\.stmcufinder\plugins\mcufinder
2024-04-12 11:59:47,924 [INFO] CrossReferenceDbSqlite:203 - Set database path to: C:\Users\porsc\.stmcufinder\plugins\mcufinder//mcu/cs/
2024-04-12 11:59:48,110 [INFO] MainPanel:264 - HeapMemory: 268435456
2024-04-12 11:59:48,336 [INFO] DbMcusXml:78 - Set database path to: C:\ST\STM32CubeIDE_1.7.0\STM32CubeIDE\plugins\com.st.stm32cube.common.mx_6.10.0.202311202037\\db\/mcu/
2024-04-12 11:59:48,337 [INFO] ApiDb:274 - Set plugin database path to: C:\ST\STM32CubeIDE_1.7.0\STM32CubeIDE\plugins\com.st.stm32cube.common.mx_6.10.0.202311202037\\db\/plugins/boardmanager/
2024-04-12 11:59:48,337 [INFO] ApiDb:261 - Set plugin images path to: C:\ST\STM32CubeIDE_1.7.0\STM32CubeIDE\plugins\com.st.stm32cube.common.mx_6.10.0.202311202037\\db\/plugins/mcufinder/images/
2024-04-12 11:59:48,338 [WARN] DbFile:41 - Overriding database path with different value: C:\Users\porsc\.stmcufinder\plugins\mcufinder/ => C:\Users\porsc\.stmcufinder\plugins\mcufinder
2024-04-12 11:59:48,339 [INFO] ApiDb:250 - Set database path to: C:\Users\porsc\.stmcufinder\plugins\mcufinder//mcu/
2024-04-12 11:59:48,339 [WARN] DbFile:41 - Overriding database path with different value: C:\Users\porsc\.stmcufinder\plugins\mcufinder/ => C:\Users\porsc\.stmcufinder\plugins\mcufinder
2024-04-12 11:59:48,339 [INFO] DbMcusAds:125 - Set database path to: C:\Users\porsc\.stmcufinder\plugins\mcufinder//mcu/
2024-04-12 11:59:48,339 [WARN] DbFile:41 - Overriding database path with different value: C:\Users\porsc\.stmcufinder\plugins\mcufinder/ => C:\Users\porsc\.stmcufinder\plugins\mcufinder
2024-04-12 11:59:48,340 [WARN] DbFile:41 - Overriding database path with different value: C:\Users\porsc\.stmcufinder\plugins\mcufinder/ => C:\Users\porsc\.stmcufinder\plugins\mcufinder
2024-04-12 11:59:48,340 [INFO] CrossReferenceDbSqlite:203 - Set database path to: C:\Users\porsc\.stmcufinder\plugins\mcufinder//mcu/cs/
2024-04-12 11:59:48,389 [INFO] ApplicationProperties:184 - Using Application install path: C:\ST\STM32CubeIDE_1.7.0\STM32CubeIDE\plugins\com.st.stm32cube.common.mx_6.10.0.202311202037
2024-04-12 11:59:48,392 [INFO] PluginManage:196 - Search for loadable plugins [exclusion list=, ]
2024-04-12 11:59:48,396 [INFO] PluginManage:310 - Check plugin analytics
2024-04-12 11:59:53,797 [INFO] AnalyticsPlugin:253 - Accepted Software Licenses: STM32CubeMX.6.10.0
2024-04-12 11:59:53,798 [INFO] AnalyticsPlugin:255 - Accepted CMSIS Pack Licenses: 
2024-04-12 11:59:53,798 [INFO] AnalyticsPlugin:257 - Accepted Firmware Licenses: FW.F4.1.28.0
2024-04-12 11:59:53,804 [INFO] PluginManage:359 - Loaded plugin analytics (category:tool,tabindex:-1)
2024-04-12 11:59:53,805 [INFO] PluginManage:310 - Check plugin cadmodel
2024-04-12 11:59:53,846 [INFO] CADModel:105 - Init CAD model plugin
2024-04-12 11:59:53,847 [INFO] PluginManage:359 - Loaded plugin cadmodel (category:power,tabindex:5)
2024-04-12 11:59:53,847 [INFO] PluginManage:310 - Check plugin clock
2024-04-12 11:59:53,894 [INFO] PluginManage:359 - Loaded plugin clock (category:base,tabindex:2)
2024-04-12 11:59:53,894 [INFO] PluginManage:310 - Check plugin ddr
2024-04-12 11:59:53,900 [INFO] PluginManage:359 - Loaded plugin ddr (category:tool,tabindex:6)
2024-04-12 11:59:53,900 [INFO] PluginManage:310 - Check plugin filemanager
2024-04-12 11:59:54,175 [INFO] PluginManage:359 - Loaded plugin filemanager (category:base,tabindex:10)
2024-04-12 11:59:54,175 [INFO] PluginManage:310 - Check plugin ipmanager
2024-04-12 11:59:54,190 [INFO] PluginManage:359 - Loaded plugin ipmanager (category:base,tabindex:5)
2024-04-12 11:59:54,190 [INFO] PluginManage:310 - Check plugin lpbam
2024-04-12 11:59:54,234 [INFO] PluginManage:359 - Loaded plugin lpbam (category:base,tabindex:0)
2024-04-12 11:59:54,234 [INFO] PluginManage:310 - Check plugin memorymap
2024-04-12 11:59:54,290 [INFO] PluginManage:359 - Loaded plugin memorymap (category:base,tabindex:4)
2024-04-12 11:59:54,290 [INFO] PluginManage:310 - Check plugin pinoutandconfiguration
2024-04-12 11:59:54,331 [INFO] PluginManage:359 - Loaded plugin pinoutandconfiguration (category:base,tabindex:1)
2024-04-12 11:59:54,332 [INFO] PluginManage:310 - Check plugin pinoutconfig
2024-04-12 11:59:54,562 [WARN] SupportedApi:132 - Cannot load RTOS API schema: s4s-elt-must-match.1: The content of 'definitions' must match (annotation?, (simpleType | complexType)?, (unique | key | keyref)*)). A problem was found starting at: attribute.
2024-04-12 11:59:54,972 [INFO] PluginManage:359 - Loaded plugin pinoutconfig (category:base,tabindex:0)
2024-04-12 11:59:54,973 [INFO] PluginManage:310 - Check plugin power
2024-04-12 11:59:55,026 [INFO] PluginManage:359 - Loaded plugin power (category:power,tabindex:4)
2024-04-12 11:59:55,027 [INFO] PluginManage:310 - Check plugin projectmanager
2024-04-12 11:59:55,071 [INFO] PluginManage:359 - Loaded plugin projectmanager (category:projectmanager,tabindex:3)
2024-04-12 11:59:55,072 [INFO] PluginManage:310 - Check plugin thirdparty
2024-04-12 11:59:55,732 [INFO] PluginManage:359 - Loaded plugin thirdparty (category:base,tabindex:-1)
2024-04-12 11:59:55,732 [WARN] IntegrityCheckThread:84 - waiting for thirdparty lock release [integrity check]
2024-04-12 11:59:55,733 [INFO] PluginManage:310 - Check plugin tools
2024-04-12 11:59:55,733 [INFO] IntegrityCheckThread:86 - entering critical section [integrity check]
2024-04-12 11:59:55,734 [INFO] ThirdPartyUpdaterWithRetryManager:70 - Updater plugin not ready yet. [1/15]
2024-04-12 11:59:55,817 [INFO] PluginManage:359 - Loaded plugin tools (category:base,tabindex:7)
2024-04-12 11:59:55,817 [INFO] PluginManage:310 - Check plugin tutovideos
2024-04-12 11:59:56,303 [INFO] PluginManage:359 - Loaded plugin tutovideos (category:base,tabindex:-1)
2024-04-12 11:59:56,303 [INFO] PluginManage:310 - Check plugin updater
2024-04-12 11:59:56,331 [INFO] PluginManage:359 - Loaded plugin updater (category:base,tabindex:12)
2024-04-12 11:59:56,331 [INFO] PluginManage:310 - Check plugin userauth
2024-04-12 11:59:56,345 [INFO] UserAuth:114 - Init User Auth plugin
2024-04-12 11:59:56,346 [INFO] PluginManage:359 - Loaded plugin userauth (category:base,tabindex:14)
2024-04-12 11:59:56,347 [INFO] PluginManage:283 - PluginManage : Loaded plugins [17]
2024-04-12 11:59:56,866 [INFO] PinOutPanel:1499 - setPackage(No Configuration,No Configuration)
2024-04-12 11:59:57,060 [INFO] CADModel:165 - CPN selected for project level
2024-04-12 11:59:57,060 [INFO] CADModel:114 - Register for checkConnection events
2024-04-12 11:59:57,126 [INFO] IPUIPlugin:80 - create IPUIPlugin
2024-04-12 11:59:57,127 [INFO] PluginManager:220 - loadIPPluginJar : add adc
2024-04-12 11:59:57,210 [INFO] IPUIPlugin:80 - create IPUIPlugin
2024-04-12 11:59:57,210 [INFO] PluginManager:220 - loadIPPluginJar : add aes
2024-04-12 11:59:57,304 [INFO] IPUIPlugin:80 - create IPUIPlugin
2024-04-12 11:59:57,305 [INFO] PluginManager:220 - loadIPPluginJar : add can
2024-04-12 11:59:57,360 [INFO] IPUIPlugin:80 - create IPUIPlugin
2024-04-12 11:59:57,360 [INFO] PluginManager:220 - loadIPPluginJar : add comp
2024-04-12 11:59:57,449 [INFO] IPUIPlugin:80 - create IPUIPlugin
2024-04-12 11:59:57,449 [INFO] PluginManager:220 - loadIPPluginJar : add cryp
2024-04-12 11:59:57,519 [INFO] IPUIPlugin:80 - create IPUIPlugin
2024-04-12 11:59:57,519 [INFO] PluginManager:220 - loadIPPluginJar : add dfsdm
2024-04-12 11:59:57,553 [INFO] IPUIPlugin:80 - create IPUIPlugin
2024-04-12 11:59:57,554 [INFO] PluginManager:220 - loadIPPluginJar : add dma
2024-04-12 11:59:57,649 [INFO] IPUIPlugin:80 - create IPUIPlugin
2024-04-12 11:59:57,650 [INFO] PluginManager:220 - loadIPPluginJar : add dma3
2024-04-12 11:59:57,700 [INFO] IPUIPlugin:80 - create IPUIPlugin
2024-04-12 11:59:57,700 [INFO] PluginManager:220 - loadIPPluginJar : add fatfs
2024-04-12 11:59:57,806 [INFO] IPUIPlugin:80 - create IPUIPlugin
2024-04-12 11:59:57,807 [INFO] PluginManager:220 - loadIPPluginJar : add fmc
2024-04-12 11:59:57,842 [INFO] IPUIPlugin:80 - create IPUIPlugin
2024-04-12 11:59:57,842 [INFO] PluginManager:220 - loadIPPluginJar : add freertos
2024-04-12 11:59:57,893 [INFO] IPUIPlugin:80 - create IPUIPlugin
2024-04-12 11:59:57,893 [INFO] PluginManager:220 - loadIPPluginJar : add genericplugin
2024-04-12 11:59:58,094 [INFO] IPUIPlugin:80 - create IPUIPlugin
2024-04-12 11:59:58,094 [INFO] PluginManager:220 - loadIPPluginJar : add gfxmmu
2024-04-12 11:59:58,376 [INFO] IPUIPlugin:80 - create IPUIPlugin
2024-04-12 11:59:58,376 [INFO] PluginManager:220 - loadIPPluginJar : add gic
2024-04-12 11:59:58,407 [INFO] IPUIPlugin:80 - create IPUIPlugin
2024-04-12 11:59:58,408 [INFO] PluginManager:220 - loadIPPluginJar : add gpio
2024-04-12 11:59:58,619 [INFO] IPUIPlugin:80 - create IPUIPlugin
2024-04-12 11:59:58,619 [INFO] PluginManager:220 - loadIPPluginJar : add gtzc
2024-04-12 11:59:58,702 [INFO] IPUIPlugin:80 - create IPUIPlugin
2024-04-12 11:59:58,702 [INFO] PluginManager:220 - loadIPPluginJar : add hash
2024-04-12 11:59:58,738 [INFO] ThirdPartyUpdaterWithRetryManager:70 - Updater plugin not ready yet. [2/15]
2024-04-12 11:59:58,813 [INFO] IPUIPlugin:80 - create IPUIPlugin
2024-04-12 11:59:58,813 [INFO] PluginManager:220 - loadIPPluginJar : add i2c
2024-04-12 11:59:58,901 [INFO] IPUIPlugin:80 - create IPUIPlugin
2024-04-12 11:59:58,901 [INFO] PluginManager:220 - loadIPPluginJar : add i2s
2024-04-12 11:59:58,994 [INFO] IPUIPlugin:80 - create IPUIPlugin
2024-04-12 11:59:58,994 [INFO] PluginManager:220 - loadIPPluginJar : add i3c
2024-04-12 11:59:59,172 [INFO] IPUIPlugin:80 - create IPUIPlugin
2024-04-12 11:59:59,173 [INFO] PluginManager:220 - loadIPPluginJar : add ipddr
2024-04-12 11:59:59,365 [INFO] IPUIPlugin:80 - create IPUIPlugin
2024-04-12 11:59:59,365 [INFO] PluginManager:220 - loadIPPluginJar : add linkedlist
2024-04-12 11:59:59,450 [INFO] IPUIPlugin:80 - create IPUIPlugin
2024-04-12 11:59:59,450 [INFO] PluginManager:220 - loadIPPluginJar : add lorawan
2024-04-12 11:59:59,554 [INFO] IPUIPlugin:80 - create IPUIPlugin
2024-04-12 11:59:59,555 [INFO] PluginManager:220 - loadIPPluginJar : add ltdc
2024-04-12 11:59:59,592 [INFO] IPUIPlugin:80 - create IPUIPlugin
2024-04-12 11:59:59,592 [INFO] PluginManager:220 - loadIPPluginJar : add mdma
2024-04-12 11:59:59,628 [INFO] IPUIPlugin:80 - create IPUIPlugin
2024-04-12 11:59:59,628 [INFO] PluginManager:220 - loadIPPluginJar : add nvic
2024-04-12 11:59:59,714 [INFO] IPUIPlugin:80 - create IPUIPlugin
2024-04-12 11:59:59,714 [INFO] PluginManager:220 - loadIPPluginJar : add opamp
2024-04-12 11:59:59,838 [INFO] IPUIPlugin:80 - create IPUIPlugin
2024-04-12 11:59:59,838 [INFO] PluginManager:220 - loadIPPluginJar : add openamp
2024-04-12 11:59:59,935 [INFO] IPUIPlugin:80 - create IPUIPlugin
2024-04-12 11:59:59,936 [INFO] PluginManager:220 - loadIPPluginJar : add pdm2pcm
2024-04-12 11:59:59,971 [INFO] IPUIPlugin:80 - create IPUIPlugin
2024-04-12 11:59:59,977 [INFO] PluginManager:220 - loadIPPluginJar : add plateformsettings
2024-04-12 12:00:00,038 [INFO] IPUIPlugin:80 - create IPUIPlugin
2024-04-12 12:00:00,038 [INFO] PluginManager:220 - loadIPPluginJar : add quadspi
2024-04-12 12:00:00,069 [INFO] IPUIPlugin:80 - create IPUIPlugin
2024-04-12 12:00:00,069 [INFO] PluginManager:220 - loadIPPluginJar : add resmgrutility
2024-04-12 12:00:00,169 [INFO] IPUIPlugin:80 - create IPUIPlugin
2024-04-12 12:00:00,170 [INFO] PluginManager:220 - loadIPPluginJar : add sai
2024-04-12 12:00:00,264 [INFO] IPUIPlugin:80 - create IPUIPlugin
2024-04-12 12:00:00,264 [INFO] PluginManager:220 - loadIPPluginJar : add spi
2024-04-12 12:00:00,401 [INFO] IPUIPlugin:80 - create IPUIPlugin
2024-04-12 12:00:00,401 [INFO] PluginManager:220 - loadIPPluginJar : add stm32_wpan
2024-04-12 12:00:00,457 [INFO] IPUIPlugin:80 - create IPUIPlugin
2024-04-12 12:00:00,457 [INFO] PluginManager:220 - loadIPPluginJar : add tim
2024-04-12 12:00:00,574 [INFO] IPUIPlugin:80 - create IPUIPlugin
2024-04-12 12:00:00,575 [INFO] PluginManager:220 - loadIPPluginJar : add touchsensing
2024-04-12 12:00:00,628 [INFO] IPUIPlugin:80 - create IPUIPlugin
2024-04-12 12:00:00,629 [INFO] PluginManager:220 - loadIPPluginJar : add tracer_emb
2024-04-12 12:00:00,685 [INFO] IPUIPlugin:80 - create IPUIPlugin
2024-04-12 12:00:00,686 [INFO] PluginManager:220 - loadIPPluginJar : add ts
2024-04-12 12:00:00,738 [INFO] IPUIPlugin:80 - create IPUIPlugin
2024-04-12 12:00:00,738 [INFO] PluginManager:220 - loadIPPluginJar : add tsc
2024-04-12 12:00:00,791 [INFO] IPUIPlugin:80 - create IPUIPlugin
2024-04-12 12:00:00,792 [INFO] PluginManager:220 - loadIPPluginJar : add ucpd
2024-04-12 12:00:00,889 [INFO] IPUIPlugin:80 - create IPUIPlugin
2024-04-12 12:00:00,890 [INFO] PluginManager:220 - loadIPPluginJar : add usart
2024-04-12 12:00:00,987 [INFO] IPUIPlugin:80 - create IPUIPlugin
2024-04-12 12:00:00,987 [INFO] PluginManager:220 - loadIPPluginJar : add usbx
2024-04-12 12:00:01,196 [INFO] CADModel:165 - CPN selected for project level
2024-04-12 12:00:01,197 [INFO] CADModel:114 - Register for checkConnection events
2024-04-12 12:00:01,197 [FATAL] Updater:308 - Updater called before beeing initialized
2024-04-12 12:00:01,197 [ERROR] CADModel:125 - Updater not yet initialized, retry later 
2024-04-12 12:00:01,574 [INFO] CADModel:165 - CPN selected for project level
2024-04-12 12:00:01,575 [INFO] CADModel:114 - Register for checkConnection events
2024-04-12 12:00:01,575 [FATAL] Updater:308 - Updater called before beeing initialized
2024-04-12 12:00:01,575 [ERROR] CADModel:125 - Updater not yet initialized, retry later 
2024-04-12 12:00:01,584 [FATAL] Updater:308 - Updater called before beeing initialized
2024-04-12 12:00:01,739 [INFO] ThirdPartyUpdaterWithRetryManager:70 - Updater plugin not ready yet. [3/15]
2024-04-12 12:00:01,826 [FATAL] Updater:308 - Updater called before beeing initialized
2024-04-12 12:00:01,843 [INFO] DbMcusAds:53 - JSON generation date=Wed Nov 29 05:52:27 EST 2023 (1701255147349)
2024-04-12 12:00:01,844 [FATAL] Updater:308 - Updater called before beeing initialized
2024-04-12 12:00:02,028 [WARN] DetailPanel:346 - Failed to get advertising image, set to default
2024-04-12 12:00:02,192 [FATAL] Updater:308 - Updater called before beeing initialized
2024-04-12 12:00:02,194 [FATAL] Updater:308 - Updater called before beeing initialized
2024-04-12 12:00:02,195 [FATAL] Updater:308 - Updater called before beeing initialized
2024-04-12 12:00:02,195 [WARN] DetailPanel:346 - Failed to get advertising image, set to default
2024-04-12 12:00:02,196 [FATAL] Updater:308 - Updater called before beeing initialized
2024-04-12 12:00:02,307 [ERROR] Updater:1120 - MainUpdater not yet initialized. External WinMGr cannot be set.
2024-04-12 12:00:02,334 [INFO] Updater:1056 - Updater Version found : 6.10.0
2024-04-12 12:00:02,377 [INFO] ApplicationProperties:184 - Using Application install path: C:\ST\STM32CubeIDE_1.7.0\STM32CubeIDE\plugins\com.st.stm32cube.common.mx_6.10.0.202311202037
2024-04-12 12:00:03,249 [INFO] MainUpdater:2873 - connection check result : 10
2024-04-12 12:00:03,250 [INFO] MainUpdater:3567 - Updater definition file requires update
2024-04-12 12:00:03,253 [INFO] MainUpdater:290 - Updater Check For Update Now.
2024-04-12 12:00:03,253 [INFO] MicroXplorer:498 - Change Database Version : DB.6.0.100
2024-04-12 12:00:03,292 [INFO] McuFinderGlobals:63 - Set McuFinder mode to 2 (CubeIDE integrated)
2024-04-12 12:00:03,293 [INFO] UserAuth:180 - activating auth plugin
2024-04-12 12:00:03,299 [INFO] UserAuth:404 - Internet connection configuration mode: 1
2024-04-12 12:00:03,358 [INFO] JxBrowserEngine:152 - Initiate JxBrowser Engine with user profile folder
2024-04-12 12:00:03,386 [INFO] ServerAccessManage:473 - Download File updaters.zip
2024-04-12 12:00:03,602 [INFO] FileExtend:240 - Unzip File : updaters.zip
2024-04-12 12:00:03,603 [INFO] FileExtend:255 - Standard Zip Deflate
2024-04-12 12:00:04,473 [INFO] ServerAccessManage:473 - Download File PacksControlFlags.xml
2024-04-12 12:00:04,707 [INFO] ServerAccessManage:473 - Download File cubemx.pidx
2024-04-12 12:00:04,742 [WARN] MainUpdater:1194 - Updater busy. Cannot search thirdparties
2024-04-12 12:00:04,743 [INFO] ThirdPartyUpdaterWithRetryManager:96 - Updater plugin is busy. [1/15]
2024-04-12 12:00:06,375 [INFO] ServerAccessManage:473 - Download File STMicroelectronics.X-CUBE-TCPP.pdsc
2024-04-12 12:00:07,629 [WARN] PackLoader:240 - Cannot read IP mode file for STMicroelectronics.X-CUBE-TCPP.4.1.0
2024-04-12 12:00:07,636 [INFO] PopulateThirdPartyThread:66 - Ending populate Thread
2024-04-12 12:00:07,638 [INFO] ThirdParty:1030 - CMSIS Pack Vendor :STMicroelectronics X-CUBE-TCPP 4.1.0
2024-04-12 12:00:07,639 [INFO] LoadServerUpdatesThread:375 - End of LoadServerUpdate Thread
2024-04-12 12:00:07,743 [WARN] MainUpdater:1194 - Updater busy. Cannot search thirdparties
2024-04-12 12:00:07,743 [INFO] ThirdPartyUpdaterWithRetryManager:96 - Updater plugin is busy. [2/15]
2024-04-12 12:00:07,782 [INFO] CheckServerUpdateThread:120 - End of CheckServer Thread
2024-04-12 12:00:09,954 [INFO] WebApp:161 - Instantiating new browser for Auth
2024-04-12 12:00:11,312 [INFO] WebApp:780 - Register for checkConnection events
2024-04-12 12:00:11,313 [INFO] WebApp:414 - Apply proxy settings
2024-04-12 12:00:11,313 [INFO] WebApp:499 - Chromium requires no authentication
2024-04-12 12:00:11,331 [INFO] WebApp:442 - Direct internet connection detected
2024-04-12 12:00:11,345 [WARN] PackLoader:240 - Cannot read IP mode file for STMicroelectronics.X-CUBE-SMBUS.2.1.0
2024-04-12 12:00:11,381 [WARN] PackLoader:240 - Cannot read IP mode file for STMicroelectronics.X-CUBE-TOUCHGFX.4.23.1
2024-04-12 12:00:11,405 [WARN] PackLoader:240 - Cannot read IP mode file for STMicroelectronics.X-CUBE-TOUCHGFX.4.23.0
2024-04-12 12:00:11,433 [WARN] PackLoader:240 - Cannot read IP mode file for STMicroelectronics.X-CUBE-TOUCHGFX.4.23.2
2024-04-12 12:00:11,551 [WARN] PackLoader:240 - Cannot read IP mode file for STMicroelectronics.X-CUBE-AZRTOS-H7.1.1.0
2024-04-12 12:00:11,619 [WARN] PackLoader:240 - Cannot read IP mode file for STMicroelectronics.X-CUBE-AZRTOS-F7.1.1.0
2024-04-12 12:00:11,652 [WARN] PackLoader:240 - Cannot read IP mode file for STMicroelectronics.X-CUBE-AI.7.1.0
2024-04-12 12:00:11,677 [WARN] PackLoader:240 - Cannot read IP mode file for STMicroelectronics.FP-SNS-MOTENV1.4.3.2
2024-04-12 12:00:11,701 [ERROR] RealEvaluatedCondition:428 - Found unsupported composite condition: CLASS='Data Exchange' GROUP='STM32_MetaDataManager'
2024-04-12 12:00:11,701 [ERROR] RealEvaluatedCondition:428 - Found unsupported composite condition: CLASS='Data Exchange' GROUP='STM32_MetaDataManager'
2024-04-12 12:00:11,704 [WARN] PackLoader:240 - Cannot read IP mode file for STMicroelectronics.FP-SNS-MOTENV1.4.3.1
2024-04-12 12:00:11,727 [WARN] PackLoader:240 - Cannot read IP mode file for STMicroelectronics.FP-SNS-FLIGHT1.5.0.1
2024-04-12 12:00:11,748 [WARN] PackLoader:240 - Cannot read IP mode file for STMicroelectronics.X-CUBE-BLE1.6.2.3
2024-04-12 12:00:11,766 [WARN] PackLoader:240 - Cannot read IP mode file for STMicroelectronics.X-CUBE-BLE1.6.2.4
2024-04-12 12:00:11,782 [INFO] WebApp:192 - Starting web application
2024-04-12 12:00:11,782 [INFO] WebApp:544 - Web application path used C:\ST\STM32CubeIDE_1.7.0\STM32CubeIDE\plugins\com.st.stm32cube.common.mx_6.10.0.202311202037\db\plugins\mcufinder\reactClient1\index.html
2024-04-12 12:00:11,786 [WARN] PackLoader:240 - Cannot read IP mode file for STMicroelectronics.X-CUBE-BLE1.6.2.1
2024-04-12 12:00:11,811 [WARN] PackLoader:240 - Cannot read IP mode file for STMicroelectronics.X-CUBE-BLE2.3.2.1
2024-04-12 12:00:11,824 [WARN] PackLoader:240 - Cannot read IP mode file for STMicroelectronics.FP-SNS-FLIGHT1.5.0.2
2024-04-12 12:00:11,844 [WARN] PackLoader:240 - Cannot read IP mode file for STMicroelectronics.X-CUBE-BLE2.3.2.2
2024-04-12 12:00:11,877 [WARN] PackLoader:240 - Cannot read IP mode file for STMicroelectronics.X-CUBE-DISPLAY.3.0.0
2024-04-12 12:00:11,907 [WARN] PackLoader:240 - Cannot read IP mode file for STMicroelectronics.X-CUBE-BLE1.7.0.0
2024-04-12 12:00:11,940 [WARN] PackLoader:240 - Cannot read IP mode file for STMicroelectronics.X-CUBE-SUBG2.4.2.0
2024-04-12 12:00:11,980 [WARN] PackLoader:240 - Cannot read IP mode file for STMicroelectronics.X-CUBE-BLEMGR.3.1.0
2024-04-12 12:00:12,010 [WARN] PackLoader:240 - Cannot read IP mode file for STMicroelectronics.FP-SNS-SMARTAG2.1.2.0
2024-04-12 12:00:12,047 [INFO] LogOutputStream:77 - [STDOUT_REDIRECT] 1 : Invalid condition id : UX_CORESTACK_Condition cause : null
2024-04-12 12:00:12,048 [INFO] LogOutputStream:77 - [STDOUT_REDIRECT] 1 : Invalid condition id : UX_CORESTACK_Condition cause : null
2024-04-12 12:00:12,050 [INFO] LogOutputStream:77 - [STDOUT_REDIRECT] 1 : Invalid condition id : UX_CORESTACK_Condition cause : null
2024-04-12 12:00:12,052 [INFO] LogOutputStream:77 - [STDOUT_REDIRECT] 1 : Invalid condition id : UX_CORESTACK_Condition cause : null
2024-04-12 12:00:12,055 [INFO] LogOutputStream:77 - [STDOUT_REDIRECT] 1 : Invalid condition id : UX_CORESTACK_Condition cause : null
2024-04-12 12:00:12,061 [WARN] PackLoader:240 - Cannot read IP mode file for STMicroelectronics.X-CUBE-AZRTOS-WL.2.0.0
2024-04-12 12:00:12,091 [WARN] PackLoader:240 - Cannot read IP mode file for STMicroelectronics.X-CUBE-ALGOBUILD.1.2.1
2024-04-12 12:00:12,120 [WARN] PackLoader:240 - Cannot read IP mode file for STMicroelectronics.FP-SNS-MOTENV1.5.0.0
2024-04-12 12:00:12,162 [WARN] PackLoader:240 - Cannot read IP mode file for WES.I-CUBE-Cesium.1.3.0
2024-04-12 12:00:12,189 [WARN] PackLoader:240 - Cannot read IP mode file for STMicroelectronics.X-CUBE-BLE2.3.3.0
2024-04-12 12:00:12,224 [WARN] PackLoader:240 - Cannot read IP mode file for STMicroelectronics.X-CUBE-TOF1.3.2.0
2024-04-12 12:00:12,268 [WARN] PackLoader:240 - Cannot read IP mode file for STMicroelectronics.X-CUBE-TOUCHGFX.4.18.1
2024-04-12 12:00:12,277 [WARN] PackLoader:240 - Cannot read IP mode file for STMicroelectronics.X-CUBE-TCPP.4.1.0
2024-04-12 12:00:12,302 [WARN] PackLoader:240 - Cannot read IP mode file for STMicroelectronics.X-CUBE-TOUCHGFX.4.21.1
2024-04-12 12:00:12,325 [WARN] PackLoader:240 - Cannot read IP mode file for STMicroelectronics.X-CUBE-TOUCHGFX.4.21.4
2024-04-12 12:00:12,346 [WARN] PackLoader:240 - Cannot read IP mode file for STMicroelectronics.X-CUBE-ALGOBUILD.1.3.0
2024-04-12 12:00:12,401 [WARN] PackLoader:240 - Cannot read IP mode file for STMicroelectronics.X-CUBE-AZRTOS-G0.1.1.0
2024-04-12 12:00:12,428 [WARN] PackLoader:240 - Cannot read IP mode file for STMicroelectronics.X-CUBE-SAFEA1.1.2.2
2024-04-12 12:00:12,455 [WARN] PackLoader:240 - Cannot read IP mode file for STMicroelectronics.X-CUBE-NFC4.3.0.0
2024-04-12 12:00:12,524 [WARN] PackLoader:240 - Cannot read IP mode file for SEGGER.I-CUBE-embOS.1.2.0
2024-04-12 12:00:12,616 [WARN] PackLoader:240 - Cannot read IP mode file for STMicroelectronics.X-CUBE-TOUCHGFX.4.17.0
2024-04-12 12:00:12,670 [WARN] PackLoader:240 - Cannot read IP mode file for STMicroelectronics.X-CUBE-AZRTOS-H7.2.0.0
2024-04-12 12:00:12,682 [WARN] PackLoader:240 - Cannot read IP mode file for STMicroelectronics.FP-ATR-SIGFOX1.3.2.0
2024-04-12 12:00:12,707 [WARN] PackLoader:240 - Cannot read IP mode file for STMicroelectronics.X-CUBE-EEPRMA1.5.1.0
2024-04-12 12:00:12,736 [WARN] PackLoader:240 - Cannot read IP mode file for emotas.I-CUBE-CANOPEN.1.1.2
2024-04-12 12:00:12,817 [WARN] PackLoader:240 - Cannot read IP mode file for STMicroelectronics.X-CUBE-MEMS1.9.5.0
2024-04-12 12:00:13,072 [WARN] PackLoader:240 - Cannot read IP mode file for SEGGER.I-CUBE-embOS.1.3.1
2024-04-12 12:00:13,144 [WARN] PackLoader:240 - Cannot read IP mode file for STMicroelectronics.X-CUBE-DISPLAY.2.0.1
2024-04-12 12:00:13,172 [WARN] PackLoader:240 - Cannot read IP mode file for STMicroelectronics.X-CUBE-TOF1.3.0.0
2024-04-12 12:00:13,197 [WARN] PackLoader:240 - Cannot read IP mode file for STMicroelectronics.X-CUBE-GNSS1.6.0.0
2024-04-12 12:00:13,252 [WARN] PackLoader:240 - Cannot read IP mode file for STMicroelectronics.X-CUBE-AZRTOS-F4.1.1.0
2024-04-12 12:00:13,306 [WARN] PackLoader:240 - Cannot read IP mode file for STMicroelectronics.X-CUBE-AZRTOS-L5.2.0.0
2024-04-12 12:00:13,380 [WARN] PackLoader:240 - Cannot read IP mode file for STMicroelectronics.X-CUBE-MEMS1.9.6.0
2024-04-12 12:00:13,589 [WARN] PackLoader:240 - Cannot read IP mode file for STMicroelectronics.X-CUBE-NFC6.3.1.0
2024-04-12 12:00:13,621 [WARN] PackLoader:240 - Cannot read IP mode file for ITTIA_DB.I-CUBE-ITTIADB.8.8.0
2024-04-12 12:00:13,647 [WARN] PackLoader:240 - Cannot read IP mode file for STMicroelectronics.X-CUBE-BLEMGR.2.0.0
2024-04-12 12:00:13,672 [WARN] PackLoader:240 - Cannot read IP mode file for STMicroelectronics.X-CUBE-NFC4.2.0.3
2024-04-12 12:00:13,695 [WARN] PackLoader:240 - Cannot read IP mode file for wolfSSL.I-CUBE-wolfSSL.4.8.0
2024-04-12 12:00:13,748 [WARN] ConditionMgr:438 - getConditionDescription Invalid condition id : UX DEVICE CLASS RTOS Condition cause : null
2024-04-12 12:00:13,748 [WARN] ConditionMgr:438 - getConditionDescription Invalid condition id : UX DEVICE CLASS RTOS Condition cause : null
2024-04-12 12:00:13,755 [WARN] PackLoader:240 - Cannot read IP mode file for STMicroelectronics.X-CUBE-AZRTOS-H7.3.1.0
2024-04-12 12:00:13,757 [WARN] ConditionMgr:1039 - genDependencies : Invalid condition id : UX DEVICE CLASS RTOS Condition cause : null
2024-04-12 12:00:13,757 [WARN] ConditionMgr:1039 - genDependencies : Invalid condition id : UX DEVICE CLASS RTOS Condition cause : null
2024-04-12 12:00:13,759 [WARN] ConditionMgr:1039 - genDependencies : Invalid condition id : UX DEVICE CLASS RTOS Condition cause : null
2024-04-12 12:00:13,760 [WARN] ConditionMgr:1039 - genDependencies : Invalid condition id : UX DEVICE CLASS RTOS Condition cause : null
2024-04-12 12:00:13,760 [WARN] ConditionMgr:1039 - genDependencies : Invalid condition id : UX DEVICE CLASS RTOS Condition cause : null
2024-04-12 12:00:13,794 [WARN] PackLoader:240 - Cannot read IP mode file for STMicroelectronics.X-CUBE-SFXS2LP1.3.1.0
2024-04-12 12:00:13,859 [WARN] PackLoader:240 - Cannot read IP mode file for STMicroelectronics.X-CUBE-AZRTOS-F4.1.0.0
2024-04-12 12:00:13,893 [WARN] PackLoader:240 - Cannot read IP mode file for STMicroelectronics.X-CUBE-TOF1.2.0.0
2024-04-12 12:00:13,914 [WARN] PackLoader:240 - Cannot read IP mode file for STMicroelectronics.X-CUBE-NFC7.1.0.1
2024-04-12 12:00:13,933 [WARN] PackLoader:240 - Cannot read IP mode file for STMicroelectronics.X-CUBE-NFC7.1.0.0
2024-04-12 12:00:13,952 [WARN] PackLoader:240 - Cannot read IP mode file for STMicroelectronics.X-CUBE-NFC6.3.0.0
2024-04-12 12:00:13,978 [WARN] PackLoader:240 - Cannot read IP mode file for STMicroelectronics.X-CUBE-EEPRMA1.4.1.0
2024-04-12 12:00:13,997 [WARN] PackLoader:240 - Cannot read IP mode file for STMicroelectronics.X-CUBE-DISPLAY.1.0.0
2024-04-12 12:00:14,013 [WARN] PackLoader:240 - Cannot read IP mode file for STMicroelectronics.X-CUBE-AI.8.1.0
2024-04-12 12:00:14,048 [WARN] PackLoader:240 - Cannot read IP mode file for STMicroelectronics.X-CUBE-AZRTOS-G0.1.0.0
2024-04-12 12:00:14,093 [WARN] ConditionMgr:438 - getConditionDescription Invalid condition id : LAN8742 Phy interface Condition cause : null
2024-04-12 12:00:14,095 [WARN] PackLoader:240 - Cannot read IP mode file for STMicroelectronics.X-CUBE-AZRTOS-L4.2.0.0
2024-04-12 12:00:14,097 [WARN] ConditionMgr:1039 - genDependencies : Invalid condition id : LAN8742 Phy interface Condition cause : null
2024-04-12 12:00:14,098 [WARN] ConditionMgr:1039 - genDependencies : Invalid condition id : LAN8742 Phy interface Condition cause : null
2024-04-12 12:00:14,099 [WARN] ConditionMgr:1039 - genDependencies : Invalid condition id : LAN8742 Phy interface Condition cause : null
2024-04-12 12:00:14,129 [WARN] PackLoader:240 - Cannot read IP mode file for STMicroelectronics.X-CUBE-SFXS2LP1.4.0.0
2024-04-12 12:00:14,189 [WARN] PackLoader:240 - Cannot read IP mode file for STMicroelectronics.X-CUBE-AZRTOS-H7.3.0.0
2024-04-12 12:00:14,216 [WARN] PackLoader:240 - Cannot read IP mode file for STMicroelectronics.X-CUBE-ISPU.1.1.0
2024-04-12 12:00:14,240 [WARN] PackLoader:240 - Cannot read IP mode file for RoweBots.I-CUBE-UNISONRTOS.5.5.0-4
2024-04-12 12:00:14,259 [WARN] PackLoader:240 - Cannot read IP mode file for STMicroelectronics.X-CUBE-AI.8.0.0
2024-04-12 12:00:14,327 [WARN] ConditionMgr:438 - getConditionDescription Invalid condition id : UX DEVICE CLASS RTOS Condition cause : null
2024-04-12 12:00:14,328 [WARN] ConditionMgr:438 - getConditionDescription Invalid condition id : UX DEVICE CLASS RTOS Condition cause : null
2024-04-12 12:00:14,331 [WARN] PackLoader:240 - Cannot read IP mode file for STMicroelectronics.X-CUBE-AZRTOS-WB.2.0.0
2024-04-12 12:00:14,332 [WARN] ConditionMgr:1039 - genDependencies : Invalid condition id : UX DEVICE CLASS RTOS Condition cause : null
2024-04-12 12:00:14,333 [WARN] ConditionMgr:1039 - genDependencies : Invalid condition id : UX DEVICE CLASS RTOS Condition cause : null
2024-04-12 12:00:14,333 [WARN] ConditionMgr:1039 - genDependencies : Invalid condition id : UX DEVICE CLASS RTOS Condition cause : null
2024-04-12 12:00:14,334 [WARN] ConditionMgr:1039 - genDependencies : Invalid condition id : UX DEVICE CLASS RTOS Condition cause : null
2024-04-12 12:00:14,334 [WARN] ConditionMgr:1039 - genDependencies : Invalid condition id : UX DEVICE CLASS RTOS Condition cause : null
2024-04-12 12:00:14,355 [WARN] PackLoader:240 - Cannot read IP mode file for STMicroelectronics.X-CUBE-FREERTOS.1.0.0
2024-04-12 12:00:14,373 [WARN] PackLoader:240 - Cannot read IP mode file for STMicroelectronics.X-CUBE-FREERTOS.1.0.1
2024-04-12 12:00:14,427 [WARN] PackLoader:240 - Cannot read IP mode file for STMicroelectronics.X-CUBE-MEMS1.9.0.0
2024-04-12 12:00:14,555 [WARN] PackLoader:240 - Cannot read IP mode file for STMicroelectronics.X-CUBE-AZRTOS-L5.1.1.0
2024-04-12 12:00:14,582 [WARN] PackLoader:240 - Cannot read IP mode file for STMicroelectronics.X-CUBE-AI.8.0.1
2024-04-12 12:00:14,612 [WARN] PackLoader:240 - Cannot read IP mode file for STMicroelectronics.X-CUBE-SUBG2.5.0.0
2024-04-12 12:00:14,651 [WARN] PackLoader:240 - Cannot read IP mode file for STMicroelectronics.X-CUBE-AZRTOS-G4.2.0.0
2024-04-12 12:00:14,686 [WARN] PackLoader:240 - Cannot read IP mode file for STMicroelectronics.X-CUBE-TOF1.3.3.0
2024-04-12 12:00:14,721 [WARN] PackLoader:240 - Cannot read IP mode file for STMicroelectronics.FP-ATR-ASTRA1.1.1.1
2024-04-12 12:00:14,779 [WARN] PackLoader:240 - Cannot read IP mode file for Infineon.AIROC-Wi-Fi-Bluetooth-STM32.1.5.1
2024-04-12 12:00:14,791 [WARN] PackLoader:240 - Cannot read IP mode file for STMicroelectronics.FP-SNS-MOTENVWB1.1.3.1
2024-04-12 12:00:14,835 [WARN] PackLoader:240 - Cannot read IP mode file for STMicroelectronics.X-CUBE-AZRTOS-G4.1.0.0
2024-04-12 12:00:14,877 [WARN] PackLoader:240 - Cannot read IP mode file for STMicroelectronics.X-CUBE-AZRTOS-L4.1.0.0
2024-04-12 12:00:14,896 [WARN] PackLoader:240 - Cannot read IP mode file for STMicroelectronics.X-CUBE-ISPU.2.0.0
2024-04-12 12:00:14,959 [WARN] PackLoader:240 - Cannot read IP mode file for STMicroelectronics.X-CUBE-MEMS1.10.0.0
2024-04-12 12:00:15,069 [WARN] PackLoader:240 - Cannot read IP mode file for STMicroelectronics.X-CUBE-FREERTOS.1.1.0
2024-04-12 12:00:15,108 [WARN] PackLoader:240 - Cannot read IP mode file for STMicroelectronics.X-CUBE-AZRTOS-F7.1.0.0
2024-04-12 12:00:15,144 [WARN] PackLoader:240 - Cannot read IP mode file for STMicroelectronics.X-CUBE-AZRTOS-WL.1.0.0
2024-04-12 12:00:15,202 [WARN] PackLoader:240 - Cannot read IP mode file for STMicroelectronics.X-CUBE-MEMS1.9.1.0
2024-04-12 12:00:15,364 [WARN] PackLoader:240 - Cannot read IP mode file for portGmbH.I-Cube-SoM-uGOAL.1.1.0
2024-04-12 12:00:15,385 [WARN] PackLoader:240 - Cannot read IP mode file for STMicroelectronics.X-CUBE-ALS.1.0.1
2024-04-12 12:00:15,404 [WARN] PackLoader:240 - Cannot read IP mode file for STMicroelectronics.X-CUBE-AI.7.0.0
2024-04-12 12:00:15,463 [WARN] PackLoader:240 - Cannot read IP mode file for STMicroelectronics.X-CUBE-AZRTOS-WB.1.1.0
2024-04-12 12:00:15,505 [WARN] PackLoader:240 - Cannot read IP mode file for STMicroelectronics.X-CUBE-AZRTOS-L5.1.0.0
2024-04-12 12:00:15,526 [WARN] PackLoader:240 - Cannot read IP mode file for STMicroelectronics.X-CUBE-EEPRMA1.3.1.0
2024-04-12 12:00:15,546 [WARN] PackLoader:240 - Cannot read IP mode file for STMicroelectronics.X-CUBE-EEPRMA1.3.1.1
2024-04-12 12:00:15,569 [WARN] PackLoader:240 - Cannot read IP mode file for STMicroelectronics.X-CUBE-GNSS1.5.2.0
2024-04-12 12:00:15,578 [WARN] PackLoader:240 - Cannot read IP mode file for STMicroelectronics.FP-ATR-ASTRA1.2.0.0
2024-04-12 12:00:15,611 [WARN] PackLoader:240 - Cannot read IP mode file for STMicroelectronics.X-CUBE-TOF1.3.4.0
2024-04-12 12:00:15,654 [WARN] PackLoader:240 - Cannot read IP mode file for STMicroelectronics.X-CUBE-TOF1.3.4.1
2024-04-12 12:00:15,711 [WARN] PackLoader:240 - Cannot read IP mode file for STMicroelectronics.X-CUBE-AZRTOS-H7.3.2.0
2024-04-12 12:00:15,716 [INFO] ThirdParty:978 - Integrity check success = true
2024-04-12 12:00:15,716 [INFO] IntegrityCheckThread:100 - exiting critical section [integrity check]
2024-04-12 12:00:15,716 [INFO] IntegrityCheckThread:103 - End integrity checks thread
2024-04-12 12:00:33,614 [ERROR] LogOutputStream:75 - [STDERR_REDIRECT] SLF4J: Failed to load class "org.slf4j.impl.StaticLoggerBinder".
2024-04-12 12:00:33,615 [ERROR] LogOutputStream:75 - [STDERR_REDIRECT] SLF4J: Defaulting to no-operation (NOP) logger implementation
2024-04-12 12:00:33,619 [ERROR] LogOutputStream:75 - [STDERR_REDIRECT] SLF4J: See http://www.slf4j.org/codes.html#StaticLoggerBinder for further details.
