2024-03-17 19:09:22,441 [INFO] Activator:176 - 


2024-03-17 19:09:22,460 [INFO] Activator:177 - !SESSION log4j initialized
2024-03-17 19:09:40,286 [INFO] LogOutputStream:77 - [STDOUT_REDIRECT] 
2024-03-17 19:09:48,496 [INFO] ApplicationProperties:184 - Using Application install path: C:\ST\STM32CubeIDE_1.7.0\STM32CubeIDE\plugins\com.st.stm32cube.common.mx_6.10.0.202311202037
2024-03-17 19:09:48,544 [INFO] DbMcusXml:78 - Set database path to: C:\ST\STM32CubeIDE_1.7.0\STM32CubeIDE\plugins\com.st.stm32cube.common.mx_6.10.0.202311202037\\db\/mcu/
2024-03-17 19:09:48,544 [INFO] ApiDb:274 - Set plugin database path to: C:\ST\STM32CubeIDE_1.7.0\STM32CubeIDE\plugins\com.st.stm32cube.common.mx_6.10.0.202311202037\\db\/plugins/boardmanager/
2024-03-17 19:09:48,544 [WARN] ApiDb:259 - Overriding images path with different value:  => C:\ST\STM32CubeIDE_1.7.0\STM32CubeIDE\plugins\com.st.stm32cube.common.mx_6.10.0.202311202037\\db\/plugins/mcufinder/images/
2024-03-17 19:09:48,584 [INFO] ApiDb:250 - Set database path to: C:\Users\porsc\.stmcufinder\plugins\mcufinder//mcu/
2024-03-17 19:09:48,584 [INFO] DbMcusAds:125 - Set database path to: C:\Users\porsc\.stmcufinder\plugins\mcufinder//mcu/
2024-03-17 19:09:48,592 [INFO] CrossReferenceDbSqlite:203 - Set database path to: C:\Users\porsc\.stmcufinder\plugins\mcufinder//mcu/cs/
2024-03-17 19:09:48,936 [INFO] RulesReader:64 - Compatibility file has been processed (297 Rules)
2024-03-17 19:09:49,136 [INFO] DbMcusXml:78 - Set database path to: C:\ST\STM32CubeIDE_1.7.0\STM32CubeIDE\plugins\com.st.stm32cube.common.mx_6.10.0.202311202037\\db\/mcu/
2024-03-17 19:09:49,136 [INFO] ApiDb:274 - Set plugin database path to: C:\ST\STM32CubeIDE_1.7.0\STM32CubeIDE\plugins\com.st.stm32cube.common.mx_6.10.0.202311202037\\db\/plugins/boardmanager/
2024-03-17 19:09:49,136 [INFO] ApiDb:261 - Set plugin images path to: C:\ST\STM32CubeIDE_1.7.0\STM32CubeIDE\plugins\com.st.stm32cube.common.mx_6.10.0.202311202037\\db\/plugins/mcufinder/images/
2024-03-17 19:09:49,136 [WARN] DbFile:41 - Overriding database path with different value: C:\Users\porsc\.stmcufinder\plugins\mcufinder/ => C:\Users\porsc\.stmcufinder\plugins\mcufinder
2024-03-17 19:09:49,136 [INFO] ApiDb:250 - Set database path to: C:\Users\porsc\.stmcufinder\plugins\mcufinder//mcu/
2024-03-17 19:09:49,136 [WARN] DbFile:41 - Overriding database path with different value: C:\Users\porsc\.stmcufinder\plugins\mcufinder/ => C:\Users\porsc\.stmcufinder\plugins\mcufinder
2024-03-17 19:09:49,136 [INFO] DbMcusAds:125 - Set database path to: C:\Users\porsc\.stmcufinder\plugins\mcufinder//mcu/
2024-03-17 19:09:49,136 [WARN] DbFile:41 - Overriding database path with different value: C:\Users\porsc\.stmcufinder\plugins\mcufinder/ => C:\Users\porsc\.stmcufinder\plugins\mcufinder
2024-03-17 19:09:49,136 [WARN] DbFile:41 - Overriding database path with different value: C:\Users\porsc\.stmcufinder\plugins\mcufinder/ => C:\Users\porsc\.stmcufinder\plugins\mcufinder
2024-03-17 19:09:49,136 [INFO] CrossReferenceDbSqlite:203 - Set database path to: C:\Users\porsc\.stmcufinder\plugins\mcufinder//mcu/cs/
2024-03-17 19:09:49,328 [INFO] MainPanel:264 - HeapMemory: 268435456
2024-03-17 19:09:49,552 [INFO] DbMcusXml:78 - Set database path to: C:\ST\STM32CubeIDE_1.7.0\STM32CubeIDE\plugins\com.st.stm32cube.common.mx_6.10.0.202311202037\\db\/mcu/
2024-03-17 19:09:49,552 [INFO] ApiDb:274 - Set plugin database path to: C:\ST\STM32CubeIDE_1.7.0\STM32CubeIDE\plugins\com.st.stm32cube.common.mx_6.10.0.202311202037\\db\/plugins/boardmanager/
2024-03-17 19:09:49,552 [INFO] ApiDb:261 - Set plugin images path to: C:\ST\STM32CubeIDE_1.7.0\STM32CubeIDE\plugins\com.st.stm32cube.common.mx_6.10.0.202311202037\\db\/plugins/mcufinder/images/
2024-03-17 19:09:49,552 [WARN] DbFile:41 - Overriding database path with different value: C:\Users\porsc\.stmcufinder\plugins\mcufinder/ => C:\Users\porsc\.stmcufinder\plugins\mcufinder
2024-03-17 19:09:49,552 [INFO] ApiDb:250 - Set database path to: C:\Users\porsc\.stmcufinder\plugins\mcufinder//mcu/
2024-03-17 19:09:49,552 [WARN] DbFile:41 - Overriding database path with different value: C:\Users\porsc\.stmcufinder\plugins\mcufinder/ => C:\Users\porsc\.stmcufinder\plugins\mcufinder
2024-03-17 19:09:49,552 [INFO] DbMcusAds:125 - Set database path to: C:\Users\porsc\.stmcufinder\plugins\mcufinder//mcu/
2024-03-17 19:09:49,552 [WARN] DbFile:41 - Overriding database path with different value: C:\Users\porsc\.stmcufinder\plugins\mcufinder/ => C:\Users\porsc\.stmcufinder\plugins\mcufinder
2024-03-17 19:09:49,552 [WARN] DbFile:41 - Overriding database path with different value: C:\Users\porsc\.stmcufinder\plugins\mcufinder/ => C:\Users\porsc\.stmcufinder\plugins\mcufinder
2024-03-17 19:09:49,552 [INFO] CrossReferenceDbSqlite:203 - Set database path to: C:\Users\porsc\.stmcufinder\plugins\mcufinder//mcu/cs/
2024-03-17 19:09:49,608 [INFO] ApplicationProperties:184 - Using Application install path: C:\ST\STM32CubeIDE_1.7.0\STM32CubeIDE\plugins\com.st.stm32cube.common.mx_6.10.0.202311202037
2024-03-17 19:09:49,608 [INFO] PluginManage:196 - Search for loadable plugins [exclusion list=, ]
2024-03-17 19:09:49,616 [INFO] PluginManage:310 - Check plugin analytics
2024-03-17 19:09:55,006 [INFO] AnalyticsPlugin:253 - Accepted Software Licenses: STM32CubeMX.6.10.0
2024-03-17 19:09:55,007 [INFO] AnalyticsPlugin:255 - Accepted CMSIS Pack Licenses: 
2024-03-17 19:09:55,007 [INFO] AnalyticsPlugin:257 - Accepted Firmware Licenses: FW.F4.1.28.0
2024-03-17 19:09:55,011 [INFO] PluginManage:359 - Loaded plugin analytics (category:tool,tabindex:-1)
2024-03-17 19:09:55,012 [INFO] PluginManage:310 - Check plugin cadmodel
2024-03-17 19:09:55,044 [INFO] CADModel:105 - Init CAD model plugin
2024-03-17 19:09:55,045 [INFO] PluginManage:359 - Loaded plugin cadmodel (category:power,tabindex:5)
2024-03-17 19:09:55,045 [INFO] PluginManage:310 - Check plugin clock
2024-03-17 19:09:55,102 [INFO] PluginManage:359 - Loaded plugin clock (category:base,tabindex:2)
2024-03-17 19:09:55,102 [INFO] PluginManage:310 - Check plugin ddr
2024-03-17 19:09:55,108 [INFO] PluginManage:359 - Loaded plugin ddr (category:tool,tabindex:6)
2024-03-17 19:09:55,108 [INFO] PluginManage:310 - Check plugin filemanager
2024-03-17 19:09:55,479 [INFO] PluginManage:359 - Loaded plugin filemanager (category:base,tabindex:10)
2024-03-17 19:09:55,479 [INFO] PluginManage:310 - Check plugin ipmanager
2024-03-17 19:09:55,497 [INFO] PluginManage:359 - Loaded plugin ipmanager (category:base,tabindex:5)
2024-03-17 19:09:55,497 [INFO] PluginManage:310 - Check plugin lpbam
2024-03-17 19:09:55,542 [INFO] PluginManage:359 - Loaded plugin lpbam (category:base,tabindex:0)
2024-03-17 19:09:55,542 [INFO] PluginManage:310 - Check plugin memorymap
2024-03-17 19:09:55,597 [INFO] PluginManage:359 - Loaded plugin memorymap (category:base,tabindex:4)
2024-03-17 19:09:55,597 [INFO] PluginManage:310 - Check plugin pinoutandconfiguration
2024-03-17 19:09:55,642 [INFO] PluginManage:359 - Loaded plugin pinoutandconfiguration (category:base,tabindex:1)
2024-03-17 19:09:55,642 [INFO] PluginManage:310 - Check plugin pinoutconfig
2024-03-17 19:09:55,884 [WARN] SupportedApi:132 - Cannot load RTOS API schema: s4s-elt-must-match.1: The content of 'definitions' must match (annotation?, (simpleType | complexType)?, (unique | key | keyref)*)). A problem was found starting at: attribute.
2024-03-17 19:09:56,243 [INFO] PluginManage:359 - Loaded plugin pinoutconfig (category:base,tabindex:0)
2024-03-17 19:09:56,244 [INFO] PluginManage:310 - Check plugin power
2024-03-17 19:09:56,298 [INFO] PluginManage:359 - Loaded plugin power (category:power,tabindex:4)
2024-03-17 19:09:56,299 [INFO] PluginManage:310 - Check plugin projectmanager
2024-03-17 19:09:56,348 [INFO] PluginManage:359 - Loaded plugin projectmanager (category:projectmanager,tabindex:3)
2024-03-17 19:09:56,349 [INFO] PluginManage:310 - Check plugin thirdparty
2024-03-17 19:09:57,069 [INFO] PluginManage:359 - Loaded plugin thirdparty (category:base,tabindex:-1)
2024-03-17 19:09:57,070 [INFO] PluginManage:310 - Check plugin tools
2024-03-17 19:09:57,070 [WARN] IntegrityCheckThread:84 - waiting for thirdparty lock release [integrity check]
2024-03-17 19:09:57,072 [INFO] IntegrityCheckThread:86 - entering critical section [integrity check]
2024-03-17 19:09:57,073 [INFO] ThirdPartyUpdaterWithRetryManager:70 - Updater plugin not ready yet. [1/15]
2024-03-17 19:09:57,162 [INFO] PluginManage:359 - Loaded plugin tools (category:base,tabindex:7)
2024-03-17 19:09:57,163 [INFO] PluginManage:310 - Check plugin tutovideos
2024-03-17 19:09:57,685 [INFO] PluginManage:359 - Loaded plugin tutovideos (category:base,tabindex:-1)
2024-03-17 19:09:57,686 [INFO] PluginManage:310 - Check plugin updater
2024-03-17 19:09:57,712 [INFO] PluginManage:359 - Loaded plugin updater (category:base,tabindex:12)
2024-03-17 19:09:57,712 [INFO] PluginManage:310 - Check plugin userauth
2024-03-17 19:09:57,724 [INFO] UserAuth:114 - Init User Auth plugin
2024-03-17 19:09:57,724 [INFO] PluginManage:359 - Loaded plugin userauth (category:base,tabindex:14)
2024-03-17 19:09:57,725 [INFO] PluginManage:283 - PluginManage : Loaded plugins [17]
2024-03-17 19:09:58,315 [INFO] PinOutPanel:1499 - setPackage(No Configuration,No Configuration)
2024-03-17 19:09:58,512 [INFO] CADModel:165 - CPN selected for project level
2024-03-17 19:09:58,513 [INFO] CADModel:114 - Register for checkConnection events
2024-03-17 19:09:58,587 [INFO] IPUIPlugin:80 - create IPUIPlugin
2024-03-17 19:09:58,587 [INFO] PluginManager:220 - loadIPPluginJar : add adc
2024-03-17 19:09:58,693 [INFO] IPUIPlugin:80 - create IPUIPlugin
2024-03-17 19:09:58,694 [INFO] PluginManager:220 - loadIPPluginJar : add aes
2024-03-17 19:09:58,789 [INFO] IPUIPlugin:80 - create IPUIPlugin
2024-03-17 19:09:58,789 [INFO] PluginManager:220 - loadIPPluginJar : add can
2024-03-17 19:09:58,848 [INFO] IPUIPlugin:80 - create IPUIPlugin
2024-03-17 19:09:58,848 [INFO] PluginManager:220 - loadIPPluginJar : add comp
2024-03-17 19:09:58,936 [INFO] IPUIPlugin:80 - create IPUIPlugin
2024-03-17 19:09:58,937 [INFO] PluginManager:220 - loadIPPluginJar : add cryp
2024-03-17 19:09:59,018 [INFO] IPUIPlugin:80 - create IPUIPlugin
2024-03-17 19:09:59,019 [INFO] PluginManager:220 - loadIPPluginJar : add dfsdm
2024-03-17 19:09:59,053 [INFO] IPUIPlugin:80 - create IPUIPlugin
2024-03-17 19:09:59,055 [INFO] PluginManager:220 - loadIPPluginJar : add dma
2024-03-17 19:09:59,180 [INFO] IPUIPlugin:80 - create IPUIPlugin
2024-03-17 19:09:59,180 [INFO] PluginManager:220 - loadIPPluginJar : add dma3
2024-03-17 19:09:59,232 [INFO] IPUIPlugin:80 - create IPUIPlugin
2024-03-17 19:09:59,232 [INFO] PluginManager:220 - loadIPPluginJar : add fatfs
2024-03-17 19:09:59,362 [INFO] IPUIPlugin:80 - create IPUIPlugin
2024-03-17 19:09:59,362 [INFO] PluginManager:220 - loadIPPluginJar : add fmc
2024-03-17 19:09:59,400 [INFO] IPUIPlugin:80 - create IPUIPlugin
2024-03-17 19:09:59,400 [INFO] PluginManager:220 - loadIPPluginJar : add freertos
2024-03-17 19:09:59,453 [INFO] IPUIPlugin:80 - create IPUIPlugin
2024-03-17 19:09:59,454 [INFO] PluginManager:220 - loadIPPluginJar : add genericplugin
2024-03-17 19:09:59,715 [INFO] IPUIPlugin:80 - create IPUIPlugin
2024-03-17 19:09:59,715 [INFO] PluginManager:220 - loadIPPluginJar : add gfxmmu
2024-03-17 19:10:00,079 [INFO] ThirdPartyUpdaterWithRetryManager:70 - Updater plugin not ready yet. [2/15]
2024-03-17 19:10:00,105 [INFO] IPUIPlugin:80 - create IPUIPlugin
2024-03-17 19:10:00,105 [INFO] PluginManager:220 - loadIPPluginJar : add gic
2024-03-17 19:10:00,137 [INFO] IPUIPlugin:80 - create IPUIPlugin
2024-03-17 19:10:00,137 [INFO] PluginManager:220 - loadIPPluginJar : add gpio
2024-03-17 19:10:00,396 [INFO] IPUIPlugin:80 - create IPUIPlugin
2024-03-17 19:10:00,396 [INFO] PluginManager:220 - loadIPPluginJar : add gtzc
2024-03-17 19:10:00,492 [INFO] IPUIPlugin:80 - create IPUIPlugin
2024-03-17 19:10:00,493 [INFO] PluginManager:220 - loadIPPluginJar : add hash
2024-03-17 19:10:00,610 [INFO] IPUIPlugin:80 - create IPUIPlugin
2024-03-17 19:10:00,611 [INFO] PluginManager:220 - loadIPPluginJar : add i2c
2024-03-17 19:10:00,717 [INFO] IPUIPlugin:80 - create IPUIPlugin
2024-03-17 19:10:00,717 [INFO] PluginManager:220 - loadIPPluginJar : add i2s
2024-03-17 19:10:00,831 [INFO] IPUIPlugin:80 - create IPUIPlugin
2024-03-17 19:10:00,831 [INFO] PluginManager:220 - loadIPPluginJar : add i3c
2024-03-17 19:10:01,143 [INFO] IPUIPlugin:80 - create IPUIPlugin
2024-03-17 19:10:01,143 [INFO] PluginManager:220 - loadIPPluginJar : add ipddr
2024-03-17 19:10:01,401 [INFO] IPUIPlugin:80 - create IPUIPlugin
2024-03-17 19:10:01,401 [INFO] PluginManager:220 - loadIPPluginJar : add linkedlist
2024-03-17 19:10:01,490 [INFO] IPUIPlugin:80 - create IPUIPlugin
2024-03-17 19:10:01,490 [INFO] PluginManager:220 - loadIPPluginJar : add lorawan
2024-03-17 19:10:01,588 [INFO] IPUIPlugin:80 - create IPUIPlugin
2024-03-17 19:10:01,588 [INFO] PluginManager:220 - loadIPPluginJar : add ltdc
2024-03-17 19:10:01,625 [INFO] IPUIPlugin:80 - create IPUIPlugin
2024-03-17 19:10:01,626 [INFO] PluginManager:220 - loadIPPluginJar : add mdma
2024-03-17 19:10:01,656 [INFO] IPUIPlugin:80 - create IPUIPlugin
2024-03-17 19:10:01,656 [INFO] PluginManager:220 - loadIPPluginJar : add nvic
2024-03-17 19:10:01,756 [INFO] IPUIPlugin:80 - create IPUIPlugin
2024-03-17 19:10:01,757 [INFO] PluginManager:220 - loadIPPluginJar : add opamp
2024-03-17 19:10:01,907 [INFO] IPUIPlugin:80 - create IPUIPlugin
2024-03-17 19:10:01,908 [INFO] PluginManager:220 - loadIPPluginJar : add openamp
2024-03-17 19:10:02,024 [INFO] IPUIPlugin:80 - create IPUIPlugin
2024-03-17 19:10:02,024 [INFO] PluginManager:220 - loadIPPluginJar : add pdm2pcm
2024-03-17 19:10:02,063 [INFO] IPUIPlugin:80 - create IPUIPlugin
2024-03-17 19:10:02,069 [INFO] PluginManager:220 - loadIPPluginJar : add plateformsettings
2024-03-17 19:10:02,133 [INFO] IPUIPlugin:80 - create IPUIPlugin
2024-03-17 19:10:02,133 [INFO] PluginManager:220 - loadIPPluginJar : add quadspi
2024-03-17 19:10:02,168 [INFO] IPUIPlugin:80 - create IPUIPlugin
2024-03-17 19:10:02,169 [INFO] PluginManager:220 - loadIPPluginJar : add resmgrutility
2024-03-17 19:10:02,309 [INFO] IPUIPlugin:80 - create IPUIPlugin
2024-03-17 19:10:02,309 [INFO] PluginManager:220 - loadIPPluginJar : add sai
2024-03-17 19:10:02,409 [INFO] IPUIPlugin:80 - create IPUIPlugin
2024-03-17 19:10:02,410 [INFO] PluginManager:220 - loadIPPluginJar : add spi
2024-03-17 19:10:02,594 [INFO] IPUIPlugin:80 - create IPUIPlugin
2024-03-17 19:10:02,594 [INFO] PluginManager:220 - loadIPPluginJar : add stm32_wpan
2024-03-17 19:10:02,654 [INFO] IPUIPlugin:80 - create IPUIPlugin
2024-03-17 19:10:02,654 [INFO] PluginManager:220 - loadIPPluginJar : add tim
2024-03-17 19:10:02,807 [INFO] IPUIPlugin:80 - create IPUIPlugin
2024-03-17 19:10:02,807 [INFO] PluginManager:220 - loadIPPluginJar : add touchsensing
2024-03-17 19:10:02,865 [INFO] IPUIPlugin:80 - create IPUIPlugin
2024-03-17 19:10:02,865 [INFO] PluginManager:220 - loadIPPluginJar : add tracer_emb
2024-03-17 19:10:02,924 [INFO] IPUIPlugin:80 - create IPUIPlugin
2024-03-17 19:10:02,924 [INFO] PluginManager:220 - loadIPPluginJar : add ts
2024-03-17 19:10:02,978 [INFO] IPUIPlugin:80 - create IPUIPlugin
2024-03-17 19:10:02,979 [INFO] PluginManager:220 - loadIPPluginJar : add tsc
2024-03-17 19:10:03,036 [INFO] IPUIPlugin:80 - create IPUIPlugin
2024-03-17 19:10:03,036 [INFO] PluginManager:220 - loadIPPluginJar : add ucpd
2024-03-17 19:10:03,082 [INFO] ThirdPartyUpdaterWithRetryManager:70 - Updater plugin not ready yet. [3/15]
2024-03-17 19:10:03,160 [INFO] IPUIPlugin:80 - create IPUIPlugin
2024-03-17 19:10:03,160 [INFO] PluginManager:220 - loadIPPluginJar : add usart
2024-03-17 19:10:03,284 [INFO] IPUIPlugin:80 - create IPUIPlugin
2024-03-17 19:10:03,284 [INFO] PluginManager:220 - loadIPPluginJar : add usbx
2024-03-17 19:10:03,552 [INFO] CADModel:165 - CPN selected for project level
2024-03-17 19:10:03,552 [INFO] CADModel:114 - Register for checkConnection events
2024-03-17 19:10:03,553 [FATAL] Updater:308 - Updater called before beeing initialized
2024-03-17 19:10:03,554 [ERROR] CADModel:125 - Updater not yet initialized, retry later 
2024-03-17 19:10:03,982 [INFO] CADModel:165 - CPN selected for project level
2024-03-17 19:10:03,983 [INFO] CADModel:114 - Register for checkConnection events
2024-03-17 19:10:03,983 [FATAL] Updater:308 - Updater called before beeing initialized
2024-03-17 19:10:03,983 [ERROR] CADModel:125 - Updater not yet initialized, retry later 
2024-03-17 19:10:03,991 [FATAL] Updater:308 - Updater called before beeing initialized
2024-03-17 19:10:04,256 [FATAL] Updater:308 - Updater called before beeing initialized
2024-03-17 19:10:04,278 [INFO] DbMcusAds:53 - JSON generation date=Wed Nov 29 05:52:27 EST 2023 (1701255147349)
2024-03-17 19:10:04,279 [FATAL] Updater:308 - Updater called before beeing initialized
2024-03-17 19:10:04,482 [WARN] DetailPanel:346 - Failed to get advertising image, set to default
2024-03-17 19:10:04,741 [FATAL] Updater:308 - Updater called before beeing initialized
2024-03-17 19:10:04,746 [FATAL] Updater:308 - Updater called before beeing initialized
2024-03-17 19:10:04,746 [FATAL] Updater:308 - Updater called before beeing initialized
2024-03-17 19:10:04,746 [WARN] DetailPanel:346 - Failed to get advertising image, set to default
2024-03-17 19:10:04,748 [FATAL] Updater:308 - Updater called before beeing initialized
2024-03-17 19:10:04,919 [ERROR] Updater:1120 - MainUpdater not yet initialized. External WinMGr cannot be set.
2024-03-17 19:10:04,942 [INFO] Updater:1056 - Updater Version found : 6.10.0
2024-03-17 19:10:04,992 [INFO] ApplicationProperties:184 - Using Application install path: C:\ST\STM32CubeIDE_1.7.0\STM32CubeIDE\plugins\com.st.stm32cube.common.mx_6.10.0.202311202037
2024-03-17 19:10:05,759 [INFO] MainUpdater:2873 - connection check result : 10
2024-03-17 19:10:05,761 [INFO] MainUpdater:290 - Updater Check For Update Now.
2024-03-17 19:10:05,762 [INFO] MicroXplorer:498 - Change Database Version : DB.6.0.100
2024-03-17 19:10:05,803 [INFO] McuFinderGlobals:63 - Set McuFinder mode to 2 (CubeIDE integrated)
2024-03-17 19:10:05,804 [INFO] UserAuth:180 - activating auth plugin
2024-03-17 19:10:05,811 [INFO] UserAuth:404 - Internet connection configuration mode: 1
2024-03-17 19:10:05,867 [INFO] JxBrowserEngine:152 - Initiate JxBrowser Engine with user profile folder
2024-03-17 19:10:06,089 [INFO] CheckServerUpdateThread:120 - End of CheckServer Thread
2024-03-17 19:10:06,730 [WARN] PackLoader:240 - Cannot read IP mode file for STMicroelectronics.X-CUBE-SMBUS.2.1.0
2024-03-17 19:10:06,766 [WARN] PackLoader:240 - Cannot read IP mode file for STMicroelectronics.X-CUBE-TOUCHGFX.4.23.0
2024-03-17 19:10:06,902 [WARN] PackLoader:240 - Cannot read IP mode file for STMicroelectronics.X-CUBE-AZRTOS-H7.1.1.0
2024-03-17 19:10:06,985 [WARN] PackLoader:240 - Cannot read IP mode file for STMicroelectronics.X-CUBE-AZRTOS-F7.1.1.0
2024-03-17 19:10:07,019 [WARN] PackLoader:240 - Cannot read IP mode file for STMicroelectronics.X-CUBE-AI.7.1.0
2024-03-17 19:10:07,045 [WARN] PackLoader:240 - Cannot read IP mode file for STMicroelectronics.FP-SNS-MOTENV1.4.3.2
2024-03-17 19:10:07,067 [ERROR] RealEvaluatedCondition:428 - Found unsupported composite condition: GROUP='STM32_MetaDataManager' CLASS='Data Exchange'
2024-03-17 19:10:07,068 [ERROR] RealEvaluatedCondition:428 - Found unsupported composite condition: GROUP='STM32_MetaDataManager' CLASS='Data Exchange'
2024-03-17 19:10:07,070 [WARN] PackLoader:240 - Cannot read IP mode file for STMicroelectronics.FP-SNS-MOTENV1.4.3.1
2024-03-17 19:10:07,094 [WARN] PackLoader:240 - Cannot read IP mode file for STMicroelectronics.FP-SNS-FLIGHT1.5.0.1
2024-03-17 19:10:07,121 [WARN] PackLoader:240 - Cannot read IP mode file for STMicroelectronics.X-CUBE-BLE1.6.2.3
2024-03-17 19:10:07,143 [WARN] PackLoader:240 - Cannot read IP mode file for STMicroelectronics.X-CUBE-BLE1.6.2.4
2024-03-17 19:10:07,167 [WARN] PackLoader:240 - Cannot read IP mode file for STMicroelectronics.X-CUBE-BLE1.6.2.1
2024-03-17 19:10:07,192 [WARN] PackLoader:240 - Cannot read IP mode file for STMicroelectronics.X-CUBE-BLE2.3.2.1
2024-03-17 19:10:07,215 [WARN] PackLoader:240 - Cannot read IP mode file for STMicroelectronics.FP-SNS-FLIGHT1.5.0.2
2024-03-17 19:10:07,246 [WARN] PackLoader:240 - Cannot read IP mode file for STMicroelectronics.X-CUBE-BLE2.3.2.2
2024-03-17 19:10:07,285 [WARN] PackLoader:240 - Cannot read IP mode file for STMicroelectronics.X-CUBE-DISPLAY.3.0.0
2024-03-17 19:10:07,314 [WARN] PackLoader:240 - Cannot read IP mode file for STMicroelectronics.X-CUBE-BLE1.7.0.0
2024-03-17 19:10:07,351 [WARN] PackLoader:240 - Cannot read IP mode file for STMicroelectronics.X-CUBE-SUBG2.4.2.0
2024-03-17 19:10:07,410 [WARN] PackLoader:240 - Cannot read IP mode file for STMicroelectronics.X-CUBE-BLEMGR.3.1.0
2024-03-17 19:10:07,444 [WARN] PackLoader:240 - Cannot read IP mode file for STMicroelectronics.FP-SNS-SMARTAG2.1.2.0
2024-03-17 19:10:07,479 [INFO] LogOutputStream:77 - [STDOUT_REDIRECT] 1 : Invalid condition id : UX_CORESTACK_Condition cause : null
2024-03-17 19:10:07,480 [INFO] LogOutputStream:77 - [STDOUT_REDIRECT] 1 : Invalid condition id : UX_CORESTACK_Condition cause : null
2024-03-17 19:10:07,483 [INFO] LogOutputStream:77 - [STDOUT_REDIRECT] 1 : Invalid condition id : UX_CORESTACK_Condition cause : null
2024-03-17 19:10:07,485 [INFO] LogOutputStream:77 - [STDOUT_REDIRECT] 1 : Invalid condition id : UX_CORESTACK_Condition cause : null
2024-03-17 19:10:07,487 [INFO] LogOutputStream:77 - [STDOUT_REDIRECT] 1 : Invalid condition id : UX_CORESTACK_Condition cause : null
2024-03-17 19:10:07,493 [WARN] PackLoader:240 - Cannot read IP mode file for STMicroelectronics.X-CUBE-AZRTOS-WL.2.0.0
2024-03-17 19:10:07,522 [WARN] PackLoader:240 - Cannot read IP mode file for STMicroelectronics.X-CUBE-ALGOBUILD.1.2.1
2024-03-17 19:10:07,550 [WARN] PackLoader:240 - Cannot read IP mode file for WES.I-CUBE-Cesium.1.3.0
2024-03-17 19:10:07,573 [WARN] PackLoader:240 - Cannot read IP mode file for STMicroelectronics.X-CUBE-BLE2.3.3.0
2024-03-17 19:10:07,613 [WARN] PackLoader:240 - Cannot read IP mode file for STMicroelectronics.X-CUBE-TOF1.3.2.0
2024-03-17 19:10:07,638 [WARN] PackLoader:240 - Cannot read IP mode file for STMicroelectronics.X-CUBE-TOUCHGFX.4.18.1
2024-03-17 19:10:07,657 [WARN] PackLoader:240 - Cannot read IP mode file for STMicroelectronics.X-CUBE-TOUCHGFX.4.21.1
2024-03-17 19:10:07,676 [WARN] PackLoader:240 - Cannot read IP mode file for STMicroelectronics.X-CUBE-TOUCHGFX.4.21.4
2024-03-17 19:10:07,700 [WARN] PackLoader:240 - Cannot read IP mode file for STMicroelectronics.X-CUBE-ALGOBUILD.1.3.0
2024-03-17 19:10:07,753 [WARN] PackLoader:240 - Cannot read IP mode file for STMicroelectronics.X-CUBE-AZRTOS-G0.1.1.0
2024-03-17 19:10:07,782 [WARN] PackLoader:240 - Cannot read IP mode file for STMicroelectronics.X-CUBE-NFC4.3.0.0
2024-03-17 19:10:07,847 [WARN] PackLoader:240 - Cannot read IP mode file for SEGGER.I-CUBE-embOS.1.2.0
2024-03-17 19:10:07,918 [WARN] PackLoader:240 - Cannot read IP mode file for STMicroelectronics.X-CUBE-TOUCHGFX.4.17.0
2024-03-17 19:10:07,993 [WARN] PackLoader:240 - Cannot read IP mode file for STMicroelectronics.X-CUBE-AZRTOS-H7.2.0.0
2024-03-17 19:10:08,027 [WARN] PackLoader:240 - Cannot read IP mode file for STMicroelectronics.FP-ATR-SIGFOX1.3.2.0
2024-03-17 19:10:08,056 [WARN] PackLoader:240 - Cannot read IP mode file for STMicroelectronics.X-CUBE-EEPRMA1.5.1.0
2024-03-17 19:10:08,088 [WARN] PackLoader:240 - Cannot read IP mode file for emotas.I-CUBE-CANOPEN.1.1.2
2024-03-17 19:10:08,174 [WARN] PackLoader:240 - Cannot read IP mode file for STMicroelectronics.X-CUBE-MEMS1.9.5.0
2024-03-17 19:10:08,397 [WARN] PackLoader:240 - Cannot read IP mode file for SEGGER.I-CUBE-embOS.1.3.1
2024-03-17 19:10:08,475 [WARN] PackLoader:240 - Cannot read IP mode file for STMicroelectronics.X-CUBE-DISPLAY.2.0.1
2024-03-17 19:10:08,501 [WARN] PackLoader:240 - Cannot read IP mode file for STMicroelectronics.X-CUBE-TOF1.3.0.0
2024-03-17 19:10:08,530 [WARN] PackLoader:240 - Cannot read IP mode file for STMicroelectronics.X-CUBE-GNSS1.6.0.0
2024-03-17 19:10:08,583 [WARN] PackLoader:240 - Cannot read IP mode file for STMicroelectronics.X-CUBE-AZRTOS-F4.1.1.0
2024-03-17 19:10:08,634 [WARN] PackLoader:240 - Cannot read IP mode file for STMicroelectronics.X-CUBE-AZRTOS-L5.2.0.0
2024-03-17 19:10:08,716 [WARN] PackLoader:240 - Cannot read IP mode file for STMicroelectronics.X-CUBE-MEMS1.9.6.0
2024-03-17 19:10:08,923 [WARN] PackLoader:240 - Cannot read IP mode file for ITTIA_DB.I-CUBE-ITTIADB.8.8.0
2024-03-17 19:10:08,946 [WARN] PackLoader:240 - Cannot read IP mode file for STMicroelectronics.X-CUBE-BLEMGR.2.0.0
2024-03-17 19:10:08,970 [WARN] PackLoader:240 - Cannot read IP mode file for STMicroelectronics.X-CUBE-NFC4.2.0.3
2024-03-17 19:10:08,995 [WARN] PackLoader:240 - Cannot read IP mode file for wolfSSL.I-CUBE-wolfSSL.4.8.0
2024-03-17 19:10:09,042 [WARN] ConditionMgr:438 - getConditionDescription Invalid condition id : UX DEVICE CLASS RTOS Condition cause : null
2024-03-17 19:10:09,043 [WARN] ConditionMgr:438 - getConditionDescription Invalid condition id : UX DEVICE CLASS RTOS Condition cause : null
2024-03-17 19:10:09,048 [WARN] PackLoader:240 - Cannot read IP mode file for STMicroelectronics.X-CUBE-AZRTOS-H7.3.1.0
2024-03-17 19:10:09,049 [WARN] ConditionMgr:1039 - genDependencies : Invalid condition id : UX DEVICE CLASS RTOS Condition cause : null
2024-03-17 19:10:09,050 [WARN] ConditionMgr:1039 - genDependencies : Invalid condition id : UX DEVICE CLASS RTOS Condition cause : null
2024-03-17 19:10:09,051 [WARN] ConditionMgr:1039 - genDependencies : Invalid condition id : UX DEVICE CLASS RTOS Condition cause : null
2024-03-17 19:10:09,052 [WARN] ConditionMgr:1039 - genDependencies : Invalid condition id : UX DEVICE CLASS RTOS Condition cause : null
2024-03-17 19:10:09,052 [WARN] ConditionMgr:1039 - genDependencies : Invalid condition id : UX DEVICE CLASS RTOS Condition cause : null
2024-03-17 19:10:09,077 [WARN] PackLoader:240 - Cannot read IP mode file for STMicroelectronics.X-CUBE-SFXS2LP1.3.1.0
2024-03-17 19:10:09,128 [WARN] PackLoader:240 - Cannot read IP mode file for STMicroelectronics.X-CUBE-AZRTOS-F4.1.0.0
2024-03-17 19:10:09,153 [WARN] PackLoader:240 - Cannot read IP mode file for STMicroelectronics.X-CUBE-TOF1.2.0.0
2024-03-17 19:10:09,176 [WARN] PackLoader:240 - Cannot read IP mode file for STMicroelectronics.X-CUBE-NFC7.1.0.1
2024-03-17 19:10:09,197 [WARN] PackLoader:240 - Cannot read IP mode file for STMicroelectronics.X-CUBE-NFC7.1.0.0
2024-03-17 19:10:09,224 [WARN] PackLoader:240 - Cannot read IP mode file for STMicroelectronics.X-CUBE-NFC6.3.0.0
2024-03-17 19:10:09,252 [WARN] PackLoader:240 - Cannot read IP mode file for STMicroelectronics.X-CUBE-EEPRMA1.4.1.0
2024-03-17 19:10:09,272 [WARN] PackLoader:240 - Cannot read IP mode file for STMicroelectronics.X-CUBE-DISPLAY.1.0.0
2024-03-17 19:10:09,291 [WARN] PackLoader:240 - Cannot read IP mode file for STMicroelectronics.X-CUBE-AI.8.1.0
2024-03-17 19:10:09,334 [WARN] PackLoader:240 - Cannot read IP mode file for STMicroelectronics.X-CUBE-AZRTOS-G0.1.0.0
2024-03-17 19:10:09,386 [WARN] ConditionMgr:438 - getConditionDescription Invalid condition id : LAN8742 Phy interface Condition cause : null
2024-03-17 19:10:09,388 [WARN] PackLoader:240 - Cannot read IP mode file for STMicroelectronics.X-CUBE-AZRTOS-L4.2.0.0
2024-03-17 19:10:09,390 [WARN] ConditionMgr:1039 - genDependencies : Invalid condition id : LAN8742 Phy interface Condition cause : null
2024-03-17 19:10:09,390 [WARN] ConditionMgr:1039 - genDependencies : Invalid condition id : LAN8742 Phy interface Condition cause : null
2024-03-17 19:10:09,391 [WARN] ConditionMgr:1039 - genDependencies : Invalid condition id : LAN8742 Phy interface Condition cause : null
2024-03-17 19:10:09,415 [WARN] PackLoader:240 - Cannot read IP mode file for STMicroelectronics.X-CUBE-SFXS2LP1.4.0.0
2024-03-17 19:10:09,466 [WARN] PackLoader:240 - Cannot read IP mode file for STMicroelectronics.X-CUBE-AZRTOS-H7.3.0.0
2024-03-17 19:10:09,493 [WARN] PackLoader:240 - Cannot read IP mode file for STMicroelectronics.X-CUBE-ISPU.1.1.0
2024-03-17 19:10:09,516 [WARN] PackLoader:240 - Cannot read IP mode file for RoweBots.I-CUBE-UNISONRTOS.5.5.0-4
2024-03-17 19:10:09,535 [WARN] PackLoader:240 - Cannot read IP mode file for STMicroelectronics.X-CUBE-AI.8.0.0
2024-03-17 19:10:09,574 [WARN] ConditionMgr:438 - getConditionDescription Invalid condition id : UX DEVICE CLASS RTOS Condition cause : null
2024-03-17 19:10:09,574 [WARN] ConditionMgr:438 - getConditionDescription Invalid condition id : UX DEVICE CLASS RTOS Condition cause : null
2024-03-17 19:10:09,576 [WARN] PackLoader:240 - Cannot read IP mode file for STMicroelectronics.X-CUBE-AZRTOS-WB.2.0.0
2024-03-17 19:10:09,577 [WARN] ConditionMgr:1039 - genDependencies : Invalid condition id : UX DEVICE CLASS RTOS Condition cause : null
2024-03-17 19:10:09,577 [WARN] ConditionMgr:1039 - genDependencies : Invalid condition id : UX DEVICE CLASS RTOS Condition cause : null
2024-03-17 19:10:09,578 [WARN] ConditionMgr:1039 - genDependencies : Invalid condition id : UX DEVICE CLASS RTOS Condition cause : null
2024-03-17 19:10:09,578 [WARN] ConditionMgr:1039 - genDependencies : Invalid condition id : UX DEVICE CLASS RTOS Condition cause : null
2024-03-17 19:10:09,578 [WARN] ConditionMgr:1039 - genDependencies : Invalid condition id : UX DEVICE CLASS RTOS Condition cause : null
2024-03-17 19:10:09,599 [WARN] PackLoader:240 - Cannot read IP mode file for STMicroelectronics.X-CUBE-FREERTOS.1.0.0
2024-03-17 19:10:09,621 [WARN] PackLoader:240 - Cannot read IP mode file for STMicroelectronics.X-CUBE-FREERTOS.1.0.1
2024-03-17 19:10:09,702 [WARN] PackLoader:240 - Cannot read IP mode file for STMicroelectronics.X-CUBE-MEMS1.9.0.0
2024-03-17 19:10:09,815 [WARN] PackLoader:240 - Cannot read IP mode file for STMicroelectronics.X-CUBE-AZRTOS-L5.1.1.0
2024-03-17 19:10:09,834 [WARN] PackLoader:240 - Cannot read IP mode file for STMicroelectronics.X-CUBE-AI.8.0.1
2024-03-17 19:10:09,861 [WARN] PackLoader:240 - Cannot read IP mode file for STMicroelectronics.X-CUBE-SUBG2.5.0.0
2024-03-17 19:10:09,924 [WARN] PackLoader:240 - Cannot read IP mode file for STMicroelectronics.X-CUBE-AZRTOS-G4.2.0.0
2024-03-17 19:10:09,959 [WARN] PackLoader:240 - Cannot read IP mode file for STMicroelectronics.X-CUBE-TOF1.3.3.0
2024-03-17 19:10:09,989 [WARN] PackLoader:240 - Cannot read IP mode file for STMicroelectronics.FP-ATR-ASTRA1.1.1.1
2024-03-17 19:10:10,039 [WARN] PackLoader:240 - Cannot read IP mode file for Infineon.AIROC-Wi-Fi-Bluetooth-STM32.1.5.1
2024-03-17 19:10:10,074 [WARN] PackLoader:240 - Cannot read IP mode file for STMicroelectronics.FP-SNS-MOTENVWB1.1.3.1
2024-03-17 19:10:10,132 [WARN] PackLoader:240 - Cannot read IP mode file for STMicroelectronics.X-CUBE-AZRTOS-G4.1.0.0
2024-03-17 19:10:10,198 [WARN] PackLoader:240 - Cannot read IP mode file for STMicroelectronics.X-CUBE-AZRTOS-L4.1.0.0
2024-03-17 19:10:10,222 [WARN] PackLoader:240 - Cannot read IP mode file for STMicroelectronics.X-CUBE-ISPU.2.0.0
2024-03-17 19:10:10,336 [WARN] PackLoader:240 - Cannot read IP mode file for STMicroelectronics.X-CUBE-MEMS1.10.0.0
2024-03-17 19:10:10,518 [WARN] PackLoader:240 - Cannot read IP mode file for STMicroelectronics.X-CUBE-FREERTOS.1.1.0
2024-03-17 19:10:10,565 [WARN] PackLoader:240 - Cannot read IP mode file for STMicroelectronics.X-CUBE-AZRTOS-F7.1.0.0
2024-03-17 19:10:10,605 [WARN] PackLoader:240 - Cannot read IP mode file for STMicroelectronics.X-CUBE-AZRTOS-WL.1.0.0
2024-03-17 19:10:10,678 [WARN] PackLoader:240 - Cannot read IP mode file for STMicroelectronics.X-CUBE-MEMS1.9.1.0
2024-03-17 19:10:10,822 [WARN] PackLoader:240 - Cannot read IP mode file for portGmbH.I-Cube-SoM-uGOAL.1.1.0
2024-03-17 19:10:10,847 [WARN] PackLoader:240 - Cannot read IP mode file for STMicroelectronics.X-CUBE-ALS.1.0.1
2024-03-17 19:10:10,872 [WARN] PackLoader:240 - Cannot read IP mode file for STMicroelectronics.X-CUBE-AI.7.0.0
2024-03-17 19:10:10,911 [WARN] PackLoader:240 - Cannot read IP mode file for STMicroelectronics.X-CUBE-AZRTOS-WB.1.1.0
2024-03-17 19:10:10,957 [WARN] PackLoader:240 - Cannot read IP mode file for STMicroelectronics.X-CUBE-AZRTOS-L5.1.0.0
2024-03-17 19:10:10,978 [WARN] PackLoader:240 - Cannot read IP mode file for STMicroelectronics.X-CUBE-EEPRMA1.3.1.0
2024-03-17 19:10:10,998 [WARN] PackLoader:240 - Cannot read IP mode file for STMicroelectronics.X-CUBE-EEPRMA1.3.1.1
2024-03-17 19:10:11,019 [WARN] PackLoader:240 - Cannot read IP mode file for STMicroelectronics.X-CUBE-GNSS1.5.2.0
2024-03-17 19:10:11,044 [WARN] PackLoader:240 - Cannot read IP mode file for STMicroelectronics.FP-ATR-ASTRA1.2.0.0
2024-03-17 19:10:11,082 [WARN] PackLoader:240 - Cannot read IP mode file for STMicroelectronics.X-CUBE-TOF1.3.4.0
2024-03-17 19:10:11,132 [WARN] PackLoader:240 - Cannot read IP mode file for STMicroelectronics.X-CUBE-TOF1.3.4.1
2024-03-17 19:10:11,198 [WARN] PackLoader:240 - Cannot read IP mode file for STMicroelectronics.X-CUBE-AZRTOS-H7.3.2.0
2024-03-17 19:10:11,202 [INFO] ThirdParty:978 - Integrity check success = true
2024-03-17 19:10:11,203 [INFO] IntegrityCheckThread:100 - exiting critical section [integrity check]
2024-03-17 19:10:11,203 [INFO] IntegrityCheckThread:103 - End integrity checks thread
2024-03-17 19:10:12,304 [INFO] WebApp:161 - Instantiating new browser for Auth
2024-03-17 19:10:13,771 [INFO] WebApp:780 - Register for checkConnection events
2024-03-17 19:10:13,772 [INFO] WebApp:414 - Apply proxy settings
2024-03-17 19:10:13,772 [INFO] WebApp:499 - Chromium requires no authentication
2024-03-17 19:10:13,791 [INFO] WebApp:442 - Direct internet connection detected
2024-03-17 19:10:14,220 [INFO] WebApp:192 - Starting web application
2024-03-17 19:10:14,221 [INFO] WebApp:544 - Web application path used C:\ST\STM32CubeIDE_1.7.0\STM32CubeIDE\plugins\com.st.stm32cube.common.mx_6.10.0.202311202037\db\plugins\mcufinder\reactClient1\index.html
2024-03-17 19:10:36,448 [ERROR] LogOutputStream:75 - [STDERR_REDIRECT] SLF4J: Failed to load class "org.slf4j.impl.StaticLoggerBinder".
2024-03-17 19:10:36,449 [ERROR] LogOutputStream:75 - [STDERR_REDIRECT] SLF4J: Defaulting to no-operation (NOP) logger implementation
2024-03-17 19:10:36,452 [ERROR] LogOutputStream:75 - [STDERR_REDIRECT] SLF4J: See http://www.slf4j.org/codes.html#StaticLoggerBinder for further details.
