20:05:50 **** Incremental Build of configuration Debug for project ChinookSensor_PFE2024 ****
make -j8 all 
arm-none-eabi-gcc "../Core/Src/main.c" -mcpu=cortex-m4 -std=gnu11 -g3 -DDEBUG -DUSE_HAL_DRIVER -DSTM32F446xx -c -I../Core/Inc -I../Drivers/STM32F4xx_HAL_Driver/Inc -I../Drivers/STM32F4xx_HAL_Driver/Inc/Legacy -I../Drivers/CMSIS/Device/ST/STM32F4xx/Include -I../Drivers/CMSIS/Include -I../Sensors/Inc -O0 -ffunction-sections -fdata-sections -Wall -fstack-usage -fcyclomatic-complexity -MMD -MP -MF"Core/Src/main.d" -MT"Core/Src/main.o" --specs=nano.specs -mfpu=fpv4-sp-d16 -mfloat-abi=hard -mthumb -o "Core/Src/main.o"
arm-none-eabi-gcc -o "ChinookSensor_PFE2024.elf" @"objects.list"   -mcpu=cortex-m4 -T"C:\Users\porsc\OneDrive\Documents\ETS\Session11\ELE795\Code\ChinookPCBRotor\code_pfe\ChinookSensor_PFE2024\STM32F446RETX_FLASH.ld" --specs=nosys.specs -Wl,-Map="ChinookSensor_PFE2024.map" -Wl,--gc-sections -static --specs=nano.specs -mfpu=fpv4-sp-d16 -mfloat-abi=hard -mthumb -Wl,--start-group -lc -lm -Wl,--end-group
Finished building target: ChinookSensor_PFE2024.elf
 
arm-none-eabi-size  ChinookSensor_PFE2024.elf 
arm-none-eabi-objdump -h -S ChinookSensor_PFE2024.elf  > "ChinookSensor_PFE2024.list"
   text	   data	    bss	    dec	    hex	filename
  20432	     20	   1980	  22432	   57a0	ChinookSensor_PFE2024.elf
Finished building: default.size.stdout
 
Finished building: ChinookSensor_PFE2024.list
 
20:06:01 **** Incremental Build of configuration Debug for project ChinookSensor_PFE2024 ****
make -j8 all 
arm-none-eabi-size  ChinookSensor_PFE2024.elf 
   text	   data	    bss	    dec	    hex	filename
  20432	     20	   1980	  22432	   57a0	ChinookSensor_PFE2024.elf
Finished building: default.size.stdout
 
20:15:24 **** Incremental Build of configuration Debug for project ChinookSensor_PFE2024 ****
make -j8 all 
arm-none-eabi-size  ChinookSensor_PFE2024.elf 
   text	   data	    bss	    dec	    hex	filename
  20432	     20	   1980	  22432	   57a0	ChinookSensor_PFE2024.elf
Finished building: default.size.stdout
 
