Change Component Parameter Comment in C? Old= New=2.2uF
Replace Symbol from U? 150060VS75000 in C:\Users\thoma\OneDrive\ets\ele795\github\ChinookPCBRotor\altium\chinook_lib_symbol_rotor.SchLib with 150060VS75000 from chinook_lib_symbol_rotor.SchLib
Replace Symbol from U? 430450400 in C:\Users\thoma\OneDrive\ets\ele795\github\ChinookPCBRotor\altium\chinook_lib_symbol_rotor.SchLib with 430450400 from chinook_lib_symbol_rotor.SchLib
Replace Symbol from U? 430450600 in C:\Users\thoma\OneDrive\ets\ele795\github\ChinookPCBRotor\altium\chinook_lib_symbol_rotor.SchLib with 430450600 from chinook_lib_symbol_rotor.SchLib
Replace Symbol from C? CL05A104KA5NNNC in C:\Users\thoma\OneDrive\ets\ele795\github\ChinookPCBRotor\altium\chinook_lib_symbol_rotor.SchLib with CL05A104KA5NNNC from chinook_lib_symbol_rotor.SchLib
Replace Symbol from C? GRM155C80J225KE95D in C:\Users\thoma\OneDrive\ets\ele795\github\ChinookPCBRotor\altium\chinook_lib_symbol_rotor.SchLib with GRM155C80J225KE95D from chinook_lib_symbol_rotor.SchLib
Replace Symbol from C? GRM155R60J106ME15D in C:\Users\thoma\OneDrive\ets\ele795\github\ChinookPCBRotor\altium\chinook_lib_symbol_rotor.SchLib with GRM155R60J106ME15D from chinook_lib_symbol_rotor.SchLib
Replace Symbol from C? GRM155R61E105MA12D in C:\Users\thoma\OneDrive\ets\ele795\github\ChinookPCBRotor\altium\chinook_lib_symbol_rotor.SchLib with GRM155R61E105MA12D from chinook_lib_symbol_rotor.SchLib
Replace Symbol from U? JS202011JCQN in C:\Users\thoma\OneDrive\ets\ele795\github\ChinookPCBRotor\altium\chinook_lib_symbol_rotor.SchLib with JS202011JCQN from chinook_lib_symbol_rotor.SchLib
Replace Symbol from U? MAX488CSA+T in C:\Users\thoma\OneDrive\ets\ele795\github\ChinookPCBRotor\altium\chinook_lib_symbol_rotor.SchLib with MAX488CSA+T from chinook_lib_symbol_rotor.SchLib
Replace Symbol from U? PTS810SJK250SMTRLFS in C:\Users\thoma\OneDrive\ets\ele795\github\ChinookPCBRotor\altium\chinook_lib_symbol_rotor.SchLib with PTS810SJK250SMTRLFS from chinook_lib_symbol_rotor.SchLib
Replace Symbol from R? RC0402FR-071K15L in C:\Users\thoma\OneDrive\ets\ele795\github\ChinookPCBRotor\altium\chinook_lib_symbol_rotor.SchLib with RC0402FR-071K15L from chinook_lib_symbol_rotor.SchLib
Replace Symbol from R? RC0402FR-0766K5L in C:\Users\thoma\OneDrive\ets\ele795\github\ChinookPCBRotor\altium\chinook_lib_symbol_rotor.SchLib with RC0402FR-0766K5L from chinook_lib_symbol_rotor.SchLib
Replace Symbol from R? RC0402FR-0768RL in C:\Users\thoma\OneDrive\ets\ele795\github\ChinookPCBRotor\altium\chinook_lib_symbol_rotor.SchLib with RC0402FR-0768RL from chinook_lib_symbol_rotor.SchLib
Replace Symbol from R? RC0402FR-07100KL in C:\Users\thoma\OneDrive\ets\ele795\github\ChinookPCBRotor\altium\chinook_lib_symbol_rotor.SchLib with RC0402FR-07100KL from chinook_lib_symbol_rotor.SchLib
Replace Symbol from R? RC0402FR-07150RL in C:\Users\thoma\OneDrive\ets\ele795\github\ChinookPCBRotor\altium\chinook_lib_symbol_rotor.SchLib with RC0402FR-07150RL from chinook_lib_symbol_rotor.SchLib
Replace Symbol from R? RC1005F103CS in C:\Users\thoma\OneDrive\ets\ele795\github\ChinookPCBRotor\altium\chinook_lib_symbol_rotor.SchLib with RC1005F103CS from chinook_lib_symbol_rotor.SchLib
Replace Symbol from U? SN65HVD232DR in C:\Users\thoma\OneDrive\ets\ele795\github\ChinookPCBRotor\altium\chinook_lib_symbol_rotor.SchLib with SN65HVD232DR from chinook_lib_symbol_rotor.SchLib
Replace Symbol from U? STM32F446RET6 in C:\Users\thoma\OneDrive\ets\ele795\github\ChinookPCBRotor\altium\chinook_lib_symbol_rotor.SchLib with STM32F446RET6 from chinook_lib_symbol_rotor.SchLib
Replace Symbol from X? TS321ILT in C:\Users\thoma\OneDrive\ets\ele795\github\ChinookPCBRotor\altium\chinook_lib_symbol_rotor.SchLib with TS321ILT from chinook_lib_symbol_rotor.SchLib
