Replace Symbol from C1 CL05A104KA5NNNC in C:\Users\thoma\OneDrive\ets\ele795\github\ChinookPCBRotor\altium\MCU.SchDoc with CL05A104KA5NNNC from chinook_lib_symbol_rotor.SchLib
Replace Symbol from C2 GRM155R61E105MA12D in C:\Users\thoma\OneDrive\ets\ele795\github\ChinookPCBRotor\altium\MCU.SchDoc with GRM155R61E105MA12D from chinook_lib_symbol_rotor.SchLib
Replace Symbol from C3 GRM155R61E105MA12D in C:\Users\thoma\OneDrive\ets\ele795\github\ChinookPCBRotor\altium\MCU.SchDoc with GRM155R61E105MA12D from chinook_lib_symbol_rotor.SchLib
Replace Symbol from C4 GRM155R61E105MA12D in C:\Users\thoma\OneDrive\ets\ele795\github\ChinookPCBRotor\altium\MCU.SchDoc with GRM155R61E105MA12D from chinook_lib_symbol_rotor.SchLib
Replace Symbol from C5 CL05A104KA5NNNC in C:\Users\thoma\OneDrive\ets\ele795\github\ChinookPCBRotor\altium\MCU.SchDoc with CL05A104KA5NNNC from chinook_lib_symbol_rotor.SchLib
Replace Symbol from C6 GRM155R60J106ME15D in C:\Users\thoma\OneDrive\ets\ele795\github\ChinookPCBRotor\altium\MCU.SchDoc with GRM155R60J106ME15D from chinook_lib_symbol_rotor.SchLib
Replace Symbol from C7 GRM155R60J106ME15D in C:\Users\thoma\OneDrive\ets\ele795\github\ChinookPCBRotor\altium\MCU.SchDoc with GRM155R60J106ME15D from chinook_lib_symbol_rotor.SchLib
Replace Symbol from C8 GRM155R60J106ME15D in C:\Users\thoma\OneDrive\ets\ele795\github\ChinookPCBRotor\altium\MCU.SchDoc with GRM155R60J106ME15D from chinook_lib_symbol_rotor.SchLib
Replace Symbol from C9 CL05A104KA5NNNC in C:\Users\thoma\OneDrive\ets\ele795\github\ChinookPCBRotor\altium\MCU.SchDoc with CL05A104KA5NNNC from chinook_lib_symbol_rotor.SchLib
Replace Symbol from C10 CL05A104KA5NNNC in C:\Users\thoma\OneDrive\ets\ele795\github\ChinookPCBRotor\altium\MCU.SchDoc with CL05A104KA5NNNC from chinook_lib_symbol_rotor.SchLib
Replace Symbol from C11 CL05A104KA5NNNC in C:\Users\thoma\OneDrive\ets\ele795\github\ChinookPCBRotor\altium\MCU.SchDoc with CL05A104KA5NNNC from chinook_lib_symbol_rotor.SchLib
Replace Symbol from C12 CL05A104KA5NNNC in C:\Users\thoma\OneDrive\ets\ele795\github\ChinookPCBRotor\altium\MCU.SchDoc with CL05A104KA5NNNC from chinook_lib_symbol_rotor.SchLib
Replace Symbol from C13 CL05A104KA5NNNC in C:\Users\thoma\OneDrive\ets\ele795\github\ChinookPCBRotor\altium\MCU.SchDoc with CL05A104KA5NNNC from chinook_lib_symbol_rotor.SchLib
Replace Symbol from C? GRM155C80J225KE95D in C:\Users\thoma\OneDrive\ets\ele795\github\ChinookPCBRotor\altium\MCU.SchDoc with GRM155C80J225KE95D from chinook_lib_symbol_rotor.SchLib
Replace Symbol from J1 PTS810SJK250SMTRLFS in C:\Users\thoma\OneDrive\ets\ele795\github\ChinookPCBRotor\altium\MCU.SchDoc with PTS810SJK250SMTRLFS from chinook_lib_symbol_rotor.SchLib
Replace Symbol from J2 PTS810SJK250SMTRLFS in C:\Users\thoma\OneDrive\ets\ele795\github\ChinookPCBRotor\altium\MCU.SchDoc with PTS810SJK250SMTRLFS from chinook_lib_symbol_rotor.SchLib
Replace Symbol from J3 PTS810SJK250SMTRLFS in C:\Users\thoma\OneDrive\ets\ele795\github\ChinookPCBRotor\altium\MCU.SchDoc with PTS810SJK250SMTRLFS from chinook_lib_symbol_rotor.SchLib
Replace Symbol from R? RC1005F103CS in C:\Users\thoma\OneDrive\ets\ele795\github\ChinookPCBRotor\altium\MCU.SchDoc with RC1005F103CS from chinook_lib_symbol_rotor.SchLib
Replace Symbol from R? RC1005F103CS in C:\Users\thoma\OneDrive\ets\ele795\github\ChinookPCBRotor\altium\MCU.SchDoc with RC1005F103CS from chinook_lib_symbol_rotor.SchLib
Replace Symbol from R? RC1005F103CS in C:\Users\thoma\OneDrive\ets\ele795\github\ChinookPCBRotor\altium\MCU.SchDoc with RC1005F103CS from chinook_lib_symbol_rotor.SchLib
Replace Symbol from U1 STM32F446RET6 in C:\Users\thoma\OneDrive\ets\ele795\github\ChinookPCBRotor\altium\MCU.SchDoc with STM32F446RET6 from chinook_lib_symbol_rotor.SchLib
Replace Symbol from U1 STM32F446RET6 in C:\Users\thoma\OneDrive\ets\ele795\github\ChinookPCBRotor\altium\MCU.SchDoc with STM32F446RET6 from chinook_lib_symbol_rotor.SchLib
